#
# There is insufficient memory for the Java Runtime Environment to continue.
# Native memory allocation (malloc) failed to allocate 1496544 bytes. Error detail: Chunk::new
# Possible reasons:
#   The system is out of physical RAM or swap space
#   This process is running with CompressedOops enabled, and the Java Heap may be blocking the growth of the native heap
# Possible solutions:
#   Reduce memory load on the system
#   Increase physical memory or swap space
#   Check if swap backing store is full
#   Decrease Java heap size (-Xmx/-Xms)
#   Decrease number of Java threads
#   Decrease Java thread stack sizes (-Xss)
#   Set larger code cache with -XX:ReservedCodeCacheSize=
#   JVM is running with Unscaled Compressed Oops mode in which the Java heap is
#     placed in the first 4GB address space. The Java Heap base address is the
#     maximum limit for the native heap growth. Please use -XX:HeapBaseMinAddress
#     to set the Java Heap base and to place the Java Heap above 4GB virtual address.
# This output file may be truncated or incomplete.
#
#  Out of Memory Error (arena.cpp:168), pid=15532, tid=21924
#
# JRE version: OpenJDK Runtime Environment Temurin-21.0.10+7 (21.0.10+7) (build 21.0.10+7-LTS)
# Java VM: OpenJDK 64-Bit Server VM Temurin-21.0.10+7 (21.0.10+7-LTS, mixed mode, sharing, tiered, compressed oops, compressed class ptrs, parallel gc, windows-amd64)
# No core dump will be written. Minidumps are not enabled by default on client versions of Windows
#

---------------  S U M M A R Y ------------

Command Line: --add-modules=ALL-SYSTEM --add-opens=java.base/java.util=ALL-UNNAMED --add-opens=java.base/java.lang=ALL-UNNAMED --add-opens=java.base/sun.nio.fs=ALL-UNNAMED -Declipse.application=org.eclipse.jdt.ls.core.id1 -Dosgi.bundles.defaultStartLevel=4 -Declipse.product=org.eclipse.jdt.ls.core.product -Djava.import.generatesMetadataFilesAtProjectRoot=false -DDetectVMInstallationsJob.disabled=true -Dfile.encoding=utf8 -XX:+UseParallelGC -XX:GCTimeRatio=4 -XX:AdaptiveSizePolicyWeight=90 -Dsun.zip.disableMemoryMapping=true -Xmx2G -Xms100m -Xlog:disable -javaagent:c:\Users\DELL\.antigravity\extensions\redhat.java-1.54.0-win32-x64\lombok\lombok-1.18.39-4050.jar c:\Users\DELL\.antigravity\extensions\redhat.java-1.54.0-win32-x64\server\plugins\org.eclipse.equinox.launcher_1.7.100.v20251111-0406.jar -configuration c:\Users\DELL\AppData\Roaming\Antigravity\User\globalStorage\redhat.java\1.54.0\config_ss_win -data c:\Users\DELL\AppData\Roaming\Antigravity\User\workspaceStorage\3b40813f995962a58d50bacd828bc1b9\redhat.java\ss_ws --pipe=\\.\pipe\lsp-215326dc9bd9b113366d6f2c5f797457-sock

Host: Intel(R) Core(TM) i3-1005G1 CPU @ 1.20GHz, 4 cores, 7G,  Windows 11 , 64 bit Build 26100 (10.0.26100.7705)
Time: Sun Apr 19 15:54:54 2026 India Standard Time elapsed time: 48.091116 seconds (0d 0h 0m 48s)

---------------  T H R E A D  ---------------

Current thread (0x0000027bc888b290):  JavaThread "C2 CompilerThread0" daemon [_thread_in_native, id=21924, stack(0x000000ac38f00000,0x000000ac39000000) (1024K)]


Current CompileTask:
C2:48091 5143 %     4       org.lombokweb.asm.ClassReader::readCode @ 2037 (5117 bytes)

Stack: [0x000000ac38f00000,0x000000ac39000000]
Native frames: (J=compiled Java code, j=interpreted, Vv=VM code, C=native code)
V  [jvm.dll+0x6d7a39]
V  [jvm.dll+0x8b4b26]
V  [jvm.dll+0x8b70de]
V  [jvm.dll+0x8b77c3]
V  [jvm.dll+0x284346]
V  [jvm.dll+0xc66ed]
V  [jvm.dll+0xc6c31]
V  [jvm.dll+0x3bec3b]
V  [jvm.dll+0x1e3d62]
V  [jvm.dll+0x24c6b3]
V  [jvm.dll+0x24bb40]
V  [jvm.dll+0x1cb34e]
V  [jvm.dll+0x25b85d]
V  [jvm.dll+0x259dea]
V  [jvm.dll+0x3f857e]
V  [jvm.dll+0x85f59d]
V  [jvm.dll+0x6d626d]
C  [ucrtbase.dll+0x37b0]
C  [KERNEL32.DLL+0x2e8d7]
C  [ntdll.dll+0x8c40c]


---------------  P R O C E S S  ---------------

Threads class SMR info:
_java_thread_list=0x0000027be4083140, length=29, elements={
0x0000027bc898d4a0, 0x0000027bc88807a0, 0x0000027bc88835b0, 0x0000027bc8888050,
0x0000027bc8888d10, 0x0000027bc88899f0, 0x0000027bc888a450, 0x0000027bc888b290,
0x0000027bc8904760, 0x0000027be419b7c0, 0x0000027be41c3840, 0x0000027be4d7a570,
0x0000027be452a950, 0x0000027be49db010, 0x0000027be4855620, 0x0000027be4eeb960,
0x0000027be56be010, 0x0000027be43422c0, 0x0000027be46a6860, 0x0000027be46a6ef0,
0x0000027be46a61d0, 0x0000027be46a7580, 0x0000027be4820470, 0x0000027be4820b00,
0x0000027be481e3a0, 0x0000027be481d680, 0x0000027be481ea30, 0x0000027be481f0c0,
0x0000027be4eb2d90
}

Java Threads: ( => current thread )
  0x0000027bc898d4a0 JavaThread "main"                              [_thread_blocked, id=22484, stack(0x000000ac38500000,0x000000ac38600000) (1024K)]
  0x0000027bc88807a0 JavaThread "Reference Handler"          daemon [_thread_blocked, id=15420, stack(0x000000ac38900000,0x000000ac38a00000) (1024K)]
  0x0000027bc88835b0 JavaThread "Finalizer"                  daemon [_thread_blocked, id=23292, stack(0x000000ac38a00000,0x000000ac38b00000) (1024K)]
  0x0000027bc8888050 JavaThread "Signal Dispatcher"          daemon [_thread_blocked, id=12596, stack(0x000000ac38b00000,0x000000ac38c00000) (1024K)]
  0x0000027bc8888d10 JavaThread "Attach Listener"            daemon [_thread_blocked, id=15724, stack(0x000000ac38c00000,0x000000ac38d00000) (1024K)]
  0x0000027bc88899f0 JavaThread "Service Thread"             daemon [_thread_blocked, id=16336, stack(0x000000ac38d00000,0x000000ac38e00000) (1024K)]
  0x0000027bc888a450 JavaThread "Monitor Deflation Thread"   daemon [_thread_blocked, id=6376, stack(0x000000ac38e00000,0x000000ac38f00000) (1024K)]
=>0x0000027bc888b290 JavaThread "C2 CompilerThread0"         daemon [_thread_in_native, id=21924, stack(0x000000ac38f00000,0x000000ac39000000) (1024K)]
  0x0000027bc8904760 JavaThread "C1 CompilerThread0"         daemon [_thread_blocked, id=3984, stack(0x000000ac39000000,0x000000ac39100000) (1024K)]
  0x0000027be419b7c0 JavaThread "Common-Cleaner"             daemon [_thread_blocked, id=12688, stack(0x000000ac39100000,0x000000ac39200000) (1024K)]
  0x0000027be41c3840 JavaThread "Notification Thread"        daemon [_thread_blocked, id=15692, stack(0x000000ac39200000,0x000000ac39300000) (1024K)]
  0x0000027be4d7a570 JavaThread "Active Thread: Equinox Container: 3995d59f-d5cc-474c-84ca-ca135817b636"        [_thread_blocked, id=21100, stack(0x000000ac39600000,0x000000ac39700000) (1024K)]
  0x0000027be452a950 JavaThread "Framework Event Dispatcher: Equinox Container: 3995d59f-d5cc-474c-84ca-ca135817b636" daemon [_thread_blocked, id=1064, stack(0x000000ac39700000,0x000000ac39800000) (1024K)]
  0x0000027be49db010 JavaThread "Start Level: Equinox Container: 3995d59f-d5cc-474c-84ca-ca135817b636" daemon [_thread_blocked, id=20044, stack(0x000000ac39800000,0x000000ac39900000) (1024K)]
  0x0000027be4855620 JavaThread "SCR Component Actor"        daemon [_thread_blocked, id=18192, stack(0x000000ac39900000,0x000000ac39a00000) (1024K)]
  0x0000027be4eeb960 JavaThread "Worker-JM"                         [_thread_blocked, id=16048, stack(0x000000ac39a00000,0x000000ac39b00000) (1024K)]
  0x0000027be56be010 JavaThread "JNA Cleaner"                daemon [_thread_blocked, id=19028, stack(0x000000ac39b00000,0x000000ac39c00000) (1024K)]
  0x0000027be43422c0 JavaThread "Worker-0: Publish Diagnostics"        [_thread_in_vm, id=14324, stack(0x000000ac39c00000,0x000000ac39d00000) (1024K)]
  0x0000027be46a6860 JavaThread "Worker-1"                          [_thread_blocked, id=7532, stack(0x000000ac39d00000,0x000000ac39e00000) (1024K)]
  0x0000027be46a6ef0 JavaThread "Worker-2"                          [_thread_blocked, id=17844, stack(0x000000ac39f00000,0x000000ac3a000000) (1024K)]
  0x0000027be46a61d0 JavaThread "Thread-1"                   daemon [_thread_in_native, id=2076, stack(0x000000ac3a100000,0x000000ac3a200000) (1024K)]
  0x0000027be46a7580 JavaThread "Thread-2"                   daemon [_thread_in_native, id=16352, stack(0x000000ac3a200000,0x000000ac3a300000) (1024K)]
  0x0000027be4820470 JavaThread "Thread-3"                   daemon [_thread_in_native, id=15212, stack(0x000000ac3a300000,0x000000ac3a400000) (1024K)]
  0x0000027be4820b00 JavaThread "Thread-4"                   daemon [_thread_in_native, id=16284, stack(0x000000ac3a400000,0x000000ac3a500000) (1024K)]
  0x0000027be481e3a0 JavaThread "Thread-5"                   daemon [_thread_in_native, id=9908, stack(0x000000ac3a500000,0x000000ac3a600000) (1024K)]
  0x0000027be481d680 JavaThread "pool-2-thread-1"                   [_thread_blocked, id=6900, stack(0x000000ac3a600000,0x000000ac3a700000) (1024K)]
  0x0000027be481ea30 JavaThread "WorkspaceEventsHandler"            [_thread_blocked, id=15604, stack(0x000000ac3a700000,0x000000ac3a800000) (1024K)]
  0x0000027be481f0c0 JavaThread "pool-1-thread-1"                   [_thread_in_Java, id=17160, stack(0x000000ac3a800000,0x000000ac3a900000) (1024K)]
  0x0000027be4eb2d90 JavaThread "C2 CompilerThread1"         daemon [_thread_in_native, id=14856, stack(0x000000ac38300000,0x000000ac38400000) (1024K)]
Total: 29

Other Threads:
  0x0000027bc8a4d510 VMThread "VM Thread"                           [id=15028, stack(0x000000ac38800000,0x000000ac38900000) (1024K)]
  0x0000027bc89f84f0 WatcherThread "VM Periodic Task Thread"        [id=15536, stack(0x000000ac38700000,0x000000ac38800000) (1024K)]
  0x0000027bc89ac110 WorkerThread "GC Thread#0"                     [id=3696, stack(0x000000ac38600000,0x000000ac38700000) (1024K)]
  0x0000027be48ef470 WorkerThread "GC Thread#1"                     [id=2312, stack(0x000000ac39300000,0x000000ac39400000) (1024K)]
  0x0000027be4798650 WorkerThread "GC Thread#2"                     [id=1268, stack(0x000000ac39400000,0x000000ac39500000) (1024K)]
  0x0000027be4798a00 WorkerThread "GC Thread#3"                     [id=17972, stack(0x000000ac39500000,0x000000ac39600000) (1024K)]
Total: 6

Threads with active compile tasks:
C2 CompilerThread0  48149 5143 %     4       org.lombokweb.asm.ClassReader::readCode @ 2037 (5117 bytes)
C2 CompilerThread1  48149 5127       4       org.lombokweb.asm.ClassReader::readMethod (1070 bytes)
Total: 2

VM state: not at safepoint (normal execution)

VM Mutex/Monitor currently owned by a thread: None

Heap address: 0x0000000080000000, size: 2048 MB, Compressed Oops mode: 32-bit

CDS archive(s) mapped at: [0x0000027b80000000-0x0000027b80ba0000-0x0000027b80ba0000), size 12189696, SharedBaseAddress: 0x0000027b80000000, ArchiveRelocationMode: 1.
Compressed class space mapped at: 0x0000027b81000000-0x0000027bc1000000, reserved size: 1073741824
Narrow klass base: 0x0000027b80000000, Narrow klass shift: 0, Narrow klass range: 0x100000000

GC Precious Log:
 CardTable entry size: 512
 CPUs: 4 total, 4 available
 Memory: 7959M
 Large Page Support: Disabled
 NUMA Support: Disabled
 Compressed Oops: Enabled (32-bit)
 Alignments: Space 512K, Generation 512K, Heap 2M
 Heap Min Capacity: 100M
 Heap Initial Capacity: 100M
 Heap Max Capacity: 2G
 Pre-touch: Disabled
 Parallel Workers: 4

Heap:
 PSYoungGen      total 23040K, used 9562K [0x00000000d5580000, 0x00000000d7000000, 0x0000000100000000)
  eden space 22016K, 38% used [0x00000000d5580000,0x00000000d5dd93c8,0x00000000d6b00000)
  from space 1024K, 99% used [0x00000000d6c00000,0x00000000d6cffd08,0x00000000d6d00000)
  to   space 2560K, 0% used [0x00000000d6d80000,0x00000000d6d80000,0x00000000d7000000)
 ParOldGen       total 68608K, used 33155K [0x0000000080000000, 0x0000000084300000, 0x00000000d5580000)
  object space 68608K, 48% used [0x0000000080000000,0x0000000082060f70,0x0000000084300000)
 Metaspace       used 37982K, committed 38976K, reserved 1114112K
  class space    used 3837K, committed 4288K, reserved 1048576K

Card table byte_map: [0x0000027bc8330000,0x0000027bc8740000] _byte_map_base: 0x0000027bc7f30000

Marking Bits: (ParMarkBitMap*) 0x00007ff9b9513450
 Begin Bits: [0x0000027bdae40000, 0x0000027bdce40000)
 End Bits:   [0x0000027bdce40000, 0x0000027bdee40000)

Polling page: 0x0000027bc6720000

Metaspace:

Usage:
  Non-class:     33.35 MB used.
      Class:      3.75 MB used.
       Both:     37.10 MB used.

Virtual space:
  Non-class space:       64.00 MB reserved,      33.88 MB ( 53%) committed,  1 nodes.
      Class space:        1.00 GB reserved,       4.19 MB ( <1%) committed,  1 nodes.
             Both:        1.06 GB reserved,      38.06 MB (  3%) committed. 

Chunk freelists:
   Non-Class:  13.53 MB
       Class:  11.80 MB
        Both:  25.33 MB

MaxMetaspaceSize: unlimited
CompressedClassSpaceSize: 1.00 GB
Initial GC threshold: 21.00 MB
Current GC threshold: 58.38 MB
CDS: on
 - commit_granule_bytes: 65536.
 - commit_granule_words: 8192.
 - virtual_space_node_default_size: 8388608.
 - enlarge_chunks_in_place: 1.
 - use_allocation_guard: 0.


Internal statistics:

num_allocs_failed_limit: 6.
num_arena_births: 750.
num_arena_deaths: 14.
num_vsnodes_births: 2.
num_vsnodes_deaths: 0.
num_space_committed: 609.
num_space_uncommitted: 0.
num_chunks_returned_to_freelist: 20.
num_chunks_taken_from_freelist: 2289.
num_chunk_merges: 12.
num_chunk_splits: 1487.
num_chunks_enlarged: 958.
num_inconsistent_stats: 0.

CodeHeap 'non-profiled nmethods': size=120000Kb used=2978Kb max_used=2978Kb free=117021Kb
 bounds [0x0000027bd3660000, 0x0000027bd3950000, 0x0000027bdab90000]
CodeHeap 'profiled nmethods': size=120000Kb used=10092Kb max_used=10092Kb free=109907Kb
 bounds [0x0000027bcbb90000, 0x0000027bcc580000, 0x0000027bd30c0000]
CodeHeap 'non-nmethods': size=5760Kb used=1392Kb max_used=1423Kb free=4367Kb
 bounds [0x0000027bd30c0000, 0x0000027bd3330000, 0x0000027bd3660000]
CodeCache: size=245760Kb, used=14462Kb, max_used=14493Kb, free=231295Kb
 total_blobs=5454, nmethods=4767, adapters=593, full_count=0
Compilation: enabled, stopped_count=0, restarted_count=0

Compilation events (20 events):
Event: 47.866 Thread 0x0000027bc8904760 5144       3       lombok.patcher.MethodLogistics::sizeOf (46 bytes)
Event: 47.867 Thread 0x0000027bc8904760 nmethod 5144 0x0000027bcbbedd10 code [0x0000027bcbbedf20, 0x0000027bcbbee560]
Event: 47.873 Thread 0x0000027bc888b290 nmethod 5142 0x0000027bd3773c10 code [0x0000027bd3773ea0, 0x0000027bd3774eb8]
Event: 47.874 Thread 0x0000027bc888b290 5143 %     4       org.lombokweb.asm.ClassReader::readCode @ 2037 (5117 bytes)
Event: 47.990 Thread 0x0000027bc8904760 5147       3       org.lombokweb.asm.SymbolTable::getConstantMethodHandleSymbolData (16 bytes)
Event: 47.990 Thread 0x0000027bc8904760 nmethod 5147 0x0000027bcbc52890 code [0x0000027bcbc52a40, 0x0000027bcbc52bc0]
Event: 48.007 Thread 0x0000027bc8904760 5148       3       org.lombokweb.asm.SymbolTable::hash (23 bytes)
Event: 48.008 Thread 0x0000027bc8904760 nmethod 5148 0x0000027bcbc52290 code [0x0000027bcbc52460, 0x0000027bcbc52628]
Event: 48.039 Thread 0x0000027bc8904760 5150       3       org.lombokweb.asm.MethodWriter::visitCode (1 bytes)
Event: 48.039 Thread 0x0000027bc8904760 nmethod 5150 0x0000027bcbc6a390 code [0x0000027bcbc6a520, 0x0000027bcbc6a628]
Event: 48.048 Thread 0x0000027bc8904760 5151       3       org.lombokweb.asm.MethodWriter::visitMaxs (60 bytes)
Event: 48.048 Thread 0x0000027bc8904760 nmethod 5151 0x0000027bcbbed790 code [0x0000027bcbbed960, 0x0000027bcbbedc18]
Event: 48.053 Thread 0x0000027bc8904760 5152       3       org.lombokweb.asm.MethodWriter::visitEnd (1 bytes)
Event: 48.053 Thread 0x0000027bc8904760 nmethod 5152 0x0000027bcbc7b510 code [0x0000027bcbc7b6a0, 0x0000027bcbc7b7a8]
Event: 48.062 Thread 0x0000027bc8904760 5153       3       lombok.patcher.MethodLogistics::loadOpcodeFor (145 bytes)
Event: 48.063 Thread 0x0000027bc8904760 nmethod 5153 0x0000027bcc026710 code [0x0000027bcc0269c0, 0x0000027bcc027638]
Event: 48.063 Thread 0x0000027bc8904760 5154       3       lombok.patcher.MethodLogistics::generateLoadOpcodeForParam (37 bytes)
Event: 48.064 Thread 0x0000027bc8904760 nmethod 5154 0x0000027bcbbece10 code [0x0000027bcbbed000, 0x0000027bcbbed5b8]
Event: 48.079 Thread 0x0000027bc8904760 5155       3       org.eclipse.jdt.internal.core.SourceRefElement::equals (40 bytes)
Event: 48.079 Thread 0x0000027bc8904760 nmethod 5155 0x0000027bcbbec510 code [0x0000027bcbbec6e0, 0x0000027bcbbecb18]

GC Heap History (20 events):
Event: 35.559 GC heap before
{Heap before GC invocations=12 (full 1):
 PSYoungGen      total 24576K, used 24254K [0x00000000d5580000, 0x00000000d7280000, 0x0000000100000000)
  eden space 22528K, 100% used [0x00000000d5580000,0x00000000d6b80000,0x00000000d6b80000)
  from space 2048K, 84% used [0x00000000d7080000,0x00000000d722f818,0x00000000d7280000)
  to   space 2560K, 0% used [0x00000000d6d80000,0x00000000d6d80000,0x00000000d7000000)
 ParOldGen       total 68608K, used 17834K [0x0000000080000000, 0x0000000084300000, 0x00000000d5580000)
  object space 68608K, 25% used [0x0000000080000000,0x000000008116abd0,0x0000000084300000)
 Metaspace       used 31992K, committed 32832K, reserved 1114112K
  class space    used 3195K, committed 3584K, reserved 1048576K
}
Event: 35.570 GC heap after
{Heap after GC invocations=12 (full 1):
 PSYoungGen      total 24576K, used 2240K [0x00000000d5580000, 0x00000000d7100000, 0x0000000100000000)
  eden space 22016K, 0% used [0x00000000d5580000,0x00000000d5580000,0x00000000d6b00000)
  from space 2560K, 87% used [0x00000000d6d80000,0x00000000d6fb0030,0x00000000d7000000)
  to   space 1024K, 0% used [0x00000000d7000000,0x00000000d7000000,0x00000000d7100000)
 ParOldGen       total 68608K, used 19425K [0x0000000080000000, 0x0000000084300000, 0x00000000d5580000)
  object space 68608K, 28% used [0x0000000080000000,0x00000000812f8428,0x0000000084300000)
 Metaspace       used 31992K, committed 32832K, reserved 1114112K
  class space    used 3195K, committed 3584K, reserved 1048576K
}
Event: 37.916 GC heap before
{Heap before GC invocations=13 (full 1):
 PSYoungGen      total 24576K, used 24256K [0x00000000d5580000, 0x00000000d7100000, 0x0000000100000000)
  eden space 22016K, 100% used [0x00000000d5580000,0x00000000d6b00000,0x00000000d6b00000)
  from space 2560K, 87% used [0x00000000d6d80000,0x00000000d6fb0030,0x00000000d7000000)
  to   space 1024K, 0% used [0x00000000d7000000,0x00000000d7000000,0x00000000d7100000)
 ParOldGen       total 68608K, used 19425K [0x0000000080000000, 0x0000000084300000, 0x00000000d5580000)
  object space 68608K, 28% used [0x0000000080000000,0x00000000812f8428,0x0000000084300000)
 Metaspace       used 32372K, committed 33280K, reserved 1114112K
  class space    used 3251K, committed 3648K, reserved 1048576K
}
Event: 37.923 GC heap after
{Heap after GC invocations=13 (full 1):
 PSYoungGen      total 23040K, used 1009K [0x00000000d5580000, 0x00000000d7500000, 0x0000000100000000)
  eden space 22016K, 0% used [0x00000000d5580000,0x00000000d5580000,0x00000000d6b00000)
  from space 1024K, 98% used [0x00000000d7000000,0x00000000d70fc420,0x00000000d7100000)
  to   space 5120K, 0% used [0x00000000d6b00000,0x00000000d6b00000,0x00000000d7000000)
 ParOldGen       total 68608K, used 22985K [0x0000000080000000, 0x0000000084300000, 0x00000000d5580000)
  object space 68608K, 33% used [0x0000000080000000,0x0000000081672468,0x0000000084300000)
 Metaspace       used 32372K, committed 33280K, reserved 1114112K
  class space    used 3251K, committed 3648K, reserved 1048576K
}
Event: 38.627 GC heap before
{Heap before GC invocations=14 (full 1):
 PSYoungGen      total 23040K, used 23025K [0x00000000d5580000, 0x00000000d7500000, 0x0000000100000000)
  eden space 22016K, 100% used [0x00000000d5580000,0x00000000d6b00000,0x00000000d6b00000)
  from space 1024K, 98% used [0x00000000d7000000,0x00000000d70fc420,0x00000000d7100000)
  to   space 5120K, 0% used [0x00000000d6b00000,0x00000000d6b00000,0x00000000d7000000)
 ParOldGen       total 68608K, used 22985K [0x0000000080000000, 0x0000000084300000, 0x00000000d5580000)
  object space 68608K, 33% used [0x0000000080000000,0x0000000081672468,0x0000000084300000)
 Metaspace       used 32385K, committed 33280K, reserved 1114112K
  class space    used 3251K, committed 3648K, reserved 1048576K
}
Event: 38.636 GC heap after
{Heap after GC invocations=14 (full 1):
 PSYoungGen      total 25088K, used 2594K [0x00000000d5580000, 0x00000000d7200000, 0x0000000100000000)
  eden space 22016K, 0% used [0x00000000d5580000,0x00000000d5580000,0x00000000d6b00000)
  from space 3072K, 84% used [0x00000000d6b00000,0x00000000d6d88810,0x00000000d6e00000)
  to   space 3584K, 0% used [0x00000000d6e80000,0x00000000d6e80000,0x00000000d7200000)
 ParOldGen       total 68608K, used 23892K [0x0000000080000000, 0x0000000084300000, 0x00000000d5580000)
  object space 68608K, 34% used [0x0000000080000000,0x0000000081755160,0x0000000084300000)
 Metaspace       used 32385K, committed 33280K, reserved 1114112K
  class space    used 3251K, committed 3648K, reserved 1048576K
}
Event: 39.697 GC heap before
{Heap before GC invocations=15 (full 1):
 PSYoungGen      total 25088K, used 24610K [0x00000000d5580000, 0x00000000d7200000, 0x0000000100000000)
  eden space 22016K, 100% used [0x00000000d5580000,0x00000000d6b00000,0x00000000d6b00000)
  from space 3072K, 84% used [0x00000000d6b00000,0x00000000d6d88810,0x00000000d6e00000)
  to   space 3584K, 0% used [0x00000000d6e80000,0x00000000d6e80000,0x00000000d7200000)
 ParOldGen       total 68608K, used 23892K [0x0000000080000000, 0x0000000084300000, 0x00000000d5580000)
  object space 68608K, 34% used [0x0000000080000000,0x0000000081755160,0x0000000084300000)
 Metaspace       used 32390K, committed 33280K, reserved 1114112K
  class space    used 3251K, committed 3648K, reserved 1048576K
}
Event: 39.704 GC heap after
{Heap after GC invocations=15 (full 1):
 PSYoungGen      total 24576K, used 2468K [0x00000000d5580000, 0x00000000d7100000, 0x0000000100000000)
  eden space 22016K, 0% used [0x00000000d5580000,0x00000000d5580000,0x00000000d6b00000)
  from space 2560K, 96% used [0x00000000d6e80000,0x00000000d70e9000,0x00000000d7100000)
  to   space 3072K, 0% used [0x00000000d6b00000,0x00000000d6b00000,0x00000000d6e00000)
 ParOldGen       total 68608K, used 26258K [0x0000000080000000, 0x0000000084300000, 0x00000000d5580000)
  object space 68608K, 38% used [0x0000000080000000,0x00000000819a4b20,0x0000000084300000)
 Metaspace       used 32390K, committed 33280K, reserved 1114112K
  class space    used 3251K, committed 3648K, reserved 1048576K
}
Event: 40.834 GC heap before
{Heap before GC invocations=16 (full 1):
 PSYoungGen      total 24576K, used 24484K [0x00000000d5580000, 0x00000000d7100000, 0x0000000100000000)
  eden space 22016K, 100% used [0x00000000d5580000,0x00000000d6b00000,0x00000000d6b00000)
  from space 2560K, 96% used [0x00000000d6e80000,0x00000000d70e9000,0x00000000d7100000)
  to   space 3072K, 0% used [0x00000000d6b00000,0x00000000d6b00000,0x00000000d6e00000)
 ParOldGen       total 68608K, used 26258K [0x0000000080000000, 0x0000000084300000, 0x00000000d5580000)
  object space 68608K, 38% used [0x0000000080000000,0x00000000819a4b20,0x0000000084300000)
 Metaspace       used 32425K, committed 33344K, reserved 1114112K
  class space    used 3251K, committed 3648K, reserved 1048576K
}
Event: 40.841 GC heap after
{Heap after GC invocations=16 (full 1):
 PSYoungGen      total 24576K, used 2400K [0x00000000d5580000, 0x00000000d7000000, 0x0000000100000000)
  eden space 22016K, 0% used [0x00000000d5580000,0x00000000d5580000,0x00000000d6b00000)
  from space 2560K, 93% used [0x00000000d6b00000,0x00000000d6d58010,0x00000000d6d80000)
  to   space 2560K, 0% used [0x00000000d6d80000,0x00000000d6d80000,0x00000000d7000000)
 ParOldGen       total 68608K, used 28648K [0x0000000080000000, 0x0000000084300000, 0x00000000d5580000)
  object space 68608K, 41% used [0x0000000080000000,0x0000000081bfa148,0x0000000084300000)
 Metaspace       used 32425K, committed 33344K, reserved 1114112K
  class space    used 3251K, committed 3648K, reserved 1048576K
}
Event: 42.914 GC heap before
{Heap before GC invocations=17 (full 1):
 PSYoungGen      total 24576K, used 24416K [0x00000000d5580000, 0x00000000d7000000, 0x0000000100000000)
  eden space 22016K, 100% used [0x00000000d5580000,0x00000000d6b00000,0x00000000d6b00000)
  from space 2560K, 93% used [0x00000000d6b00000,0x00000000d6d58010,0x00000000d6d80000)
  to   space 2560K, 0% used [0x00000000d6d80000,0x00000000d6d80000,0x00000000d7000000)
 ParOldGen       total 68608K, used 28648K [0x0000000080000000, 0x0000000084300000, 0x00000000d5580000)
  object space 68608K, 41% used [0x0000000080000000,0x0000000081bfa148,0x0000000084300000)
 Metaspace       used 33605K, committed 34432K, reserved 1114112K
  class space    used 3402K, committed 3776K, reserved 1048576K
}
Event: 42.926 GC heap after
{Heap after GC invocations=17 (full 1):
 PSYoungGen      total 24064K, used 1739K [0x00000000d5580000, 0x00000000d6f80000, 0x0000000100000000)
  eden space 22016K, 0% used [0x00000000d5580000,0x00000000d5580000,0x00000000d6b00000)
  from space 2048K, 84% used [0x00000000d6d80000,0x00000000d6f32e68,0x00000000d6f80000)
  to   space 2048K, 0% used [0x00000000d6b80000,0x00000000d6b80000,0x00000000d6d80000)
 ParOldGen       total 68608K, used 30992K [0x0000000080000000, 0x0000000084300000, 0x00000000d5580000)
  object space 68608K, 45% used [0x0000000080000000,0x0000000081e44158,0x0000000084300000)
 Metaspace       used 33605K, committed 34432K, reserved 1114112K
  class space    used 3402K, committed 3776K, reserved 1048576K
}
Event: 44.217 GC heap before
{Heap before GC invocations=18 (full 1):
 PSYoungGen      total 24064K, used 22799K [0x00000000d5580000, 0x00000000d6f80000, 0x0000000100000000)
  eden space 22016K, 95% used [0x00000000d5580000,0x00000000d6a11168,0x00000000d6b00000)
  from space 2048K, 84% used [0x00000000d6d80000,0x00000000d6f32e68,0x00000000d6f80000)
  to   space 2048K, 0% used [0x00000000d6b80000,0x00000000d6b80000,0x00000000d6d80000)
 ParOldGen       total 68608K, used 30992K [0x0000000080000000, 0x0000000084300000, 0x00000000d5580000)
  object space 68608K, 45% used [0x0000000080000000,0x0000000081e44158,0x0000000084300000)
 Metaspace       used 35009K, committed 35840K, reserved 1114112K
  class space    used 3578K, committed 3968K, reserved 1048576K
}
Event: 44.221 GC heap after
{Heap after GC invocations=18 (full 1):
 PSYoungGen      total 22528K, used 416K [0x00000000d5580000, 0x00000000d6e00000, 0x0000000100000000)
  eden space 22016K, 0% used [0x00000000d5580000,0x00000000d5580000,0x00000000d6b00000)
  from space 512K, 81% used [0x00000000d6b80000,0x00000000d6be8010,0x00000000d6c00000)
  to   space 1024K, 0% used [0x00000000d6d00000,0x00000000d6d00000,0x00000000d6e00000)
 ParOldGen       total 68608K, used 32616K [0x0000000080000000, 0x0000000084300000, 0x00000000d5580000)
  object space 68608K, 47% used [0x0000000080000000,0x0000000081fda1d0,0x0000000084300000)
 Metaspace       used 35009K, committed 35840K, reserved 1114112K
  class space    used 3578K, committed 3968K, reserved 1048576K
}
Event: 44.221 GC heap before
{Heap before GC invocations=19 (full 2):
 PSYoungGen      total 22528K, used 416K [0x00000000d5580000, 0x00000000d6e00000, 0x0000000100000000)
  eden space 22016K, 0% used [0x00000000d5580000,0x00000000d5580000,0x00000000d6b00000)
  from space 512K, 81% used [0x00000000d6b80000,0x00000000d6be8010,0x00000000d6c00000)
  to   space 1024K, 0% used [0x00000000d6d00000,0x00000000d6d00000,0x00000000d6e00000)
 ParOldGen       total 68608K, used 32616K [0x0000000080000000, 0x0000000084300000, 0x00000000d5580000)
  object space 68608K, 47% used [0x0000000080000000,0x0000000081fda1d0,0x0000000084300000)
 Metaspace       used 35009K, committed 35840K, reserved 1114112K
  class space    used 3578K, committed 3968K, reserved 1048576K
}
Event: 44.323 GC heap after
{Heap after GC invocations=19 (full 2):
 PSYoungGen      total 22528K, used 0K [0x00000000d5580000, 0x00000000d6e00000, 0x0000000100000000)
  eden space 22016K, 0% used [0x00000000d5580000,0x00000000d5580000,0x00000000d6b00000)
  from space 512K, 0% used [0x00000000d6b80000,0x00000000d6b80000,0x00000000d6c00000)
  to   space 1024K, 0% used [0x00000000d6d00000,0x00000000d6d00000,0x00000000d6e00000)
 ParOldGen       total 68608K, used 32081K [0x0000000080000000, 0x0000000084300000, 0x00000000d5580000)
  object space 68608K, 46% used [0x0000000080000000,0x0000000081f54640,0x0000000084300000)
 Metaspace       used 35009K, committed 35840K, reserved 1114112K
  class space    used 3578K, committed 3968K, reserved 1048576K
}
Event: 46.558 GC heap before
{Heap before GC invocations=20 (full 2):
 PSYoungGen      total 22528K, used 22016K [0x00000000d5580000, 0x00000000d6e00000, 0x0000000100000000)
  eden space 22016K, 100% used [0x00000000d5580000,0x00000000d6b00000,0x00000000d6b00000)
  from space 512K, 0% used [0x00000000d6b80000,0x00000000d6b80000,0x00000000d6c00000)
  to   space 1024K, 0% used [0x00000000d6d00000,0x00000000d6d00000,0x00000000d6e00000)
 ParOldGen       total 68608K, used 32081K [0x0000000080000000, 0x0000000084300000, 0x00000000d5580000)
  object space 68608K, 46% used [0x0000000080000000,0x0000000081f54640,0x0000000084300000)
 Metaspace       used 36779K, committed 37696K, reserved 1114112K
  class space    used 3781K, committed 4224K, reserved 1048576K
}
Event: 46.561 GC heap after
{Heap after GC invocations=20 (full 2):
 PSYoungGen      total 23040K, used 672K [0x00000000d5580000, 0x00000000d6e00000, 0x0000000100000000)
  eden space 22016K, 0% used [0x00000000d5580000,0x00000000d5580000,0x00000000d6b00000)
  from space 1024K, 65% used [0x00000000d6d00000,0x00000000d6da8010,0x00000000d6e00000)
  to   space 1024K, 0% used [0x00000000d6c00000,0x00000000d6c00000,0x00000000d6d00000)
 ParOldGen       total 68608K, used 32089K [0x0000000080000000, 0x0000000084300000, 0x00000000d5580000)
  object space 68608K, 46% used [0x0000000080000000,0x0000000081f56640,0x0000000084300000)
 Metaspace       used 36779K, committed 37696K, reserved 1114112K
  class space    used 3781K, committed 4224K, reserved 1048576K
}
Event: 47.508 GC heap before
{Heap before GC invocations=21 (full 2):
 PSYoungGen      total 23040K, used 22542K [0x00000000d5580000, 0x00000000d6e00000, 0x0000000100000000)
  eden space 22016K, 99% used [0x00000000d5580000,0x00000000d6adb868,0x00000000d6b00000)
  from space 1024K, 65% used [0x00000000d6d00000,0x00000000d6da8010,0x00000000d6e00000)
  to   space 1024K, 0% used [0x00000000d6c00000,0x00000000d6c00000,0x00000000d6d00000)
 ParOldGen       total 68608K, used 32089K [0x0000000080000000, 0x0000000084300000, 0x00000000d5580000)
  object space 68608K, 46% used [0x0000000080000000,0x0000000081f56640,0x0000000084300000)
 Metaspace       used 37711K, committed 38592K, reserved 1114112K
  class space    used 3822K, committed 4224K, reserved 1048576K
}
Event: 47.513 GC heap after
{Heap after GC invocations=21 (full 2):
 PSYoungGen      total 23040K, used 1023K [0x00000000d5580000, 0x00000000d7000000, 0x0000000100000000)
  eden space 22016K, 0% used [0x00000000d5580000,0x00000000d5580000,0x00000000d6b00000)
  from space 1024K, 99% used [0x00000000d6c00000,0x00000000d6cffd08,0x00000000d6d00000)
  to   space 2560K, 0% used [0x00000000d6d80000,0x00000000d6d80000,0x00000000d7000000)
 ParOldGen       total 68608K, used 33155K [0x0000000080000000, 0x0000000084300000, 0x00000000d5580000)
  object space 68608K, 48% used [0x0000000080000000,0x0000000082060f70,0x0000000084300000)
 Metaspace       used 37711K, committed 38592K, reserved 1114112K
  class space    used 3822K, committed 4224K, reserved 1048576K
}

Dll operation events (10 events):
Event: 0.025 Loaded shared library c:\Users\DELL\.antigravity\extensions\redhat.java-1.54.0-win32-x64\jre\21.0.10-win32-x86_64\bin\java.dll
Event: 0.256 Loaded shared library c:\Users\DELL\.antigravity\extensions\redhat.java-1.54.0-win32-x64\jre\21.0.10-win32-x86_64\bin\zip.dll
Event: 0.294 Loaded shared library C:\Users\DELL\.antigravity\extensions\redhat.java-1.54.0-win32-x64\jre\21.0.10-win32-x86_64\bin\instrument.dll
Event: 0.302 Loaded shared library C:\Users\DELL\.antigravity\extensions\redhat.java-1.54.0-win32-x64\jre\21.0.10-win32-x86_64\bin\net.dll
Event: 0.328 Loaded shared library C:\Users\DELL\.antigravity\extensions\redhat.java-1.54.0-win32-x64\jre\21.0.10-win32-x86_64\bin\nio.dll
Event: 0.334 Loaded shared library C:\Users\DELL\.antigravity\extensions\redhat.java-1.54.0-win32-x64\jre\21.0.10-win32-x86_64\bin\zip.dll
Event: 0.401 Loaded shared library C:\Users\DELL\.antigravity\extensions\redhat.java-1.54.0-win32-x64\jre\21.0.10-win32-x86_64\bin\jimage.dll
Event: 0.638 Loaded shared library c:\Users\DELL\.antigravity\extensions\redhat.java-1.54.0-win32-x64\jre\21.0.10-win32-x86_64\bin\verify.dll
Event: 6.432 Loaded shared library C:\Users\DELL\AppData\Roaming\Antigravity\User\globalStorage\redhat.java\1.54.0\config_ss_win\org.eclipse.equinox.launcher\org.eclipse.equinox.launcher.win32.win32.x86_64_1.3.0.v20260203-2149\eclipse_11919.dll
Event: 16.102 Loaded shared library C:\Users\DELL\AppData\Local\Temp\jna-2094529\jna7074971635868197870.dll

Deoptimization events (20 events):
Event: 47.460 Thread 0x0000027be481f0c0 Uncommon trap: trap_request=0xffffffde fr.pc=0x0000027bd37b4bd8 relative=0x0000000000006af8
Event: 47.460 Thread 0x0000027be481f0c0 Uncommon trap: reason=class_check action=maybe_recompile pc=0x0000027bd37b4bd8 method=lombok.patcher.PatchScript$MethodPatcher.visitMethod(ILjava/lang/String;Ljava/lang/String;Ljava/lang/String;[Ljava/lang/String;)Lorg/lombokweb/asm/MethodVisitor; @ 101 c
Event: 47.460 Thread 0x0000027be481f0c0 DEOPT PACKING pc=0x0000027bd37b4bd8 sp=0x000000ac3a8f9d90
Event: 47.460 Thread 0x0000027be481f0c0 DEOPT UNPACKING pc=0x0000027bd3116da2 sp=0x000000ac3a8f9cf8 mode 2
Event: 47.460 Thread 0x0000027be481f0c0 Uncommon trap: trap_request=0xffffffde fr.pc=0x0000027bd37b4bd8 relative=0x0000000000006af8
Event: 47.460 Thread 0x0000027be481f0c0 Uncommon trap: reason=class_check action=maybe_recompile pc=0x0000027bd37b4bd8 method=lombok.patcher.PatchScript$MethodPatcher.visitMethod(ILjava/lang/String;Ljava/lang/String;Ljava/lang/String;[Ljava/lang/String;)Lorg/lombokweb/asm/MethodVisitor; @ 101 c
Event: 47.460 Thread 0x0000027be481f0c0 DEOPT PACKING pc=0x0000027bd37b4bd8 sp=0x000000ac3a8f9d90
Event: 47.460 Thread 0x0000027be481f0c0 DEOPT UNPACKING pc=0x0000027bd3116da2 sp=0x000000ac3a8f9cf8 mode 2
Event: 47.460 Thread 0x0000027be481f0c0 Uncommon trap: trap_request=0xffffffde fr.pc=0x0000027bd37b4bd8 relative=0x0000000000006af8
Event: 47.460 Thread 0x0000027be481f0c0 Uncommon trap: reason=class_check action=maybe_recompile pc=0x0000027bd37b4bd8 method=lombok.patcher.PatchScript$MethodPatcher.visitMethod(ILjava/lang/String;Ljava/lang/String;Ljava/lang/String;[Ljava/lang/String;)Lorg/lombokweb/asm/MethodVisitor; @ 101 c
Event: 47.460 Thread 0x0000027be481f0c0 DEOPT PACKING pc=0x0000027bd37b4bd8 sp=0x000000ac3a8f9d90
Event: 47.460 Thread 0x0000027be481f0c0 DEOPT UNPACKING pc=0x0000027bd3116da2 sp=0x000000ac3a8f9cf8 mode 2
Event: 47.460 Thread 0x0000027be481f0c0 Uncommon trap: trap_request=0xffffffde fr.pc=0x0000027bd37b4bd8 relative=0x0000000000006af8
Event: 47.460 Thread 0x0000027be481f0c0 Uncommon trap: reason=class_check action=maybe_recompile pc=0x0000027bd37b4bd8 method=lombok.patcher.PatchScript$MethodPatcher.visitMethod(ILjava/lang/String;Ljava/lang/String;Ljava/lang/String;[Ljava/lang/String;)Lorg/lombokweb/asm/MethodVisitor; @ 101 c
Event: 47.460 Thread 0x0000027be481f0c0 DEOPT PACKING pc=0x0000027bd37b4bd8 sp=0x000000ac3a8f9d90
Event: 47.460 Thread 0x0000027be481f0c0 DEOPT UNPACKING pc=0x0000027bd3116da2 sp=0x000000ac3a8f9cf8 mode 2
Event: 48.070 Thread 0x0000027be43422c0 Uncommon trap: trap_request=0xffffffc6 fr.pc=0x0000027bd36e0ebc relative=0x000000000000051c
Event: 48.070 Thread 0x0000027be43422c0 Uncommon trap: reason=bimorphic_or_optimized_type_check action=maybe_recompile pc=0x0000027bd36e0ebc method=java.util.regex.Matcher.search(I)Z @ 121 c2
Event: 48.070 Thread 0x0000027be43422c0 DEOPT PACKING pc=0x0000027bd36e0ebc sp=0x000000ac39cfee00
Event: 48.070 Thread 0x0000027be43422c0 DEOPT UNPACKING pc=0x0000027bd3116da2 sp=0x000000ac39cfede0 mode 2

Classes loaded (20 events):
Event: 37.574 Loading class java/util/AbstractList$ListItr
Event: 37.574 Loading class java/util/AbstractList$ListItr done
Event: 37.664 Loading class java/nio/channels/Channels$ReadableByteChannelImpl
Event: 37.664 Loading class java/nio/channels/Channels$ReadableByteChannelImpl done
Event: 37.665 Loading class java/nio/channels/NonWritableChannelException
Event: 37.665 Loading class java/nio/channels/NonWritableChannelException done
Event: 41.866 Loading class java/lang/ExceptionInInitializerError
Event: 41.867 Loading class java/lang/ExceptionInInitializerError done
Event: 43.001 Loading class sun/misc/Unsafe
Event: 43.002 Loading class sun/misc/Unsafe done
Event: 43.810 Loading class java/util/Vector$1
Event: 43.811 Loading class java/util/Vector$1 done
Event: 44.872 Loading class java/util/regex/Pattern$Caret
Event: 44.873 Loading class java/util/regex/Pattern$Caret done
Event: 45.317 Loading class java/util/regex/Pattern$Pos
Event: 45.317 Loading class java/util/regex/Pattern$Pos done
Event: 46.329 Loading class java/util/Hashtable$ValueCollection
Event: 46.329 Loading class java/util/Hashtable$ValueCollection done
Event: 46.739 Loading class java/util/WeakHashMap$KeyIterator
Event: 46.739 Loading class java/util/WeakHashMap$KeyIterator done

Classes unloaded (7 events):
Event: 20.610 Thread 0x0000027bc8a4d510 Unloading class 0x0000027b81190c00 'java/lang/invoke/LambdaForm$MH+0x0000027b81190c00'
Event: 20.610 Thread 0x0000027bc8a4d510 Unloading class 0x0000027b81190800 'java/lang/invoke/LambdaForm$MH+0x0000027b81190800'
Event: 20.610 Thread 0x0000027bc8a4d510 Unloading class 0x0000027b81190400 'java/lang/invoke/LambdaForm$MH+0x0000027b81190400'
Event: 20.610 Thread 0x0000027bc8a4d510 Unloading class 0x0000027b81190000 'java/lang/invoke/LambdaForm$MH+0x0000027b81190000'
Event: 20.610 Thread 0x0000027bc8a4d510 Unloading class 0x0000027b8118fc00 'java/lang/invoke/LambdaForm$BMH+0x0000027b8118fc00'
Event: 20.610 Thread 0x0000027bc8a4d510 Unloading class 0x0000027b8118f800 'java/lang/invoke/LambdaForm$DMH+0x0000027b8118f800'
Event: 20.610 Thread 0x0000027bc8a4d510 Unloading class 0x0000027b8118e400 'java/lang/invoke/LambdaForm$DMH+0x0000027b8118e400'

Classes redefined (0 events):
No events

Internal exceptions (20 events):
Event: 30.719 Thread 0x0000027be481f0c0 Exception <a 'java/lang/NoSuchMethodError'{0x00000000d61972a8}: 'java.lang.Object java.lang.invoke.DirectMethodHandle$Holder.invokeInterface(java.lang.Object, java.lang.Object, java.lang.Object)'> (0x00000000d61972a8) 
thrown [s\src\hotspot\share\interpreter\linkResolver.cpp, line 773]
Event: 30.887 Thread 0x0000027be481f0c0 Exception <a 'java/io/FileNotFoundException'{0x00000000d623aef0}> (0x00000000d623aef0) 
thrown [s\src\hotspot\share\prims\jni.cpp, line 520]
Event: 31.054 Thread 0x0000027be481f0c0 Exception <a 'sun/nio/fs/WindowsException'{0x00000000d680fb18}> (0x00000000d680fb18) 
thrown [s\src\hotspot\share\prims\jni.cpp, line 520]
Event: 31.352 Thread 0x0000027be481f0c0 Exception <a 'java/lang/IncompatibleClassChangeError'{0x00000000d6b4e340}: Found class java.lang.Object, but interface was expected> (0x00000000d6b4e340) 
thrown [s\src\hotspot\share\interpreter\linkResolver.cpp, line 840]
Event: 31.953 Thread 0x0000027be481f0c0 Implicit null exception at 0x0000027bd384b0a6 to 0x0000027bd384b374
Event: 31.954 Thread 0x0000027be481f0c0 Exception <a 'java/lang/NoSuchMethodError'{0x00000000d595df88}: 'long java.lang.invoke.DirectMethodHandle$Holder.invokeStatic(java.lang.Object, java.lang.Object, int)'> (0x00000000d595df88) 
thrown [s\src\hotspot\share\interpreter\linkResolver.cpp, line 773]
Event: 31.968 Thread 0x0000027be481f0c0 Exception <a 'java/lang/NoSuchMethodError'{0x00000000d5968588}: 'java.lang.Object java.lang.invoke.DelegatingMethodHandle$Holder.reinvoke_L(java.lang.Object, int, long, java.lang.Object, java.lang.Object, int, java.lang.Object)'> (0x00000000d5968588) 
thrown [s\src\hotspot\share\interpreter\linkResolver.cpp, line 773]
Event: 33.672 Thread 0x0000027be481f0c0 Exception <a 'java/lang/NoSuchMethodError'{0x00000000d5f1ccb0}: 'java.lang.Object java.lang.invoke.DirectMethodHandle$Holder.invokeStaticInit(java.lang.Object, java.lang.Object, java.lang.Object, java.lang.Object, java.lang.Object, java.lang.Object, java.lang.Object)'> (0x00000000d5f1ccb0) 
thrown [s\src\hotspot\share\interpreter\linkResolver.cpp, line 773]
Event: 33.676 Thread 0x0000027be481f0c0 Exception <a 'java/lang/NoSuchMethodError'{0x00000000d5f21c58}: 'java.lang.Object java.lang.invoke.Invokers$Holder.invoke_MT(java.lang.Object, java.lang.Object, java.lang.Object, java.lang.Object, java.lang.Object, java.lang.Object, java.lang.Object, java.lang.Object, java.lang.Object, java.lang.Object)'> (0x00000000d5f21c58) 
thrown [s\src\hotspot\share\interpreter\linkResolver.cpp, line 773]
Event: 33.955 Thread 0x0000027be481f0c0 Exception <a 'java/lang/NoSuchMethodError'{0x00000000d5f61bd8}: 'int java.lang.invoke.DirectMethodHandle$Holder.invokeVirtual(java.lang.Object, java.lang.Object, java.lang.Object)'> (0x00000000d5f61bd8) 
thrown [s\src\hotspot\share\interpreter\linkResolver.cpp, line 773]
Event: 34.022 Thread 0x0000027be481f0c0 Exception <a 'java/lang/NoSuchMethodError'{0x00000000d5f65f80}: 'int java.lang.invoke.DirectMethodHandle$Holder.invokeStaticInit(java.lang.Object, int, int)'> (0x00000000d5f65f80) 
thrown [s\src\hotspot\share\interpreter\linkResolver.cpp, line 773]
Event: 34.034 Thread 0x0000027be481f0c0 Exception <a 'java/lang/NoSuchMethodError'{0x00000000d5f6d728}: 'int java.lang.invoke.DirectMethodHandle$Holder.invokeStaticInit(java.lang.Object, long, long)'> (0x00000000d5f6d728) 
thrown [s\src\hotspot\share\interpreter\linkResolver.cpp, line 773]
Event: 34.221 Thread 0x0000027be481f0c0 Exception <a 'java/lang/NoSuchMethodError'{0x00000000d5f74470}: 'int java.lang.invoke.DirectMethodHandle$Holder.invokeStaticInit(java.lang.Object, float, float)'> (0x00000000d5f74470) 
thrown [s\src\hotspot\share\interpreter\linkResolver.cpp, line 773]
Event: 34.383 Thread 0x0000027be481f0c0 Exception <a 'java/lang/NoSuchMethodError'{0x00000000d5f7b410}: 'int java.lang.invoke.DirectMethodHandle$Holder.invokeStaticInit(java.lang.Object, double, double)'> (0x00000000d5f7b410) 
thrown [s\src\hotspot\share\interpreter\linkResolver.cpp, line 773]
Event: 34.384 Thread 0x0000027be481f0c0 Exception <a 'java/lang/NoSuchMethodError'{0x00000000d5f7fc28}: 'int java.lang.invoke.DirectMethodHandle$Holder.invokeStatic(java.lang.Object, long)'> (0x00000000d5f7fc28) 
thrown [s\src\hotspot\share\interpreter\linkResolver.cpp, line 773]
Event: 34.390 Thread 0x0000027be481f0c0 Exception <a 'java/lang/NoSuchMethodError'{0x00000000d5f9e8b0}: 'int java.lang.invoke.Invokers$Holder.linkToTargetMethod(java.lang.Object, java.lang.Object)'> (0x00000000d5f9e8b0) 
thrown [s\src\hotspot\share\interpreter\linkResolver.cpp, line 773]
Event: 43.201 Thread 0x0000027be481f0c0 Exception <a 'java/lang/NoSuchMethodError'{0x00000000d5606388}: 'java.lang.Object java.lang.invoke.DirectMethodHandle$Holder.invokeVirtual(java.lang.Object, java.lang.Object, int)'> (0x00000000d5606388) 
thrown [s\src\hotspot\share\interpreter\linkResolver.cpp, line 773]
Event: 45.522 Thread 0x0000027be481f0c0 Exception <a 'java/lang/NoSuchMethodError'{0x00000000d66ff0d0}: 'java.lang.Object java.lang.invoke.DirectMethodHandle$Holder.invokeStatic(java.lang.Object, java.lang.Object, int, int)'> (0x00000000d66ff0d0) 
thrown [s\src\hotspot\share\interpreter\linkResolver.cpp, line 773]
Event: 45.523 Thread 0x0000027be481f0c0 Exception <a 'java/lang/NoSuchMethodError'{0x00000000d67034d0}: 'java.lang.Object java.lang.invoke.DirectMethodHandle$Holder.invokeSpecial(java.lang.Object, java.lang.Object, java.lang.Object, int, int)'> (0x00000000d67034d0) 
thrown [s\src\hotspot\share\interpreter\linkResolver.cpp, line 773]
Event: 47.433 Thread 0x0000027be46a6ef0 Exception <a 'java/lang/NoSuchMethodError'{0x00000000d67a62b8}: 'java.lang.Object java.lang.invoke.DirectMethodHandle$Holder.invokeSpecial(java.lang.Object, java.lang.Object, int, long)'> (0x00000000d67a62b8) 
thrown [s\src\hotspot\share\interpreter\linkResolver.cpp, line 773]

ZGC Phase Switch (0 events):
No events

VM Operations (20 events):
Event: 40.834 Executing safepoint VM operation: ParallelGCFailedAllocation (Allocation Failure)
Event: 40.841 Executing safepoint VM operation: ParallelGCFailedAllocation (Allocation Failure) done
Event: 41.854 Executing safepoint VM operation: Cleanup
Event: 41.855 Executing safepoint VM operation: Cleanup done
Event: 42.867 Executing safepoint VM operation: Cleanup
Event: 42.882 Executing safepoint VM operation: Cleanup done
Event: 42.914 Executing safepoint VM operation: ParallelGCFailedAllocation (Allocation Failure)
Event: 42.926 Executing safepoint VM operation: ParallelGCFailedAllocation (Allocation Failure) done
Event: 43.255 Executing non-safepoint VM operation: HandshakeAllThreads (Deoptimize)
Event: 43.255 Executing non-safepoint VM operation: HandshakeAllThreads (Deoptimize) done
Event: 44.217 Executing safepoint VM operation: CollectForMetadataAllocation (Metadata GC Threshold)
Event: 44.323 Executing safepoint VM operation: CollectForMetadataAllocation (Metadata GC Threshold) done
Event: 45.333 Executing safepoint VM operation: Cleanup
Event: 45.364 Executing safepoint VM operation: Cleanup done
Event: 46.375 Executing safepoint VM operation: Cleanup
Event: 46.375 Executing safepoint VM operation: Cleanup done
Event: 46.558 Executing safepoint VM operation: ParallelGCFailedAllocation (Allocation Failure)
Event: 46.561 Executing safepoint VM operation: ParallelGCFailedAllocation (Allocation Failure) done
Event: 47.508 Executing safepoint VM operation: ParallelGCFailedAllocation (Allocation Failure)
Event: 47.513 Executing safepoint VM operation: ParallelGCFailedAllocation (Allocation Failure) done

Memory protections (0 events):
No events

Nmethod flushes (20 events):
Event: 44.259 Thread 0x0000027bc8a4d510 flushing  nmethod 0x0000027bcc017e90
Event: 44.259 Thread 0x0000027bc8a4d510 flushing  nmethod 0x0000027bcc018a10
Event: 44.259 Thread 0x0000027bc8a4d510 flushing  nmethod 0x0000027bcc019390
Event: 44.259 Thread 0x0000027bc8a4d510 flushing  nmethod 0x0000027bcc01be90
Event: 44.259 Thread 0x0000027bc8a4d510 flushing  nmethod 0x0000027bcc01c590
Event: 44.259 Thread 0x0000027bc8a4d510 flushing  nmethod 0x0000027bcc01d790
Event: 44.259 Thread 0x0000027bc8a4d510 flushing  nmethod 0x0000027bcc01ea90
Event: 44.259 Thread 0x0000027bc8a4d510 flushing  nmethod 0x0000027bcc01f790
Event: 44.259 Thread 0x0000027bc8a4d510 flushing  nmethod 0x0000027bcc01ff10
Event: 44.259 Thread 0x0000027bc8a4d510 flushing  nmethod 0x0000027bcc020310
Event: 44.259 Thread 0x0000027bc8a4d510 flushing  nmethod 0x0000027bcc021090
Event: 44.259 Thread 0x0000027bc8a4d510 flushing  nmethod 0x0000027bcc021410
Event: 44.259 Thread 0x0000027bc8a4d510 flushing  nmethod 0x0000027bcc023e10
Event: 44.259 Thread 0x0000027bc8a4d510 flushing  nmethod 0x0000027bcc026710
Event: 44.259 Thread 0x0000027bc8a4d510 flushing  nmethod 0x0000027bcc03dc90
Event: 44.259 Thread 0x0000027bc8a4d510 flushing  nmethod 0x0000027bcc048190
Event: 44.259 Thread 0x0000027bc8a4d510 flushing  nmethod 0x0000027bcc07ec10
Event: 44.259 Thread 0x0000027bc8a4d510 flushing  nmethod 0x0000027bcc07f010
Event: 44.259 Thread 0x0000027bc8a4d510 flushing  nmethod 0x0000027bcc07f990
Event: 44.259 Thread 0x0000027bc8a4d510 flushing  nmethod 0x0000027bcc092c10

Events (20 events):
Event: 27.540 Thread 0x0000027bc898d4a0 Thread added: 0x0000027be46a7580
Event: 27.540 Thread 0x0000027bc898d4a0 Thread added: 0x0000027be4820470
Event: 27.562 Thread 0x0000027bc898d4a0 Thread added: 0x0000027be4820b00
Event: 27.591 Thread 0x0000027bc898d4a0 Thread added: 0x0000027be481e3a0
Event: 27.668 Thread 0x0000027bc898d4a0 Thread added: 0x0000027be481d680
Event: 28.120 Thread 0x0000027bc8904760 Thread added: 0x0000027be4315070
Event: 28.862 Thread 0x0000027be4315070 Thread exited: 0x0000027be4315070
Event: 29.526 Thread 0x0000027bc898d4a0 Thread added: 0x0000027be481ea30
Event: 29.527 Thread 0x0000027bc898d4a0 Thread added: 0x0000027be481f0c0
Event: 31.254 Thread 0x0000027bc8904760 Thread added: 0x0000027be57351a0
Event: 31.421 Thread 0x0000027be57351a0 Thread exited: 0x0000027be57351a0
Event: 35.540 Thread 0x0000027bc888b290 Thread added: 0x0000027be5048d90
Event: 36.045 Thread 0x0000027be5048d90 Thread exited: 0x0000027be5048d90
Event: 36.772 Thread 0x0000027bc8904760 Thread added: 0x0000027be5048d90
Event: 37.126 Thread 0x0000027be5048d90 Thread exited: 0x0000027be5048d90
Event: 37.702 Thread 0x0000027bc8904760 Thread added: 0x0000027be5048d90
Event: 38.244 Thread 0x0000027be5048d90 Thread exited: 0x0000027be5048d90
Event: 43.829 Thread 0x0000027bc8904760 Thread added: 0x0000027be61a50e0
Event: 44.148 Thread 0x0000027be61a50e0 Thread exited: 0x0000027be61a50e0
Event: 47.369 Thread 0x0000027bc8904760 Thread added: 0x0000027be4eb2d90


Dynamic libraries:
0x00007ff7864a0000 - 0x00007ff7864ae000 	c:\Users\DELL\.antigravity\extensions\redhat.java-1.54.0-win32-x64\jre\21.0.10-win32-x86_64\bin\java.exe
0x00007ffa5c120000 - 0x00007ffa5c388000 	C:\WINDOWS\SYSTEM32\ntdll.dll
0x00007ffa5a670000 - 0x00007ffa5a739000 	C:\WINDOWS\System32\KERNEL32.DLL
0x00007ffa59ac0000 - 0x00007ffa59eb1000 	C:\WINDOWS\System32\KERNELBASE.dll
0x00007ffa59630000 - 0x00007ffa5977b000 	C:\WINDOWS\System32\ucrtbase.dll
0x00007ffa2a4a0000 - 0x00007ffa2a4b8000 	c:\Users\DELL\.antigravity\extensions\redhat.java-1.54.0-win32-x64\jre\21.0.10-win32-x86_64\bin\jli.dll
0x00007ffa5b6f0000 - 0x00007ffa5b8b6000 	C:\WINDOWS\System32\USER32.dll
0x00007ffa58a00000 - 0x00007ffa58a27000 	C:\WINDOWS\System32\win32u.dll
0x00007ffa2a310000 - 0x00007ffa2a32e000 	c:\Users\DELL\.antigravity\extensions\redhat.java-1.54.0-win32-x64\jre\21.0.10-win32-x86_64\bin\VCRUNTIME140.dll
0x00007ffa59ec0000 - 0x00007ffa59eeb000 	C:\WINDOWS\System32\GDI32.dll
0x00007ffa59780000 - 0x00007ffa598ab000 	C:\WINDOWS\System32\gdi32full.dll
0x00007ffa59580000 - 0x00007ffa59623000 	C:\WINDOWS\System32\msvcp_win.dll
0x00007ffa3f9c0000 - 0x00007ffa3fc53000 	C:\WINDOWS\WinSxS\amd64_microsoft.windows.common-controls_6595b64144ccf1df_6.0.26100.7824_none_3e0870b2e3345462\COMCTL32.dll
0x00007ffa5a190000 - 0x00007ffa5a239000 	C:\WINDOWS\System32\msvcrt.dll
0x00007ffa5b220000 - 0x00007ffa5b251000 	C:\WINDOWS\System32\IMM32.DLL
0x00007ffa53c90000 - 0x00007ffa53c9c000 	c:\Users\DELL\.antigravity\extensions\redhat.java-1.54.0-win32-x64\jre\21.0.10-win32-x86_64\bin\vcruntime140_1.dll
0x00007ffa13ed0000 - 0x00007ffa13f5d000 	c:\Users\DELL\.antigravity\extensions\redhat.java-1.54.0-win32-x64\jre\21.0.10-win32-x86_64\bin\msvcp140.dll
0x00007ff9b8850000 - 0x00007ff9b95f1000 	c:\Users\DELL\.antigravity\extensions\redhat.java-1.54.0-win32-x64\jre\21.0.10-win32-x86_64\bin\server\jvm.dll
0x00007ffa5ba70000 - 0x00007ffa5bb24000 	C:\WINDOWS\System32\ADVAPI32.dll
0x00007ffa5a740000 - 0x00007ffa5a7e6000 	C:\WINDOWS\System32\sechost.dll
0x00007ffa5b8c0000 - 0x00007ffa5b9d8000 	C:\WINDOWS\System32\RPCRT4.dll
0x00007ffa5b9e0000 - 0x00007ffa5ba54000 	C:\WINDOWS\System32\WS2_32.dll
0x00007ffa58880000 - 0x00007ffa588de000 	C:\WINDOWS\SYSTEM32\POWRPROF.dll
0x00007ffa3fd70000 - 0x00007ffa3fda5000 	C:\WINDOWS\SYSTEM32\WINMM.dll
0x00007ffa416b0000 - 0x00007ffa416bb000 	C:\WINDOWS\SYSTEM32\VERSION.dll
0x00007ffa58860000 - 0x00007ffa58874000 	C:\WINDOWS\SYSTEM32\UMPDC.dll
0x00007ffa57760000 - 0x00007ffa5777b000 	C:\WINDOWS\SYSTEM32\kernel.appcore.dll
0x00007ffa3ede0000 - 0x00007ffa3edea000 	c:\Users\DELL\.antigravity\extensions\redhat.java-1.54.0-win32-x64\jre\21.0.10-win32-x86_64\bin\jimage.dll
0x00007ffa56a70000 - 0x00007ffa56cb2000 	C:\WINDOWS\SYSTEM32\DBGHELP.DLL
0x00007ffa5bb30000 - 0x00007ffa5beb6000 	C:\WINDOWS\System32\combase.dll
0x00007ffa5a590000 - 0x00007ffa5a667000 	C:\WINDOWS\System32\OLEAUT32.dll
0x00007ffa2fe80000 - 0x00007ffa2febb000 	C:\WINDOWS\SYSTEM32\dbgcore.DLL
0x00007ffa59360000 - 0x00007ffa59405000 	C:\WINDOWS\System32\bcryptPrimitives.dll
0x00007ffa3ed30000 - 0x00007ffa3ed3f000 	c:\Users\DELL\.antigravity\extensions\redhat.java-1.54.0-win32-x64\jre\21.0.10-win32-x86_64\bin\instrument.dll
0x00007ffa2a220000 - 0x00007ffa2a240000 	c:\Users\DELL\.antigravity\extensions\redhat.java-1.54.0-win32-x64\jre\21.0.10-win32-x86_64\bin\java.dll
0x00007ffa5a7f0000 - 0x00007ffa5af42000 	C:\WINDOWS\System32\SHELL32.dll
0x00007ffa59410000 - 0x00007ffa5957a000 	C:\WINDOWS\System32\wintypes.dll
0x00007ffa58a30000 - 0x00007ffa59293000 	C:\WINDOWS\System32\windows.storage.dll
0x00007ffa5b050000 - 0x00007ffa5b146000 	C:\WINDOWS\System32\SHCORE.dll
0x00007ffa59fb0000 - 0x00007ffa5a017000 	C:\WINDOWS\System32\shlwapi.dll
0x00007ffa58920000 - 0x00007ffa58949000 	C:\WINDOWS\SYSTEM32\profapi.dll
0x00007ffa297c0000 - 0x00007ffa297d8000 	c:\Users\DELL\.antigravity\extensions\redhat.java-1.54.0-win32-x64\jre\21.0.10-win32-x86_64\bin\zip.dll
0x00007ffa319e0000 - 0x00007ffa319f0000 	C:\Users\DELL\.antigravity\extensions\redhat.java-1.54.0-win32-x64\jre\21.0.10-win32-x86_64\bin\net.dll
0x00007ffa4fe20000 - 0x00007ffa4ff47000 	C:\WINDOWS\SYSTEM32\WINHTTP.dll
0x00007ffa57cb0000 - 0x00007ffa57d1b000 	C:\WINDOWS\system32\mswsock.dll
0x00007ffa23c80000 - 0x00007ffa23c96000 	C:\Users\DELL\.antigravity\extensions\redhat.java-1.54.0-win32-x64\jre\21.0.10-win32-x86_64\bin\nio.dll
0x00007ffa2a4e0000 - 0x00007ffa2a4f0000 	c:\Users\DELL\.antigravity\extensions\redhat.java-1.54.0-win32-x64\jre\21.0.10-win32-x86_64\bin\verify.dll
0x00007ffa23c20000 - 0x00007ffa23c65000 	C:\Users\DELL\AppData\Roaming\Antigravity\User\globalStorage\redhat.java\1.54.0\config_ss_win\org.eclipse.equinox.launcher\org.eclipse.equinox.launcher.win32.win32.x86_64_1.3.0.v20260203-2149\eclipse_11919.dll
0x00007ffa5bf40000 - 0x00007ffa5c0d7000 	C:\WINDOWS\System32\ole32.dll
0x00007ffa57f40000 - 0x00007ffa57f5b000 	C:\WINDOWS\SYSTEM32\CRYPTSP.dll
0x00007ffa576c0000 - 0x00007ffa576f9000 	C:\WINDOWS\system32\rsaenh.dll
0x00007ffa57d70000 - 0x00007ffa57d9b000 	C:\WINDOWS\SYSTEM32\USERENV.dll
0x00007ffa588f0000 - 0x00007ffa5891a000 	C:\WINDOWS\SYSTEM32\bcrypt.dll
0x00007ffa57f60000 - 0x00007ffa57f6c000 	C:\WINDOWS\SYSTEM32\CRYPTBASE.dll
0x00007ffa57160000 - 0x00007ffa57194000 	C:\WINDOWS\SYSTEM32\IPHLPAPI.DLL
0x00007ffa5a240000 - 0x00007ffa5a24a000 	C:\WINDOWS\System32\NSI.dll
0x00007ffa1bff0000 - 0x00007ffa1c039000 	C:\Users\DELL\AppData\Local\Temp\jna-2094529\jna7074971635868197870.dll
0x00007ffa5ba60000 - 0x00007ffa5ba68000 	C:\WINDOWS\System32\PSAPI.DLL
0x00007ffa4f230000 - 0x00007ffa4f24e000 	C:\WINDOWS\SYSTEM32\dhcpcsvc6.DLL
0x00007ffa4f1d0000 - 0x00007ffa4f1f3000 	C:\WINDOWS\SYSTEM32\dhcpcsvc.DLL

JVMTI agents:
c:\Users\DELL\.antigravity\extensions\redhat.java-1.54.0-win32-x64\lombok\lombok-1.18.39-4050.jar path:c:\Users\DELL\.antigravity\extensions\redhat.java-1.54.0-win32-x64\jre\21.0.10-win32-x86_64\bin\instrument.dll, loaded, initialized, instrumentlib options:none

dbghelp: loaded successfully - version: 4.0.5 - missing functions: none
symbol engine: initialized successfully - sym options: 0x614 - pdb path: .;c:\Users\DELL\.antigravity\extensions\redhat.java-1.54.0-win32-x64\jre\21.0.10-win32-x86_64\bin;C:\WINDOWS\SYSTEM32;C:\WINDOWS\WinSxS\amd64_microsoft.windows.common-controls_6595b64144ccf1df_6.0.26100.7824_none_3e0870b2e3345462;c:\Users\DELL\.antigravity\extensions\redhat.java-1.54.0-win32-x64\jre\21.0.10-win32-x86_64\bin\server;C:\Users\DELL\AppData\Roaming\Antigravity\User\globalStorage\redhat.java\1.54.0\config_ss_win\org.eclipse.equinox.launcher\org.eclipse.equinox.launcher.win32.win32.x86_64_1.3.0.v20260203-2149;C:\Users\DELL\AppData\Local\Temp\jna-2094529

VM Arguments:
jvm_args: --add-modules=ALL-SYSTEM --add-opens=java.base/java.util=ALL-UNNAMED --add-opens=java.base/java.lang=ALL-UNNAMED --add-opens=java.base/sun.nio.fs=ALL-UNNAMED -Declipse.application=org.eclipse.jdt.ls.core.id1 -Dosgi.bundles.defaultStartLevel=4 -Declipse.product=org.eclipse.jdt.ls.core.product -Djava.import.generatesMetadataFilesAtProjectRoot=false -DDetectVMInstallationsJob.disabled=true -Dfile.encoding=utf8 -XX:+UseParallelGC -XX:GCTimeRatio=4 -XX:AdaptiveSizePolicyWeight=90 -Dsun.zip.disableMemoryMapping=true -Xmx2G -Xms100m -Xlog:disable -javaagent:c:\Users\DELL\.antigravity\extensions\redhat.java-1.54.0-win32-x64\lombok\lombok-1.18.39-4050.jar 
java_command: c:\Users\DELL\.antigravity\extensions\redhat.java-1.54.0-win32-x64\server\plugins\org.eclipse.equinox.launcher_1.7.100.v20251111-0406.jar -configuration c:\Users\DELL\AppData\Roaming\Antigravity\User\globalStorage\redhat.java\1.54.0\config_ss_win -data c:\Users\DELL\AppData\Roaming\Antigravity\User\workspaceStorage\3b40813f995962a58d50bacd828bc1b9\redhat.java\ss_ws --pipe=\\.\pipe\lsp-215326dc9bd9b113366d6f2c5f797457-sock
java_class_path (initial): c:\Users\DELL\.antigravity\extensions\redhat.java-1.54.0-win32-x64\server\plugins\org.eclipse.equinox.launcher_1.7.100.v20251111-0406.jar
Launcher Type: SUN_STANDARD

[Global flags]
    uintx AdaptiveSizePolicyWeight                 = 90                                        {product} {command line}
     intx CICompilerCount                          = 3                                         {product} {ergonomic}
    uintx GCTimeRatio                              = 4                                         {product} {command line}
   size_t InitialHeapSize                          = 104857600                                 {product} {command line}
   size_t MaxHeapSize                              = 2147483648                                {product} {command line}
   size_t MaxNewSize                               = 715653120                                 {product} {ergonomic}
   size_t MinHeapDeltaBytes                        = 524288                                    {product} {ergonomic}
   size_t MinHeapSize                              = 104857600                                 {product} {command line}
   size_t NewSize                                  = 34603008                                  {product} {ergonomic}
    uintx NonNMethodCodeHeapSize                   = 5832780                                {pd product} {ergonomic}
    uintx NonProfiledCodeHeapSize                  = 122912730                              {pd product} {ergonomic}
   size_t OldSize                                  = 70254592                                  {product} {ergonomic}
    uintx ProfiledCodeHeapSize                     = 122912730                              {pd product} {ergonomic}
    uintx ReservedCodeCacheSize                    = 251658240                              {pd product} {ergonomic}
     bool SegmentedCodeCache                       = true                                      {product} {ergonomic}
   size_t SoftMaxHeapSize                          = 2147483648                             {manageable} {ergonomic}
     bool UseCompressedOops                        = true                           {product lp64_product} {ergonomic}
     bool UseLargePagesIndividualAllocation        = false                                  {pd product} {ergonomic}
     bool UseParallelGC                            = true                                      {product} {command line}

Logging:
Log output configuration:
 #0: stdout all=off uptime,level,tags foldmultilines=false
 #1: stderr all=off uptime,level,tags foldmultilines=false

Release file:
JAVA_VERSION="21.0.10" 
MODULES="java.base java.compiler java.datatransfer java.xml java.prefs java.desktop java.instrument java.logging java.management java.security.sasl java.naming java.rmi java.management.rmi java.net.http java.scripting java.security.jgss java.transaction.xa java.sql java.sql.rowset java.xml.crypto java.se java.smartcardio jdk.accessibility jdk.internal.jvmstat jdk.attach jdk.charsets jdk.internal.opt jdk.zipfs jdk.compiler jdk.crypto.ec jdk.crypto.cryptoki jdk.crypto.mscapi jdk.dynalink jdk.internal.ed jdk.editpad jdk.hotspot.agent jdk.httpserver jdk.internal.le jdk.internal.vm.ci jdk.internal.vm.compiler jdk.internal.vm.compiler.management jdk.jartool jdk.javadoc jdk.jcmd jdk.management jdk.management.agent jdk.jconsole jdk.jdeps jdk.jdwp.agent jdk.jdi jdk.jfr jdk.jshell jdk.jsobject jdk.jstatd jdk.localedata jdk.management.jfr jdk.naming.dns jdk.naming.rmi jdk.net jdk.nio.mapmode jdk.random jdk.sctp jdk.security.auth jdk.security.jgss jdk.unsupported jdk.unsupported.desktop jdk.xml.dom" 

Environment Variables:
PATH=C:\oraclexe\app\oracle\product\11.2.0\server\bin;C:\Program Files(x86)\Common Files\Oracle\Java\javapath;C:\Program Files\CommonFiles\Java\javapath;C:\WINDOWS\system32;C:\WINDOWS;C:\WINDOWS\System32\Wbem;C:\WINDOWS\System32\WindowsPowerShell\v1.0\;C:\WINDOWS\System32\OpenSSH\;C:\Program Files\dotnet\;C:\MinGW\bin;C:\Program Files\Java\jdk-17\bin;C:\Users\DELL\Downloads\sqlcl-23.4.0.023.2321.zip\sqlcl\bin;C:\Users\DELL\Downloads\sqlcl-23.4.0.023.2321\sqlcl\bin;C:\Program Files\MySQL\MySQL Server 8.0\bin;C:\Program Files (x86)\MySQL\MySQL Server 5.5\bin;C:\Program Files\Git\cmd;C:\Program Files\Git\bin;D:\flutter_windows_3.24.3-stable\flutter\bin;D:\dartsdk-windows-x64-release\dart-sdk\bin;D:\princeton_university\algs4\algs4.jar;C:\Program Files (x86)\Microsoft Visual Studio\COMMON;C:\Program Files\nodejs\;C:\Users\DELL\AppData\Local\Packages\PythonSoftwareFoundation.Python.3.11_qbz5n2kfra8p0\LocalCache\local-packages\Python311\Scripts;C:\Users\DELL\apache-maven-3.9.11-bin\apache-maven-3.9.11\bin;D:\winlibs-i686-posix-dwarf-gcc-15.2.0-mingw-w64ucrt-13.0.0-r2.7z\mingw32\bin;;C:\Program Files\Docker\Docker\resources\bin;C:\Program Files\MySQL\MySQL Shell 8.0\bin\;C:\Users\DELL\AppData\Local\Microsoft\WindowsApps;C:\Program Files\JetBrains\IntelliJ IDEA Community Edition 2022.2.1\bin;;C:\Users\DELL\AppData\Local\Programs\Microsoft VS Code\bin;C:\MinGW\bin;C:\Program Files\JetBrains\PyCharm Community Edition 2022.2.4\bin;;C:\selenium\geckodriver-v0.35.0-win32;C:\Users\DELL\AppData\Local\Microsoft\WinGet\Packages\Schniz.fnm_Microsoft.Winget.Source_8wekyb3d8bbwe;C:\Users\DELL\AppData\Roaming\npm;C:\Users\DELL\AppData\Roaming\pnpm;C:\Users\DELL\AppData\Local\Python\bin;C:\Users\DELL\AppData\Local\Programs\Antigravity\bin
USERNAME=DELL
OS=Windows_NT
PROCESSOR_IDENTIFIER=Intel64 Family 6 Model 126 Stepping 5, GenuineIntel
TMP=C:\Users\DELL\AppData\Local\Temp
TEMP=C:\Users\DELL\AppData\Local\Temp




Periodic native trim disabled

---------------  S Y S T E M  ---------------

OS:
 Windows 11 , 64 bit Build 26100 (10.0.26100.7705)
OS uptime: 2 days 18:02 hours
Hyper-V role detected

CPU: total 4 (initial active 4) (2 cores per cpu, 2 threads per core) family 6 model 126 stepping 5 microcode 0xc2, cx8, cmov, fxsr, ht, mmx, 3dnowpref, sse, sse2, sse3, ssse3, sse4.1, sse4.2, popcnt, lzcnt, tsc, tscinvbit, avx, avx2, aes, erms, clmul, bmi1, bmi2, adx, avx512f, avx512dq, avx512cd, avx512bw, avx512vl, sha, fma, vzeroupper, avx512_vpopcntdq, avx512_vpclmulqdq, avx512_vaes, avx512_vnni, clflush, clflushopt, avx512_vbmi2, avx512_vbmi, hv, rdtscp, rdpid, fsrm, gfni, avx512_bitalg, f16c, avx512_ifma
Processor Information for the first 4 processors :
  Max Mhz: 1190, Current Mhz: 1190, Mhz Limit: 1190

Memory: 4k page, system-wide physical 7959M (638M free)
TotalPageFile size 13668M (AvailPageFile size 3M)
current process WorkingSet (physical memory assigned to process): 172M, peak: 174M
current process commit charge ("private bytes"): 295M, peak: 295M

vm_info: OpenJDK 64-Bit Server VM (21.0.10+7-LTS) for windows-amd64 JRE (21.0.10+7-LTS), built on 2026-01-20T00:00:00Z by "admin" with MS VC++ 17.12 (VS2022)

END.
