#
# There is insufficient memory for the Java Runtime Environment to continue.
# Native memory allocation (malloc) failed to allocate 559696 bytes for Chunk::new
# Possible reasons:
#   The system is out of physical RAM or swap space
#   The process is running with CompressedOops enabled, and the Java Heap may be blocking the growth of the native heap
# Possible solutions:
#   Reduce memory load on the system
#   Increase physical memory or swap space
#   Check if swap backing store is full
#   Decrease Java heap size (-Xmx/-Xms)
#   Decrease number of Java threads
#   Decrease Java thread stack sizes (-Xss)
#   Set larger code cache with -XX:ReservedCodeCacheSize=
#   JVM is running with Zero Based Compressed Oops mode in which the Java heap is
#     placed in the first 32GB address space. The Java Heap base address is the
#     maximum limit for the native heap growth. Please use -XX:HeapBaseMinAddress
#     to set the Java Heap base and to place the Java Heap above 32GB virtual address.
# This output file may be truncated or incomplete.
#
#  Out of Memory Error (arena.cpp:168), pid=1956, tid=14480
#
# JRE version: Java(TM) SE Runtime Environment (21.0.9+7) (build 21.0.9+7-LTS-338)
# Java VM: Java HotSpot(TM) 64-Bit Server VM (21.0.9+7-LTS-338, mixed mode, sharing, tiered, compressed oops, compressed class ptrs, g1 gc, windows-amd64)
# No core dump will be written. Minidumps are not enabled by default on client versions of Windows
#

---------------  S U M M A R Y ------------

Command Line: --enable-native-access=ALL-UNNAMED -Dclassworlds.conf=C:\Users\rishi\.m2\wrapper\dists\apache-maven-3.9.11\03d7e36a140982eea48e22c1dcac01d8862b2550b2939e09a0809bbc5182a5bc\bin\m2.conf -Dmaven.home=C:\Users\rishi\.m2\wrapper\dists\apache-maven-3.9.11\03d7e36a140982eea48e22c1dcac01d8862b2550b2939e09a0809bbc5182a5bc -Dlibrary.jansi.path=C:\Users\rishi\.m2\wrapper\dists\apache-maven-3.9.11\03d7e36a140982eea48e22c1dcac01d8862b2550b2939e09a0809bbc5182a5bc\lib\jansi-native -Dmaven.multiModuleProjectDirectory=D:\UEMSproject\UEMS\server org.codehaus.plexus.classworlds.launcher.Launcher clean spring-boot:run

Host: 12th Gen Intel(R) Core(TM) i5-1240P, 16 cores, 15G,  Windows 11 , 64 bit Build 26100 (10.0.26100.6725)
Time: Sat Apr 18 14:51:47 2026 India Standard Time elapsed time: 11.160027 seconds (0d 0h 0m 11s)

---------------  T H R E A D  ---------------

Current thread (0x0000020e976d8e20):  JavaThread "C2 CompilerThread2" daemon [_thread_in_native, id=14480, stack(0x000000b9b6e00000,0x000000b9b6f00000) (1024K)]


Current CompileTask:
C2:  11160 3072       4       sun.util.locale.BaseLocale::getInstance (150 bytes)

Stack: [0x000000b9b6e00000,0x000000b9b6f00000]
Native frames: (J=compiled Java code, j=interpreted, Vv=VM code, C=native code)
V  [jvm.dll+0x6cbf89]
V  [jvm.dll+0x858421]
V  [jvm.dll+0x85a94e]
V  [jvm.dll+0x85b023]
V  [jvm.dll+0x27ebc6]
V  [jvm.dll+0xc4f4d]
V  [jvm.dll+0xc5483]
V  [jvm.dll+0x3b69c2]
V  [jvm.dll+0x382925]
V  [jvm.dll+0x381d9a]
V  [jvm.dll+0x247640]
V  [jvm.dll+0x246c1f]
V  [jvm.dll+0x1c7a3e]
V  [jvm.dll+0x256329]
V  [jvm.dll+0x2548ba]
V  [jvm.dll+0x3efdee]
V  [jvm.dll+0x80265b]
V  [jvm.dll+0x6ca66d]
C  [ucrtbase.dll+0x37b0]
C  [KERNEL32.DLL+0x2e8d7]
C  [ntdll.dll+0x8c53c]


---------------  P R O C E S S  ---------------

Threads class SMR info:
_java_thread_list=0x0000020e97449db0, length=15, elements={
0x0000020ef76754d0, 0x0000020e966dc950, 0x0000020e966df890, 0x0000020e966e2760,
0x0000020e966e3420, 0x0000020e966e51f0, 0x0000020e966e5d20, 0x0000020e966e6ab0,
0x0000020e966eb380, 0x0000020e9748f530, 0x0000020e975ccb40, 0x0000020e975da240,
0x0000020edf37c700, 0x0000020edd0e9430, 0x0000020e976d8e20
}

Java Threads: ( => current thread )
  0x0000020ef76754d0 JavaThread "main"                              [_thread_in_vm, id=34600, stack(0x000000b9b5700000,0x000000b9b5800000) (1024K)]
  0x0000020e966dc950 JavaThread "Reference Handler"          daemon [_thread_blocked, id=20676, stack(0x000000b9b5f00000,0x000000b9b6000000) (1024K)]
  0x0000020e966df890 JavaThread "Finalizer"                  daemon [_thread_blocked, id=16244, stack(0x000000b9b6000000,0x000000b9b6100000) (1024K)]
  0x0000020e966e2760 JavaThread "Signal Dispatcher"          daemon [_thread_blocked, id=26844, stack(0x000000b9b6100000,0x000000b9b6200000) (1024K)]
  0x0000020e966e3420 JavaThread "Attach Listener"            daemon [_thread_blocked, id=24724, stack(0x000000b9b6200000,0x000000b9b6300000) (1024K)]
  0x0000020e966e51f0 JavaThread "Service Thread"             daemon [_thread_blocked, id=26520, stack(0x000000b9b6300000,0x000000b9b6400000) (1024K)]
  0x0000020e966e5d20 JavaThread "Monitor Deflation Thread"   daemon [_thread_blocked, id=19860, stack(0x000000b9b6400000,0x000000b9b6500000) (1024K)]
  0x0000020e966e6ab0 JavaThread "C2 CompilerThread0"         daemon [_thread_in_vm, id=25104, stack(0x000000b9b6500000,0x000000b9b6600000) (1024K)]
  0x0000020e966eb380 JavaThread "C1 CompilerThread0"         daemon [_thread_blocked, id=12120, stack(0x000000b9b6600000,0x000000b9b6700000) (1024K)]
  0x0000020e9748f530 JavaThread "C1 CompilerThread1"         daemon [_thread_blocked, id=28888, stack(0x000000b9b6700000,0x000000b9b6800000) (1024K)]
  0x0000020e975ccb40 JavaThread "Notification Thread"        daemon [_thread_blocked, id=29220, stack(0x000000b9b6900000,0x000000b9b6a00000) (1024K)]
  0x0000020e975da240 JavaThread "Common-Cleaner"             daemon [_thread_blocked, id=36832, stack(0x000000b9b6a00000,0x000000b9b6b00000) (1024K)]
  0x0000020edf37c700 JavaThread "Thread-1"                   daemon [_thread_blocked, id=26936, stack(0x000000b9b7600000,0x000000b9b7700000) (1024K)]
  0x0000020edd0e9430 JavaThread "C2 CompilerThread1"         daemon [_thread_blocked, id=31504, stack(0x000000b9b6800000,0x000000b9b6900000) (1024K)]
=>0x0000020e976d8e20 JavaThread "C2 CompilerThread2"         daemon [_thread_in_native, id=14480, stack(0x000000b9b6e00000,0x000000b9b6f00000) (1024K)]
Total: 15

Other Threads:
  0x0000020e966bbc70 VMThread "VM Thread"                           [id=22376, stack(0x000000b9b5e00000,0x000000b9b5f00000) (1024K)]
  0x0000020e966a9460 WatcherThread "VM Periodic Task Thread"        [id=10796, stack(0x000000b9b5d00000,0x000000b9b5e00000) (1024K)]
  0x0000020ef76d7570 WorkerThread "GC Thread#0"                     [id=10940, stack(0x000000b9b5800000,0x000000b9b5900000) (1024K)]
  0x0000020edd218c20 WorkerThread "GC Thread#1"                     [id=2660, stack(0x000000b9b6f00000,0x000000b9b7000000) (1024K)]
  0x0000020edd1b5020 WorkerThread "GC Thread#2"                     [id=2072, stack(0x000000b9b7000000,0x000000b9b7100000) (1024K)]
  0x0000020edd1b53d0 WorkerThread "GC Thread#3"                     [id=12396, stack(0x000000b9b7100000,0x000000b9b7200000) (1024K)]
  0x0000020edd1cf420 WorkerThread "GC Thread#4"                     [id=14284, stack(0x000000b9b7200000,0x000000b9b7300000) (1024K)]
  0x0000020edd1d0e00 WorkerThread "GC Thread#5"                     [id=35828, stack(0x000000b9b7300000,0x000000b9b7400000) (1024K)]
  0x0000020edd1f0ab0 WorkerThread "GC Thread#6"                     [id=13880, stack(0x000000b9b7400000,0x000000b9b7500000) (1024K)]
  0x0000020edd1f1e70 WorkerThread "GC Thread#7"                     [id=28636, stack(0x000000b9b7500000,0x000000b9b7600000) (1024K)]
  0x0000020ede41fa40 WorkerThread "GC Thread#8"                     [id=5628, stack(0x000000b9b6b00000,0x000000b9b6c00000) (1024K)]
  0x0000020eddba7c30 WorkerThread "GC Thread#9"                     [id=7196, stack(0x000000b9b6c00000,0x000000b9b6d00000) (1024K)]
  0x0000020e97fc7820 WorkerThread "GC Thread#10"                    [id=32860, stack(0x000000b9b6d00000,0x000000b9b6e00000) (1024K)]
  0x0000020ef76e8030 ConcurrentGCThread "G1 Main Marker"            [id=30088, stack(0x000000b9b5900000,0x000000b9b5a00000) (1024K)]
  0x0000020ef76e9a90 WorkerThread "G1 Conc#0"                       [id=18684, stack(0x000000b9b5a00000,0x000000b9b5b00000) (1024K)]
  0x0000020e96578070 ConcurrentGCThread "G1 Refine#0"               [id=23872, stack(0x000000b9b5b00000,0x000000b9b5c00000) (1024K)]
  0x0000020e965798b0 ConcurrentGCThread "G1 Service"                [id=16320, stack(0x000000b9b5c00000,0x000000b9b5d00000) (1024K)]
Total: 17

Threads with active compile tasks:
C2 CompilerThread0    11195 3166       4       org.apache.maven.model.io.xpp3.MavenXpp3ReaderEx::checkFieldWithDuplicate (75 bytes)
C2 CompilerThread1    11195 3170       4       java.lang.String::indexOf (18 bytes)
C2 CompilerThread2    11195 3072       4       sun.util.locale.BaseLocale::getInstance (150 bytes)
Total: 3

VM state: not at safepoint (normal execution)

VM Mutex/Monitor currently owned by a thread: None

Heap address: 0x0000000705200000, size: 4014 MB, Compressed Oops mode: Zero based, Oop shift amount: 3

CDS archive(s) mapped at: [0x0000020e98000000-0x0000020e98c90000-0x0000020e98c90000), size 13172736, SharedBaseAddress: 0x0000020e98000000, ArchiveRelocationMode: 1.
Compressed class space mapped at: 0x0000020e99000000-0x0000020ed9000000, reserved size: 1073741824
Narrow klass base: 0x0000020e98000000, Narrow klass shift: 0, Narrow klass range: 0x100000000

GC Precious Log:
 CardTable entry size: 512
 Card Set container configuration: InlinePtr #cards 4 size 8 Array Of Cards #cards 16 size 48 Howl #buckets 8 coarsen threshold 3686 Howl Bitmap #cards 512 size 80 coarsen threshold 460 Card regions per heap region 1 cards per card region 4096
 CPUs: 16 total, 16 available
 Memory: 16052M
 Large Page Support: Disabled
 NUMA Support: Disabled
 Compressed Oops: Enabled (Zero based)
 Heap Region Size: 2M
 Heap Min Capacity: 8M
 Heap Initial Capacity: 252M
 Heap Max Capacity: 4014M
 Pre-touch: Disabled
 Parallel Workers: 13
 Concurrent Workers: 3
 Concurrent Refinement Workers: 13
 Periodic GC: Disabled

Heap:
 garbage-first heap   total 258048K, used 30115K [0x0000000705200000, 0x0000000800000000)
  region size 2048K, 14 young (28672K), 1 survivors (2048K)
 Metaspace       used 14992K, committed 15232K, reserved 1114112K
  class space    used 1771K, committed 1856K, reserved 1048576K

Heap Regions: E=young(eden), S=young(survivor), O=old, HS=humongous(starts), HC=humongous(continues), CS=collection set, F=free, TAMS=top-at-mark-start, PB=parsable bottom
|   0|0x0000000705200000, 0x0000000705400000, 0x0000000705400000|100%| O|  |TAMS 0x0000000705200000| PB 0x0000000705200000| Untracked 
|   1|0x0000000705400000, 0x0000000705568d58, 0x0000000705600000| 70%| O|  |TAMS 0x0000000705400000| PB 0x0000000705400000| Untracked 
|   2|0x0000000705600000, 0x0000000705600000, 0x0000000705800000|  0%| F|  |TAMS 0x0000000705600000| PB 0x0000000705600000| Untracked 
|   3|0x0000000705800000, 0x0000000705800000, 0x0000000705a00000|  0%| F|  |TAMS 0x0000000705800000| PB 0x0000000705800000| Untracked 
|   4|0x0000000705a00000, 0x0000000705a00000, 0x0000000705c00000|  0%| F|  |TAMS 0x0000000705a00000| PB 0x0000000705a00000| Untracked 
|   5|0x0000000705c00000, 0x0000000705c00000, 0x0000000705e00000|  0%| F|  |TAMS 0x0000000705c00000| PB 0x0000000705c00000| Untracked 
|   6|0x0000000705e00000, 0x0000000705e00000, 0x0000000706000000|  0%| F|  |TAMS 0x0000000705e00000| PB 0x0000000705e00000| Untracked 
|   7|0x0000000706000000, 0x0000000706000000, 0x0000000706200000|  0%| F|  |TAMS 0x0000000706000000| PB 0x0000000706000000| Untracked 
|   8|0x0000000706200000, 0x0000000706200000, 0x0000000706400000|  0%| F|  |TAMS 0x0000000706200000| PB 0x0000000706200000| Untracked 
|   9|0x0000000706400000, 0x0000000706400000, 0x0000000706600000|  0%| F|  |TAMS 0x0000000706400000| PB 0x0000000706400000| Untracked 
|  10|0x0000000706600000, 0x0000000706600000, 0x0000000706800000|  0%| F|  |TAMS 0x0000000706600000| PB 0x0000000706600000| Untracked 
|  11|0x0000000706800000, 0x0000000706800000, 0x0000000706a00000|  0%| F|  |TAMS 0x0000000706800000| PB 0x0000000706800000| Untracked 
|  12|0x0000000706a00000, 0x0000000706a00000, 0x0000000706c00000|  0%| F|  |TAMS 0x0000000706a00000| PB 0x0000000706a00000| Untracked 
|  13|0x0000000706c00000, 0x0000000706c00000, 0x0000000706e00000|  0%| F|  |TAMS 0x0000000706c00000| PB 0x0000000706c00000| Untracked 
|  14|0x0000000706e00000, 0x0000000706e00000, 0x0000000707000000|  0%| F|  |TAMS 0x0000000706e00000| PB 0x0000000706e00000| Untracked 
|  15|0x0000000707000000, 0x0000000707000000, 0x0000000707200000|  0%| F|  |TAMS 0x0000000707000000| PB 0x0000000707000000| Untracked 
|  16|0x0000000707200000, 0x0000000707200000, 0x0000000707400000|  0%| F|  |TAMS 0x0000000707200000| PB 0x0000000707200000| Untracked 
|  17|0x0000000707400000, 0x0000000707400000, 0x0000000707600000|  0%| F|  |TAMS 0x0000000707400000| PB 0x0000000707400000| Untracked 
|  18|0x0000000707600000, 0x0000000707600000, 0x0000000707800000|  0%| F|  |TAMS 0x0000000707600000| PB 0x0000000707600000| Untracked 
|  19|0x0000000707800000, 0x0000000707800000, 0x0000000707a00000|  0%| F|  |TAMS 0x0000000707800000| PB 0x0000000707800000| Untracked 
|  20|0x0000000707a00000, 0x0000000707a00000, 0x0000000707c00000|  0%| F|  |TAMS 0x0000000707a00000| PB 0x0000000707a00000| Untracked 
|  21|0x0000000707c00000, 0x0000000707c00000, 0x0000000707e00000|  0%| F|  |TAMS 0x0000000707c00000| PB 0x0000000707c00000| Untracked 
|  22|0x0000000707e00000, 0x0000000707e00000, 0x0000000708000000|  0%| F|  |TAMS 0x0000000707e00000| PB 0x0000000707e00000| Untracked 
|  23|0x0000000708000000, 0x0000000708000000, 0x0000000708200000|  0%| F|  |TAMS 0x0000000708000000| PB 0x0000000708000000| Untracked 
|  24|0x0000000708200000, 0x0000000708200000, 0x0000000708400000|  0%| F|  |TAMS 0x0000000708200000| PB 0x0000000708200000| Untracked 
|  25|0x0000000708400000, 0x0000000708400000, 0x0000000708600000|  0%| F|  |TAMS 0x0000000708400000| PB 0x0000000708400000| Untracked 
|  26|0x0000000708600000, 0x0000000708600000, 0x0000000708800000|  0%| F|  |TAMS 0x0000000708600000| PB 0x0000000708600000| Untracked 
|  27|0x0000000708800000, 0x0000000708800000, 0x0000000708a00000|  0%| F|  |TAMS 0x0000000708800000| PB 0x0000000708800000| Untracked 
|  28|0x0000000708a00000, 0x0000000708a00000, 0x0000000708c00000|  0%| F|  |TAMS 0x0000000708a00000| PB 0x0000000708a00000| Untracked 
|  29|0x0000000708c00000, 0x0000000708c00000, 0x0000000708e00000|  0%| F|  |TAMS 0x0000000708c00000| PB 0x0000000708c00000| Untracked 
|  30|0x0000000708e00000, 0x0000000708e00000, 0x0000000709000000|  0%| F|  |TAMS 0x0000000708e00000| PB 0x0000000708e00000| Untracked 
|  31|0x0000000709000000, 0x0000000709000000, 0x0000000709200000|  0%| F|  |TAMS 0x0000000709000000| PB 0x0000000709000000| Untracked 
|  32|0x0000000709200000, 0x0000000709200000, 0x0000000709400000|  0%| F|  |TAMS 0x0000000709200000| PB 0x0000000709200000| Untracked 
|  33|0x0000000709400000, 0x0000000709400000, 0x0000000709600000|  0%| F|  |TAMS 0x0000000709400000| PB 0x0000000709400000| Untracked 
|  34|0x0000000709600000, 0x0000000709600000, 0x0000000709800000|  0%| F|  |TAMS 0x0000000709600000| PB 0x0000000709600000| Untracked 
|  35|0x0000000709800000, 0x0000000709800000, 0x0000000709a00000|  0%| F|  |TAMS 0x0000000709800000| PB 0x0000000709800000| Untracked 
|  36|0x0000000709a00000, 0x0000000709a00000, 0x0000000709c00000|  0%| F|  |TAMS 0x0000000709a00000| PB 0x0000000709a00000| Untracked 
|  37|0x0000000709c00000, 0x0000000709c00000, 0x0000000709e00000|  0%| F|  |TAMS 0x0000000709c00000| PB 0x0000000709c00000| Untracked 
|  38|0x0000000709e00000, 0x0000000709e00000, 0x000000070a000000|  0%| F|  |TAMS 0x0000000709e00000| PB 0x0000000709e00000| Untracked 
|  39|0x000000070a000000, 0x000000070a000000, 0x000000070a200000|  0%| F|  |TAMS 0x000000070a000000| PB 0x000000070a000000| Untracked 
|  40|0x000000070a200000, 0x000000070a200000, 0x000000070a400000|  0%| F|  |TAMS 0x000000070a200000| PB 0x000000070a200000| Untracked 
|  41|0x000000070a400000, 0x000000070a400000, 0x000000070a600000|  0%| F|  |TAMS 0x000000070a400000| PB 0x000000070a400000| Untracked 
|  42|0x000000070a600000, 0x000000070a600000, 0x000000070a800000|  0%| F|  |TAMS 0x000000070a600000| PB 0x000000070a600000| Untracked 
|  43|0x000000070a800000, 0x000000070a800000, 0x000000070aa00000|  0%| F|  |TAMS 0x000000070a800000| PB 0x000000070a800000| Untracked 
|  44|0x000000070aa00000, 0x000000070aa00000, 0x000000070ac00000|  0%| F|  |TAMS 0x000000070aa00000| PB 0x000000070aa00000| Untracked 
|  45|0x000000070ac00000, 0x000000070ac00000, 0x000000070ae00000|  0%| F|  |TAMS 0x000000070ac00000| PB 0x000000070ac00000| Untracked 
|  46|0x000000070ae00000, 0x000000070ae00000, 0x000000070b000000|  0%| F|  |TAMS 0x000000070ae00000| PB 0x000000070ae00000| Untracked 
|  47|0x000000070b000000, 0x000000070b000000, 0x000000070b200000|  0%| F|  |TAMS 0x000000070b000000| PB 0x000000070b000000| Untracked 
|  48|0x000000070b200000, 0x000000070b200000, 0x000000070b400000|  0%| F|  |TAMS 0x000000070b200000| PB 0x000000070b200000| Untracked 
|  49|0x000000070b400000, 0x000000070b400000, 0x000000070b600000|  0%| F|  |TAMS 0x000000070b400000| PB 0x000000070b400000| Untracked 
|  50|0x000000070b600000, 0x000000070b600000, 0x000000070b800000|  0%| F|  |TAMS 0x000000070b600000| PB 0x000000070b600000| Untracked 
|  51|0x000000070b800000, 0x000000070b800000, 0x000000070ba00000|  0%| F|  |TAMS 0x000000070b800000| PB 0x000000070b800000| Untracked 
|  52|0x000000070ba00000, 0x000000070ba00000, 0x000000070bc00000|  0%| F|  |TAMS 0x000000070ba00000| PB 0x000000070ba00000| Untracked 
|  53|0x000000070bc00000, 0x000000070bc00000, 0x000000070be00000|  0%| F|  |TAMS 0x000000070bc00000| PB 0x000000070bc00000| Untracked 
|  54|0x000000070be00000, 0x000000070be00000, 0x000000070c000000|  0%| F|  |TAMS 0x000000070be00000| PB 0x000000070be00000| Untracked 
|  55|0x000000070c000000, 0x000000070c000000, 0x000000070c200000|  0%| F|  |TAMS 0x000000070c000000| PB 0x000000070c000000| Untracked 
|  56|0x000000070c200000, 0x000000070c200000, 0x000000070c400000|  0%| F|  |TAMS 0x000000070c200000| PB 0x000000070c200000| Untracked 
|  57|0x000000070c400000, 0x000000070c400000, 0x000000070c600000|  0%| F|  |TAMS 0x000000070c400000| PB 0x000000070c400000| Untracked 
|  58|0x000000070c600000, 0x000000070c600000, 0x000000070c800000|  0%| F|  |TAMS 0x000000070c600000| PB 0x000000070c600000| Untracked 
|  59|0x000000070c800000, 0x000000070c800000, 0x000000070ca00000|  0%| F|  |TAMS 0x000000070c800000| PB 0x000000070c800000| Untracked 
|  60|0x000000070ca00000, 0x000000070ca00000, 0x000000070cc00000|  0%| F|  |TAMS 0x000000070ca00000| PB 0x000000070ca00000| Untracked 
|  61|0x000000070cc00000, 0x000000070cc00000, 0x000000070ce00000|  0%| F|  |TAMS 0x000000070cc00000| PB 0x000000070cc00000| Untracked 
|  62|0x000000070ce00000, 0x000000070ce00000, 0x000000070d000000|  0%| F|  |TAMS 0x000000070ce00000| PB 0x000000070ce00000| Untracked 
|  63|0x000000070d000000, 0x000000070d000000, 0x000000070d200000|  0%| F|  |TAMS 0x000000070d000000| PB 0x000000070d000000| Untracked 
|  64|0x000000070d200000, 0x000000070d200000, 0x000000070d400000|  0%| F|  |TAMS 0x000000070d200000| PB 0x000000070d200000| Untracked 
|  65|0x000000070d400000, 0x000000070d400000, 0x000000070d600000|  0%| F|  |TAMS 0x000000070d400000| PB 0x000000070d400000| Untracked 
|  66|0x000000070d600000, 0x000000070d600000, 0x000000070d800000|  0%| F|  |TAMS 0x000000070d600000| PB 0x000000070d600000| Untracked 
|  67|0x000000070d800000, 0x000000070d800000, 0x000000070da00000|  0%| F|  |TAMS 0x000000070d800000| PB 0x000000070d800000| Untracked 
|  68|0x000000070da00000, 0x000000070da00000, 0x000000070dc00000|  0%| F|  |TAMS 0x000000070da00000| PB 0x000000070da00000| Untracked 
|  69|0x000000070dc00000, 0x000000070dc00000, 0x000000070de00000|  0%| F|  |TAMS 0x000000070dc00000| PB 0x000000070dc00000| Untracked 
|  70|0x000000070de00000, 0x000000070de00000, 0x000000070e000000|  0%| F|  |TAMS 0x000000070de00000| PB 0x000000070de00000| Untracked 
|  71|0x000000070e000000, 0x000000070e000000, 0x000000070e200000|  0%| F|  |TAMS 0x000000070e000000| PB 0x000000070e000000| Untracked 
|  72|0x000000070e200000, 0x000000070e200000, 0x000000070e400000|  0%| F|  |TAMS 0x000000070e200000| PB 0x000000070e200000| Untracked 
|  73|0x000000070e400000, 0x000000070e400000, 0x000000070e600000|  0%| F|  |TAMS 0x000000070e400000| PB 0x000000070e400000| Untracked 
|  74|0x000000070e600000, 0x000000070e600000, 0x000000070e800000|  0%| F|  |TAMS 0x000000070e600000| PB 0x000000070e600000| Untracked 
|  75|0x000000070e800000, 0x000000070e800000, 0x000000070ea00000|  0%| F|  |TAMS 0x000000070e800000| PB 0x000000070e800000| Untracked 
|  76|0x000000070ea00000, 0x000000070ea00000, 0x000000070ec00000|  0%| F|  |TAMS 0x000000070ea00000| PB 0x000000070ea00000| Untracked 
|  77|0x000000070ec00000, 0x000000070ec00000, 0x000000070ee00000|  0%| F|  |TAMS 0x000000070ec00000| PB 0x000000070ec00000| Untracked 
|  78|0x000000070ee00000, 0x000000070ee00000, 0x000000070f000000|  0%| F|  |TAMS 0x000000070ee00000| PB 0x000000070ee00000| Untracked 
|  79|0x000000070f000000, 0x000000070f000000, 0x000000070f200000|  0%| F|  |TAMS 0x000000070f000000| PB 0x000000070f000000| Untracked 
|  80|0x000000070f200000, 0x000000070f200000, 0x000000070f400000|  0%| F|  |TAMS 0x000000070f200000| PB 0x000000070f200000| Untracked 
|  81|0x000000070f400000, 0x000000070f400000, 0x000000070f600000|  0%| F|  |TAMS 0x000000070f400000| PB 0x000000070f400000| Untracked 
|  82|0x000000070f600000, 0x000000070f600000, 0x000000070f800000|  0%| F|  |TAMS 0x000000070f600000| PB 0x000000070f600000| Untracked 
|  83|0x000000070f800000, 0x000000070f800000, 0x000000070fa00000|  0%| F|  |TAMS 0x000000070f800000| PB 0x000000070f800000| Untracked 
|  84|0x000000070fa00000, 0x000000070fa00000, 0x000000070fc00000|  0%| F|  |TAMS 0x000000070fa00000| PB 0x000000070fa00000| Untracked 
|  85|0x000000070fc00000, 0x000000070fc00000, 0x000000070fe00000|  0%| F|  |TAMS 0x000000070fc00000| PB 0x000000070fc00000| Untracked 
|  86|0x000000070fe00000, 0x000000070fe00000, 0x0000000710000000|  0%| F|  |TAMS 0x000000070fe00000| PB 0x000000070fe00000| Untracked 
|  87|0x0000000710000000, 0x0000000710000000, 0x0000000710200000|  0%| F|  |TAMS 0x0000000710000000| PB 0x0000000710000000| Untracked 
|  88|0x0000000710200000, 0x0000000710200000, 0x0000000710400000|  0%| F|  |TAMS 0x0000000710200000| PB 0x0000000710200000| Untracked 
|  89|0x0000000710400000, 0x0000000710400000, 0x0000000710600000|  0%| F|  |TAMS 0x0000000710400000| PB 0x0000000710400000| Untracked 
|  90|0x0000000710600000, 0x0000000710600000, 0x0000000710800000|  0%| F|  |TAMS 0x0000000710600000| PB 0x0000000710600000| Untracked 
|  91|0x0000000710800000, 0x0000000710800000, 0x0000000710a00000|  0%| F|  |TAMS 0x0000000710800000| PB 0x0000000710800000| Untracked 
|  92|0x0000000710a00000, 0x0000000710a00000, 0x0000000710c00000|  0%| F|  |TAMS 0x0000000710a00000| PB 0x0000000710a00000| Untracked 
|  93|0x0000000710c00000, 0x0000000710c00000, 0x0000000710e00000|  0%| F|  |TAMS 0x0000000710c00000| PB 0x0000000710c00000| Untracked 
|  94|0x0000000710e00000, 0x0000000710e00000, 0x0000000711000000|  0%| F|  |TAMS 0x0000000710e00000| PB 0x0000000710e00000| Untracked 
|  95|0x0000000711000000, 0x0000000711000000, 0x0000000711200000|  0%| F|  |TAMS 0x0000000711000000| PB 0x0000000711000000| Untracked 
|  96|0x0000000711200000, 0x0000000711200000, 0x0000000711400000|  0%| F|  |TAMS 0x0000000711200000| PB 0x0000000711200000| Untracked 
|  97|0x0000000711400000, 0x0000000711400000, 0x0000000711600000|  0%| F|  |TAMS 0x0000000711400000| PB 0x0000000711400000| Untracked 
|  98|0x0000000711600000, 0x0000000711600000, 0x0000000711800000|  0%| F|  |TAMS 0x0000000711600000| PB 0x0000000711600000| Untracked 
|  99|0x0000000711800000, 0x0000000711800000, 0x0000000711a00000|  0%| F|  |TAMS 0x0000000711800000| PB 0x0000000711800000| Untracked 
| 100|0x0000000711a00000, 0x0000000711a00000, 0x0000000711c00000|  0%| F|  |TAMS 0x0000000711a00000| PB 0x0000000711a00000| Untracked 
| 101|0x0000000711c00000, 0x0000000711c00000, 0x0000000711e00000|  0%| F|  |TAMS 0x0000000711c00000| PB 0x0000000711c00000| Untracked 
| 102|0x0000000711e00000, 0x0000000711e00000, 0x0000000712000000|  0%| F|  |TAMS 0x0000000711e00000| PB 0x0000000711e00000| Untracked 
| 103|0x0000000712000000, 0x0000000712000000, 0x0000000712200000|  0%| F|  |TAMS 0x0000000712000000| PB 0x0000000712000000| Untracked 
| 104|0x0000000712200000, 0x0000000712200000, 0x0000000712400000|  0%| F|  |TAMS 0x0000000712200000| PB 0x0000000712200000| Untracked 
| 105|0x0000000712400000, 0x0000000712600000, 0x0000000712600000|100%| S|CS|TAMS 0x0000000712400000| PB 0x0000000712400000| Complete 
| 106|0x0000000712600000, 0x0000000712600000, 0x0000000712800000|  0%| F|  |TAMS 0x0000000712600000| PB 0x0000000712600000| Untracked 
| 107|0x0000000712800000, 0x0000000712800000, 0x0000000712a00000|  0%| F|  |TAMS 0x0000000712800000| PB 0x0000000712800000| Untracked 
| 108|0x0000000712a00000, 0x0000000712a00000, 0x0000000712c00000|  0%| F|  |TAMS 0x0000000712a00000| PB 0x0000000712a00000| Untracked 
| 109|0x0000000712c00000, 0x0000000712c00000, 0x0000000712e00000|  0%| F|  |TAMS 0x0000000712c00000| PB 0x0000000712c00000| Untracked 
| 110|0x0000000712e00000, 0x0000000712e00000, 0x0000000713000000|  0%| F|  |TAMS 0x0000000712e00000| PB 0x0000000712e00000| Untracked 
| 111|0x0000000713000000, 0x0000000713000000, 0x0000000713200000|  0%| F|  |TAMS 0x0000000713000000| PB 0x0000000713000000| Untracked 
| 112|0x0000000713200000, 0x0000000713200000, 0x0000000713400000|  0%| F|  |TAMS 0x0000000713200000| PB 0x0000000713200000| Untracked 
| 113|0x0000000713400000, 0x000000071356ca98, 0x0000000713600000| 71%| E|  |TAMS 0x0000000713400000| PB 0x0000000713400000| Complete 
| 114|0x0000000713600000, 0x0000000713800000, 0x0000000713800000|100%| E|CS|TAMS 0x0000000713600000| PB 0x0000000713600000| Complete 
| 115|0x0000000713800000, 0x0000000713a00000, 0x0000000713a00000|100%| E|CS|TAMS 0x0000000713800000| PB 0x0000000713800000| Complete 
| 116|0x0000000713a00000, 0x0000000713c00000, 0x0000000713c00000|100%| E|CS|TAMS 0x0000000713a00000| PB 0x0000000713a00000| Complete 
| 117|0x0000000713c00000, 0x0000000713e00000, 0x0000000713e00000|100%| E|CS|TAMS 0x0000000713c00000| PB 0x0000000713c00000| Complete 
| 118|0x0000000713e00000, 0x0000000714000000, 0x0000000714000000|100%| E|CS|TAMS 0x0000000713e00000| PB 0x0000000713e00000| Complete 
| 119|0x0000000714000000, 0x0000000714200000, 0x0000000714200000|100%| E|CS|TAMS 0x0000000714000000| PB 0x0000000714000000| Complete 
| 120|0x0000000714200000, 0x0000000714400000, 0x0000000714400000|100%| E|CS|TAMS 0x0000000714200000| PB 0x0000000714200000| Complete 
| 121|0x0000000714400000, 0x0000000714600000, 0x0000000714600000|100%| E|CS|TAMS 0x0000000714400000| PB 0x0000000714400000| Complete 
| 122|0x0000000714600000, 0x0000000714800000, 0x0000000714800000|100%| E|CS|TAMS 0x0000000714600000| PB 0x0000000714600000| Complete 
| 123|0x0000000714800000, 0x0000000714a00000, 0x0000000714a00000|100%| E|CS|TAMS 0x0000000714800000| PB 0x0000000714800000| Complete 
| 124|0x0000000714a00000, 0x0000000714c00000, 0x0000000714c00000|100%| E|CS|TAMS 0x0000000714a00000| PB 0x0000000714a00000| Complete 
| 125|0x0000000714c00000, 0x0000000714e00000, 0x0000000714e00000|100%| E|CS|TAMS 0x0000000714c00000| PB 0x0000000714c00000| Complete 

Card table byte_map: [0x0000020e8fc30000,0x0000020e90410000] _byte_map_base: 0x0000020e8c407000

Marking Bits: (CMBitMap*) 0x0000020ef76d7c80
 Bits: [0x0000020e90410000, 0x0000020e942c8000)

Polling page: 0x0000020ef5620000

Metaspace:

Usage:
  Non-class:     12.91 MB used.
      Class:      1.73 MB used.
       Both:     14.64 MB used.

Virtual space:
  Non-class space:       64.00 MB reserved,      13.06 MB ( 20%) committed,  1 nodes.
      Class space:        1.00 GB reserved,       1.81 MB ( <1%) committed,  1 nodes.
             Both:        1.06 GB reserved,      14.88 MB (  1%) committed. 

Chunk freelists:
   Non-Class:  2.42 MB
       Class:  14.00 MB
        Both:  16.43 MB

MaxMetaspaceSize: unlimited
CompressedClassSpaceSize: 1.00 GB
Initial GC threshold: 21.00 MB
Current GC threshold: 21.00 MB
CDS: on
 - commit_granule_bytes: 65536.
 - commit_granule_words: 8192.
 - virtual_space_node_default_size: 8388608.
 - enlarge_chunks_in_place: 1.
 - use_allocation_guard: 0.


Internal statistics:

num_allocs_failed_limit: 0.
num_arena_births: 170.
num_arena_deaths: 0.
num_vsnodes_births: 2.
num_vsnodes_deaths: 0.
num_space_committed: 238.
num_space_uncommitted: 0.
num_chunks_returned_to_freelist: 0.
num_chunks_taken_from_freelist: 657.
num_chunk_merges: 0.
num_chunk_splits: 465.
num_chunks_enlarged: 384.
num_inconsistent_stats: 0.

CodeHeap 'non-profiled nmethods': size=119168Kb used=1357Kb max_used=1357Kb free=117811Kb
 bounds [0x0000020e87ba0000, 0x0000020e87e10000, 0x0000020e8f000000]
CodeHeap 'profiled nmethods': size=119104Kb used=6455Kb max_used=6455Kb free=112648Kb
 bounds [0x0000020e80000000, 0x0000020e80650000, 0x0000020e87450000]
CodeHeap 'non-nmethods': size=7488Kb used=1958Kb max_used=3101Kb free=5529Kb
 bounds [0x0000020e87450000, 0x0000020e87770000, 0x0000020e87ba0000]
 total_blobs=3664 nmethods=3173 adapters=394
 compilation: enabled
              stopped_count=0, restarted_count=0
 full_count=0

Compilation events (20 events):
Event: 9.113 Thread 0x0000020e966eb380 3106       3       java.util.regex.Pattern$BmpCharProperty::match (55 bytes)
Event: 9.114 Thread 0x0000020e966eb380 nmethod 3106 0x0000020e8062e610 code [0x0000020e8062e800, 0x0000020e8062ecb0]
Event: 9.118 Thread 0x0000020edd0e9430 nmethod 3099 0x0000020e87ce9890 code [0x0000020e87ce9a80, 0x0000020e87cea1c0]
Event: 9.119 Thread 0x0000020ede9011f0 3107       3       sun.net.util.URLUtil::urlNoFragString (143 bytes)
Event: 9.120 Thread 0x0000020e966e6ab0 nmethod 3104 0x0000020e87cea590 code [0x0000020e87cea780, 0x0000020e87ceaee0]
Event: 9.120 Thread 0x0000020e966eb380 3108       1       com.google.inject.internal.InjectorBindingData::getIndexedExplicitBindings (5 bytes)
Event: 9.120 Thread 0x0000020ede9011f0 nmethod 3107 0x0000020e8062ee10 code [0x0000020e8062f140, 0x0000020e80630110]
Event: 9.120 Thread 0x0000020e966eb380 nmethod 3108 0x0000020e87ceb290 code [0x0000020e87ceb420, 0x0000020e87ceb4f0]
Event: 9.120 Thread 0x0000020e9748f530 3109       3       java.util.Collections$UnmodifiableList::get (11 bytes)
Event: 9.121 Thread 0x0000020e9748f530 nmethod 3109 0x0000020e80630690 code [0x0000020e80630840, 0x0000020e80630a20]
Event: 9.121 Thread 0x0000020e9748f530 3110       3       com.google.common.collect.AbstractMapBasedMultimap$WrappedList::get (15 bytes)
Event: 9.121 Thread 0x0000020ede9011f0 3112       3       org.eclipse.sisu.inject.Implementations::getAnnotation (102 bytes)
Event: 9.121 Thread 0x0000020e966eb380 3111       3       com.google.common.collect.AbstractMapBasedMultimap$WrappedList::getListDelegate (8 bytes)
Event: 9.121 Thread 0x0000020e9748f530 nmethod 3110 0x0000020e80630b10 code [0x0000020e80630ce0, 0x0000020e80631210]
Event: 9.121 Thread 0x0000020e966eb380 nmethod 3111 0x0000020e80631390 code [0x0000020e80631540, 0x0000020e806317f0]
Event: 9.121 Thread 0x0000020ede9011f0 nmethod 3112 0x0000020e80631890 code [0x0000020e80631b00, 0x0000020e80632640]
Event: 9.121 Thread 0x0000020edd0e9430 3113       4       java.util.HashMap::putVal (300 bytes)
Event: 9.122 Thread 0x0000020e966e6ab0 3114       4       org.objectweb.asm.MethodWriter::visitInsn (115 bytes)
Event: 11.125 Thread 0x0000020e966e6ab0 nmethod 3114 0x0000020e87ceb590 code [0x0000020e87ceb740, 0x0000020e87ceba28]
Event: 11.134 Thread 0x0000020edd0e9430 nmethod 3113 0x0000020e87cebc90 code [0x0000020e87cebec0, 0x0000020e87cec798]

GC Heap History (4 events):
Event: 1.537 GC heap before
{Heap before GC invocations=0 (full 0):
 garbage-first heap   total 258048K, used 22528K [0x0000000705200000, 0x0000000800000000)
  region size 2048K, 11 young (22528K), 0 survivors (0K)
 Metaspace       used 5534K, committed 5760K, reserved 1114112K
  class space    used 632K, committed 768K, reserved 1048576K
}
Event: 1.545 GC heap after
{Heap after GC invocations=1 (full 0):
 garbage-first heap   total 258048K, used 3785K [0x0000000705200000, 0x0000000800000000)
  region size 2048K, 2 young (4096K), 2 survivors (4096K)
 Metaspace       used 5534K, committed 5760K, reserved 1114112K
  class space    used 632K, committed 768K, reserved 1048576K
}
Event: 6.179 GC heap before
{Heap before GC invocations=1 (full 0):
 garbage-first heap   total 258048K, used 40649K [0x0000000705200000, 0x0000000800000000)
  region size 2048K, 20 young (40960K), 2 survivors (4096K)
 Metaspace       used 10259K, committed 10368K, reserved 1114112K
  class space    used 1207K, committed 1280K, reserved 1048576K
}
Event: 6.185 GC heap after
{Heap after GC invocations=2 (full 0):
 garbage-first heap   total 258048K, used 5539K [0x0000000705200000, 0x0000000800000000)
  region size 2048K, 1 young (2048K), 1 survivors (2048K)
 Metaspace       used 10259K, committed 10368K, reserved 1114112K
  class space    used 1207K, committed 1280K, reserved 1048576K
}

Dll operation events (8 events):
Event: 0.008 Loaded shared library C:\Program Files\Java\jdk-21.0.9\bin\java.dll
Event: 0.036 Loaded shared library C:\Program Files\Java\jdk-21.0.9\bin\jsvml.dll
Event: 0.053 Loaded shared library C:\Program Files\Java\jdk-21.0.9\bin\net.dll
Event: 0.055 Loaded shared library C:\Program Files\Java\jdk-21.0.9\bin\nio.dll
Event: 0.060 Loaded shared library C:\Program Files\Java\jdk-21.0.9\bin\zip.dll
Event: 0.213 Loaded shared library C:\Program Files\Java\jdk-21.0.9\bin\jimage.dll
Event: 0.214 Loaded shared library C:\Users\rishi\.m2\wrapper\dists\apache-maven-3.9.11\03d7e36a140982eea48e22c1dcac01d8862b2550b2939e09a0809bbc5182a5bc\lib\jansi-native\Windows\x86_64\jansi.dll
Event: 0.231 Loaded shared library C:\Program Files\Java\jdk-21.0.9\bin\verify.dll

Deoptimization events (20 events):
Event: 9.073 Thread 0x0000020ef76754d0 Uncommon trap: trap_request=0xffffffc6 fr.pc=0x0000020e87c537ec relative=0x000000000000038c
Event: 9.073 Thread 0x0000020ef76754d0 Uncommon trap: reason=bimorphic_or_optimized_type_check action=maybe_recompile pc=0x0000020e87c537ec method=java.nio.Buffer.<init>(IIIILjava/lang/foreign/MemorySegment;)V @ 39 c2
Event: 9.073 Thread 0x0000020ef76754d0 DEOPT PACKING pc=0x0000020e87c537ec sp=0x000000b9b57fcf10
Event: 9.073 Thread 0x0000020ef76754d0 DEOPT UNPACKING pc=0x0000020e874a46a2 sp=0x000000b9b57fceb8 mode 2
Event: 9.073 Thread 0x0000020ef76754d0 Uncommon trap: trap_request=0xffffff45 fr.pc=0x0000020e87bfdae4 relative=0x00000000000000c4
Event: 9.073 Thread 0x0000020ef76754d0 Uncommon trap: reason=unstable_if action=reinterpret pc=0x0000020e87bfdae4 method=java.nio.Buffer.limit(I)Ljava/nio/Buffer; @ 42 c2
Event: 9.073 Thread 0x0000020ef76754d0 DEOPT PACKING pc=0x0000020e87bfdae4 sp=0x000000b9b57fd320
Event: 9.073 Thread 0x0000020ef76754d0 DEOPT UNPACKING pc=0x0000020e874a46a2 sp=0x000000b9b57fd2a8 mode 2
Event: 9.074 Thread 0x0000020ef76754d0 Uncommon trap: trap_request=0xffffffc6 fr.pc=0x0000020e87c537ec relative=0x000000000000038c
Event: 9.074 Thread 0x0000020ef76754d0 Uncommon trap: reason=bimorphic_or_optimized_type_check action=maybe_recompile pc=0x0000020e87c537ec method=java.nio.Buffer.<init>(IIIILjava/lang/foreign/MemorySegment;)V @ 39 c2
Event: 9.074 Thread 0x0000020ef76754d0 DEOPT PACKING pc=0x0000020e87c537ec sp=0x000000b9b57fcfe0
Event: 9.074 Thread 0x0000020ef76754d0 DEOPT UNPACKING pc=0x0000020e874a46a2 sp=0x000000b9b57fcf88 mode 2
Event: 9.074 Thread 0x0000020ef76754d0 Uncommon trap: trap_request=0xffffffc6 fr.pc=0x0000020e87c537ec relative=0x000000000000038c
Event: 9.074 Thread 0x0000020ef76754d0 Uncommon trap: reason=bimorphic_or_optimized_type_check action=maybe_recompile pc=0x0000020e87c537ec method=java.nio.Buffer.<init>(IIIILjava/lang/foreign/MemorySegment;)V @ 39 c2
Event: 9.074 Thread 0x0000020ef76754d0 DEOPT PACKING pc=0x0000020e87c537ec sp=0x000000b9b57fd0b0
Event: 9.074 Thread 0x0000020ef76754d0 DEOPT UNPACKING pc=0x0000020e874a46a2 sp=0x000000b9b57fd058 mode 2
Event: 9.110 Thread 0x0000020ef76754d0 Uncommon trap: trap_request=0xffffffde fr.pc=0x0000020e87c4c02c relative=0x000000000000086c
Event: 9.110 Thread 0x0000020ef76754d0 Uncommon trap: reason=class_check action=maybe_recompile pc=0x0000020e87c4c02c method=java.util.HashMap.putVal(ILjava/lang/Object;Ljava/lang/Object;ZZ)Ljava/lang/Object; @ 203 c2
Event: 9.110 Thread 0x0000020ef76754d0 DEOPT PACKING pc=0x0000020e87c4c02c sp=0x000000b9b57fdea0
Event: 9.110 Thread 0x0000020ef76754d0 DEOPT UNPACKING pc=0x0000020e874a46a2 sp=0x000000b9b57fde20 mode 2

Classes loaded (20 events):
Event: 8.991 Loading class sun/nio/ch/FileLockTable$FileLockReference
Event: 8.991 Loading class sun/nio/ch/FileLockTable$FileLockReference done
Event: 8.991 Loading class java/nio/channels/spi/AbstractInterruptibleChannel$1
Event: 8.991 Loading class sun/nio/ch/Interruptible
Event: 8.991 Loading class sun/nio/ch/Interruptible done
Event: 8.991 Loading class java/nio/channels/spi/AbstractInterruptibleChannel$1 done
Event: 8.992 Loading class java/util/AbstractMap$2
Event: 8.992 Loading class java/util/AbstractMap$2 done
Event: 8.992 Loading class java/util/AbstractMap$2$1
Event: 8.992 Loading class java/util/AbstractMap$2$1 done
Event: 9.072 Loading class sun/util/resources/LocaleData$CommonResourceBundleProvider
Event: 9.072 Loading class sun/util/resources/LocaleData$LocaleDataResourceBundleProvider
Event: 9.072 Loading class java/util/spi/ResourceBundleProvider
Event: 9.072 Loading class java/util/spi/ResourceBundleProvider done
Event: 9.072 Loading class sun/util/resources/LocaleData$LocaleDataResourceBundleProvider done
Event: 9.072 Loading class sun/util/resources/LocaleData$CommonResourceBundleProvider done
Event: 9.072 Loading class sun/util/resources/Bundles$2
Event: 9.072 Loading class sun/util/resources/Bundles$2 done
Event: 9.120 Loading class java/util/StringTokenizer
Event: 9.120 Loading class java/util/StringTokenizer done

Classes unloaded (0 events):
No events

Classes redefined (0 events):
No events

Internal exceptions (20 events):
Event: 1.462 Thread 0x0000020ef76754d0 Exception <a 'java/lang/NoSuchMethodError'{0x00000007138f9a68}: 'int java.lang.invoke.DirectMethodHandle$Holder.invokeStaticInit(java.lang.Object, java.lang.Object)'> (0x00000007138f9a68) 
thrown [s\open\src\hotspot\share\interpreter\linkResolver.cpp, line 773]
Event: 1.485 Thread 0x0000020ef76754d0 Exception <a 'java/lang/NoClassDefFoundError'{0x0000000713932ab0}: javax/enterprise/inject/Typed> (0x0000000713932ab0) 
thrown [s\open\src\hotspot\share\classfile\systemDictionary.cpp, line 301]
Event: 6.233 Thread 0x0000020ef76754d0 Exception <a 'java/lang/NoSuchMethodError'{0x0000000714a05340}: 'void java.lang.invoke.DirectMethodHandle$Holder.invokeStaticInit(java.lang.Object, java.lang.Object, java.lang.Object)'> (0x0000000714a05340) 
thrown [s\open\src\hotspot\share\interpreter\linkResolver.cpp, line 773]
Event: 6.238 Thread 0x0000020ef76754d0 Exception <a 'java/lang/ExceptionInInitializerError'{0x0000000714a33b78}> (0x0000000714a33b78) 
thrown [s\open\src\hotspot\share\oops\instanceKlass.cpp, line 1192]
Event: 6.251 Thread 0x0000020ef76754d0 Exception <a 'java/lang/NoSuchMethodError'{0x0000000714a9eea8}: 'long java.lang.invoke.DirectMethodHandle$Holder.invokeStatic(java.lang.Object, java.lang.Object, int)'> (0x0000000714a9eea8) 
thrown [s\open\src\hotspot\share\interpreter\linkResolver.cpp, line 773]
Event: 6.252 Thread 0x0000020ef76754d0 Exception <a 'java/lang/NoSuchMethodError'{0x0000000714ab1f80}: 'java.lang.Object java.lang.invoke.DirectMethodHandle$Holder.invokeStatic(java.lang.Object, java.lang.Object, java.lang.Object, java.lang.Object, int)'> (0x0000000714ab1f80) 
thrown [s\open\src\hotspot\share\interpreter\linkResolver.cpp, line 773]
Event: 6.253 Thread 0x0000020ef76754d0 Exception <a 'java/lang/NoSuchMethodError'{0x0000000714b0cc88}: 'java.lang.Object java.lang.invoke.DirectMethodHandle$Holder.invokeSpecial(java.lang.Object, java.lang.Object, java.lang.Object, java.lang.Object, long)'> (0x0000000714b0cc88) 
thrown [s\open\src\hotspot\share\interpreter\linkResolver.cpp, line 773]
Event: 6.254 Thread 0x0000020ef76754d0 Exception <a 'java/lang/NoSuchMethodError'{0x0000000714b187a8}: 'java.lang.Object java.lang.invoke.DirectMethodHandle$Holder.invokeSpecial(java.lang.Object, java.lang.Object, java.lang.Object, int, java.lang.Object)'> (0x0000000714b187a8) 
thrown [s\open\src\hotspot\share\interpreter\linkResolver.cpp, line 773]
Event: 6.255 Thread 0x0000020ef76754d0 Exception <a 'java/lang/NoSuchMethodError'{0x0000000714b208e8}: 'int java.lang.invoke.DirectMethodHandle$Holder.invokeSpecial(java.lang.Object, java.lang.Object, java.lang.Object, int)'> (0x0000000714b208e8) 
thrown [s\open\src\hotspot\share\interpreter\linkResolver.cpp, line 773]
Event: 6.259 Thread 0x0000020ef76754d0 Implicit null exception at 0x0000020e87c4cb5d to 0x0000020e87c4cd68
Event: 6.261 Thread 0x0000020ef76754d0 Exception <a 'java/lang/NoSuchMethodError'{0x0000000714b456d8}: 'java.lang.Object java.lang.invoke.Invokers$Holder.invokeExact_MT(java.lang.Object, int, java.lang.Object)'> (0x0000000714b456d8) 
thrown [s\open\src\hotspot\share\interpreter\linkResolver.cpp, line 773]
Event: 6.554 Thread 0x0000020ef76754d0 Exception <a 'java/lang/NoSuchMethodError'{0x0000000714024738}: 'void java.lang.invoke.Invokers$Holder.invokeExact_MT(java.lang.Object, java.lang.Object, java.lang.Object, java.lang.Object)'> (0x0000000714024738) 
thrown [s\open\src\hotspot\share\interpreter\linkResolver.cpp, line 773]
Event: 6.581 Thread 0x0000020ef76754d0 Exception <a 'java/lang/NoClassDefFoundError'{0x00000007140b83a0}: com/google/inject/servlet/ServletModuleTargetVisitor> (0x00000007140b83a0) 
thrown [s\open\src\hotspot\share\classfile\systemDictionary.cpp, line 301]
Event: 6.661 Thread 0x0000020ef76754d0 Exception <a 'java/lang/NoSuchMethodError'{0x0000000713e81a58}: 'void java.lang.invoke.DirectMethodHandle$Holder.invokeVirtual(java.lang.Object, java.lang.Object)'> (0x0000000713e81a58) 
thrown [s\open\src\hotspot\share\interpreter\linkResolver.cpp, line 773]
Event: 6.697 Thread 0x0000020ef76754d0 Exception <a 'java/lang/NoSuchMethodError'{0x0000000713f01590}: 'java.lang.Object java.lang.invoke.DirectMethodHandle$Holder.invokeStaticInit(java.lang.Object, int, int, int, int)'> (0x0000000713f01590) 
thrown [s\open\src\hotspot\share\interpreter\linkResolver.cpp, line 773]
Event: 8.923 Thread 0x0000020ef76754d0 Implicit null exception at 0x0000020e87bd25a4 to 0x0000020e87bd2c1c
Event: 8.924 Thread 0x0000020ef76754d0 Implicit null exception at 0x0000020e87bcd3a0 to 0x0000020e87bcda0c
Event: 9.005 Thread 0x0000020ef76754d0 Exception <a 'java/lang/NoSuchMethodError'{0x00000007138cc7b8}: 'void java.lang.invoke.DirectMethodHandle$Holder.invokeSpecial(java.lang.Object, java.lang.Object, java.lang.Object, java.lang.Object, java.lang.Object)'> (0x00000007138cc7b8) 
thrown [s\open\src\hotspot\share\interpreter\linkResolver.cpp, line 773]
Event: 9.008 Thread 0x0000020ef76754d0 Exception <a 'java/lang/NoSuchMethodError'{0x00000007138e2588}: 'void java.lang.invoke.DirectMethodHandle$Holder.invokeSpecial(java.lang.Object, java.lang.Object, java.lang.Object, java.lang.Object, java.lang.Object, java.lang.Object)'> (0x00000007138e2588) 
thrown [s\open\src\hotspot\share\interpreter\linkResolver.cpp, line 773]
Event: 9.040 Thread 0x0000020ef76754d0 Exception <a 'java/lang/NoSuchMethodError'{0x00000007139d4da8}: 'java.lang.Object java.lang.invoke.DirectMethodHandle$Holder.invokeVirtual(java.lang.Object, java.lang.Object, java.lang.Object)'> (0x00000007139d4da8) 
thrown [s\open\src\hotspot\share\interpreter\linkResolver.cpp, line 773]

ZGC Phase Switch (0 events):
No events

VM Operations (20 events):
Event: 6.529 Executing VM operation: ICBufferFull
Event: 6.529 Executing VM operation: ICBufferFull done
Event: 6.549 Executing VM operation: HandshakeAllThreads (Deoptimize)
Event: 6.549 Executing VM operation: HandshakeAllThreads (Deoptimize) done
Event: 6.670 Executing VM operation: HandshakeAllThreads (Deoptimize)
Event: 6.670 Executing VM operation: HandshakeAllThreads (Deoptimize) done
Event: 6.718 Executing VM operation: HandshakeAllThreads (Deoptimize)
Event: 6.718 Executing VM operation: HandshakeAllThreads (Deoptimize) done
Event: 6.757 Executing VM operation: HandshakeAllThreads (Deoptimize)
Event: 6.757 Executing VM operation: HandshakeAllThreads (Deoptimize) done
Event: 7.766 Executing VM operation: Cleanup
Event: 7.766 Executing VM operation: Cleanup done
Event: 7.852 Executing VM operation: HandshakeAllThreads (Deoptimize)
Event: 7.852 Executing VM operation: HandshakeAllThreads (Deoptimize) done
Event: 7.853 Executing VM operation: HandshakeAllThreads (Deoptimize)
Event: 7.853 Executing VM operation: HandshakeAllThreads (Deoptimize) done
Event: 8.868 Executing VM operation: Cleanup
Event: 8.886 Executing VM operation: Cleanup done
Event: 9.898 Executing VM operation: Cleanup
Event: 9.898 Executing VM operation: Cleanup done

Events (20 events):
Event: 1.588 Thread 0x0000020edd7d3a10 Thread added: 0x0000020edd7d3a10
Event: 3.830 Thread 0x0000020e979cd2e0 Thread exited: 0x0000020e979cd2e0
Event: 3.842 Thread 0x0000020e974abc00 Thread exited: 0x0000020e974abc00
Event: 3.948 Thread 0x0000020edd0e9430 Thread added: 0x0000020edd0e9430
Event: 3.948 Thread 0x0000020edd0e9ae0 Thread added: 0x0000020edd0e9ae0
Event: 4.345 Thread 0x0000020edd7d3a10 Thread exited: 0x0000020edd7d3a10
Event: 4.501 Thread 0x0000020edd7d3360 Thread exited: 0x0000020edd7d3360
Event: 4.572 Thread 0x0000020edd1d86c0 Thread exited: 0x0000020edd1d86c0
Event: 4.737 Thread 0x0000020edd8ce970 Thread exited: 0x0000020edd8ce970
Event: 6.138 Thread 0x0000020edd218200 Thread exited: 0x0000020edd218200
Event: 6.138 Thread 0x0000020e97abe5f0 Thread exited: 0x0000020e97abe5f0
Event: 6.138 Thread 0x0000020edd0e9ae0 Thread exited: 0x0000020edd0e9ae0
Event: 6.138 Thread 0x0000020e97c49d70 Thread exited: 0x0000020e97c49d70
Event: 6.447 Thread 0x0000020e97449c40 Thread added: 0x0000020e97449c40
Event: 6.778 Thread 0x0000020edf37c700 Thread added: 0x0000020edf37c700
Event: 7.817 Thread 0x0000020e97449c40 Thread exited: 0x0000020e97449c40
Event: 7.817 Thread 0x0000020edd0e9430 Thread exited: 0x0000020edd0e9430
Event: 9.046 Thread 0x0000020edd0e9430 Thread added: 0x0000020edd0e9430
Event: 9.047 Thread 0x0000020e976d8e20 Thread added: 0x0000020e976d8e20
Event: 9.090 Thread 0x0000020ede9011f0 Thread added: 0x0000020ede9011f0


Dynamic libraries:
0x00007ff7e9820000 - 0x00007ff7e9830000 	C:\Program Files\Java\jdk-21.0.9\bin\java.exe
0x00007ffc21220000 - 0x00007ffc21488000 	C:\WINDOWS\SYSTEM32\ntdll.dll
0x00007ffbe1680000 - 0x00007ffbe16a0000 	C:\Program Files\Avast Software\Avast\aswhook.dll
0x00007ffc1fbc0000 - 0x00007ffc1fc89000 	C:\WINDOWS\System32\KERNEL32.DLL
0x00007ffc1ebf0000 - 0x00007ffc1efe2000 	C:\WINDOWS\System32\KERNELBASE.dll
0x00007ffc1e3b0000 - 0x00007ffc1e4fb000 	C:\WINDOWS\System32\ucrtbase.dll
0x00007ffc0dab0000 - 0x00007ffc0dac9000 	C:\Program Files\Java\jdk-21.0.9\bin\jli.dll
0x00007ffc0da90000 - 0x00007ffc0daab000 	C:\Program Files\Java\jdk-21.0.9\bin\VCRUNTIME140.dll
0x00007ffc1f990000 - 0x00007ffc1fa44000 	C:\WINDOWS\System32\ADVAPI32.dll
0x00007ffc20170000 - 0x00007ffc20219000 	C:\WINDOWS\System32\msvcrt.dll
0x00007ffc1f8e0000 - 0x00007ffc1f986000 	C:\WINDOWS\System32\sechost.dll
0x00007ffc1fa60000 - 0x00007ffc1fb78000 	C:\WINDOWS\System32\RPCRT4.dll
0x00007ffc20220000 - 0x00007ffc203e5000 	C:\WINDOWS\System32\USER32.dll
0x00007ffc1e900000 - 0x00007ffc1e927000 	C:\WINDOWS\System32\win32u.dll
0x00007ffbfb360000 - 0x00007ffbfb5f3000 	C:\WINDOWS\WinSxS\amd64_microsoft.windows.common-controls_6595b64144ccf1df_6.0.26100.6725_none_3e085828e334708b\COMCTL32.dll
0x00007ffc20730000 - 0x00007ffc2075b000 	C:\WINDOWS\System32\GDI32.dll
0x00007ffc1e7d0000 - 0x00007ffc1e8fd000 	C:\WINDOWS\System32\gdi32full.dll
0x00007ffc1eaa0000 - 0x00007ffc1eb43000 	C:\WINDOWS\System32\msvcp_win.dll
0x00007ffc0a6d0000 - 0x00007ffc0a6db000 	C:\WINDOWS\SYSTEM32\VERSION.dll
0x00007ffc1fb80000 - 0x00007ffc1fbaf000 	C:\WINDOWS\System32\IMM32.DLL
0x00007ffc12630000 - 0x00007ffc1263c000 	C:\Program Files\Java\jdk-21.0.9\bin\vcruntime140_1.dll
0x00007ffc07ad0000 - 0x00007ffc07b5e000 	C:\Program Files\Java\jdk-21.0.9\bin\msvcp140.dll
0x00007ffb64820000 - 0x00007ffb6553d000 	C:\Program Files\Java\jdk-21.0.9\bin\server\jvm.dll
0x00007ffc20ed0000 - 0x00007ffc20f44000 	C:\WINDOWS\System32\WS2_32.dll
0x00007ffc13190000 - 0x00007ffc131c5000 	C:\WINDOWS\SYSTEM32\WINMM.dll
0x00007ffc1e230000 - 0x00007ffc1e28e000 	C:\WINDOWS\SYSTEM32\POWRPROF.dll
0x00007ffc1e210000 - 0x00007ffc1e224000 	C:\WINDOWS\SYSTEM32\UMPDC.dll
0x00007ffc1d180000 - 0x00007ffc1d19b000 	C:\WINDOWS\SYSTEM32\kernel.appcore.dll
0x00007ffc0da50000 - 0x00007ffc0da5a000 	C:\Program Files\Java\jdk-21.0.9\bin\jimage.dll
0x00007ffc1bbd0000 - 0x00007ffc1be12000 	C:\WINDOWS\SYSTEM32\DBGHELP.DLL
0x00007ffc1fdf0000 - 0x00007ffc2016b000 	C:\WINDOWS\System32\combase.dll
0x00007ffc1eff0000 - 0x00007ffc1f0c7000 	C:\WINDOWS\System32\OLEAUT32.dll
0x00007ffc08c80000 - 0x00007ffc08cbc000 	C:\WINDOWS\SYSTEM32\dbgcore.DLL
0x00007ffc1eb50000 - 0x00007ffc1ebe8000 	C:\WINDOWS\System32\bcryptPrimitives.dll
0x00007ffc0d9d0000 - 0x00007ffc0d9ef000 	C:\Program Files\Java\jdk-21.0.9\bin\java.dll
0x00007ffc20780000 - 0x00007ffc20ecc000 	C:\WINDOWS\System32\SHELL32.dll
0x00007ffc1e930000 - 0x00007ffc1ea9b000 	C:\WINDOWS\System32\wintypes.dll
0x00007ffc1c000000 - 0x00007ffc1c85d000 	C:\WINDOWS\SYSTEM32\windows.storage.dll
0x00007ffc1f7e0000 - 0x00007ffc1f8d2000 	C:\WINDOWS\System32\SHCORE.dll
0x00007ffc20640000 - 0x00007ffc206a2000 	C:\WINDOWS\System32\shlwapi.dll
0x00007ffc1e2d0000 - 0x00007ffc1e2f9000 	C:\WINDOWS\SYSTEM32\profapi.dll
0x00007ffbbeb20000 - 0x00007ffbbebf7000 	C:\Program Files\Java\jdk-21.0.9\bin\jsvml.dll
0x00007ffc0d920000 - 0x00007ffc0d930000 	C:\Program Files\Java\jdk-21.0.9\bin\net.dll
0x00007ffc0ce60000 - 0x00007ffc0cf7f000 	C:\WINDOWS\SYSTEM32\WINHTTP.dll
0x00007ffc1d6f0000 - 0x00007ffc1d75b000 	C:\WINDOWS\system32\mswsock.dll
0x00007ffc0d770000 - 0x00007ffc0d786000 	C:\Program Files\Java\jdk-21.0.9\bin\nio.dll
0x00007ffc0c910000 - 0x00007ffc0c928000 	C:\Program Files\Java\jdk-21.0.9\bin\zip.dll
0x00007ffc0c2f0000 - 0x00007ffc0c314000 	C:\Users\rishi\.m2\wrapper\dists\apache-maven-3.9.11\03d7e36a140982eea48e22c1dcac01d8862b2550b2939e09a0809bbc5182a5bc\lib\jansi-native\Windows\x86_64\jansi.dll
0x00007ffc0c2e0000 - 0x00007ffc0c2f0000 	C:\Program Files\Java\jdk-21.0.9\bin\verify.dll

dbghelp: loaded successfully - version: 4.0.5 - missing functions: none
symbol engine: initialized successfully - sym options: 0x614 - pdb path: .;C:\Program Files\Java\jdk-21.0.9\bin;C:\WINDOWS\SYSTEM32;C:\Program Files\Avast Software\Avast;C:\WINDOWS\WinSxS\amd64_microsoft.windows.common-controls_6595b64144ccf1df_6.0.26100.6725_none_3e085828e334708b;C:\Program Files\Java\jdk-21.0.9\bin\server;C:\Users\rishi\.m2\wrapper\dists\apache-maven-3.9.11\03d7e36a140982eea48e22c1dcac01d8862b2550b2939e09a0809bbc5182a5bc\lib\jansi-native\Windows\x86_64

VM Arguments:
jvm_args: --enable-native-access=ALL-UNNAMED -Dclassworlds.conf=C:\Users\rishi\.m2\wrapper\dists\apache-maven-3.9.11\03d7e36a140982eea48e22c1dcac01d8862b2550b2939e09a0809bbc5182a5bc\bin\m2.conf -Dmaven.home=C:\Users\rishi\.m2\wrapper\dists\apache-maven-3.9.11\03d7e36a140982eea48e22c1dcac01d8862b2550b2939e09a0809bbc5182a5bc -Dlibrary.jansi.path=C:\Users\rishi\.m2\wrapper\dists\apache-maven-3.9.11\03d7e36a140982eea48e22c1dcac01d8862b2550b2939e09a0809bbc5182a5bc\lib\jansi-native -Dmaven.multiModuleProjectDirectory=D:\UEMSproject\UEMS\server 
java_command: org.codehaus.plexus.classworlds.launcher.Launcher clean spring-boot:run
java_class_path (initial): C:\Users\rishi\.m2\wrapper\dists\apache-maven-3.9.11\03d7e36a140982eea48e22c1dcac01d8862b2550b2939e09a0809bbc5182a5bc\boot\plexus-classworlds-2.9.0.jar
Launcher Type: SUN_STANDARD

[Global flags]
     intx CICompilerCount                          = 12                                        {product} {ergonomic}
     uint ConcGCThreads                            = 3                                         {product} {ergonomic}
     uint G1ConcRefinementThreads                  = 13                                        {product} {ergonomic}
   size_t G1HeapRegionSize                         = 2097152                                   {product} {ergonomic}
    uintx GCDrainStackTargetSize                   = 64                                        {product} {ergonomic}
   size_t InitialHeapSize                          = 264241152                                 {product} {ergonomic}
   size_t MarkStackSize                            = 4194304                                   {product} {ergonomic}
   size_t MaxHeapSize                              = 4208984064                                {product} {ergonomic}
   size_t MaxNewSize                               = 2524971008                                {product} {ergonomic}
   size_t MinHeapDeltaBytes                        = 2097152                                   {product} {ergonomic}
   size_t MinHeapSize                              = 8388608                                   {product} {ergonomic}
    uintx NonNMethodCodeHeapSize                   = 7602480                                {pd product} {ergonomic}
    uintx NonProfiledCodeHeapSize                  = 122027880                              {pd product} {ergonomic}
    uintx ProfiledCodeHeapSize                     = 122027880                              {pd product} {ergonomic}
    uintx ReservedCodeCacheSize                    = 251658240                              {pd product} {ergonomic}
     bool SegmentedCodeCache                       = true                                      {product} {ergonomic}
   size_t SoftMaxHeapSize                          = 4208984064                             {manageable} {ergonomic}
     bool UseCompressedOops                        = true                           {product lp64_product} {ergonomic}
     bool UseG1GC                                  = true                                      {product} {ergonomic}
     bool UseLargePagesIndividualAllocation        = false                                  {pd product} {ergonomic}

Logging:
Log output configuration:
 #0: stdout all=warning uptime,level,tags foldmultilines=false
 #1: stderr all=off uptime,level,tags foldmultilines=false

Environment Variables:
JAVA_HOME=C:\Program Files\Java\jdk-21.0.9
PATH=C:\Program Files\Java\jdk-21\bin;C:\Python313\Scripts\;C:\Python313\;C:\Users\rishi\AppData\Local\Programs\Python\Python39\;C:\Users\rishi\Downloads\dartsdk-windows-x64-release\dart-sdk\bin;C:\Users\rishi\Downloads\dartsdk-windows-x64-release\dart-sdk;C:\Users\rishi\Downloads\python-3.11.3-amd64.exe;C:\WINDOWS\system32;C:\WINDOWS;C:\WINDOWS\System32\Wbem;C:\WINDOWS\System32\WindowsPowerShell\v1.0\;C:\WINDOWS\System32\OpenSSH\;C:\ProgramData\chocolatey\bin;C:\Program Files\MySQL\MySQL Server 5.5\bin;C:\Program Files\Git\cmd;C:\android_sdk\cmdline-tools\latest\bin;C:\Program Files\MySQL\MySQL Server 8.0\bin;C:\Program Files\nodejs\;C:\Program Files\MySQL\MySQL Shell 8.0\bin\;C:\Users\rishi\AppData\Local\Programs\Microsoft VS Code\bin;C:\Users\rishi\Downloads\python-3.11.3-amd64.exe;C:\Users\rishi\OneDrive\Documents\FlutterDev\flutter\bin;C:\selenium webdrivers;C:\chrome drivers;C:\Users\rishi\AppData\Local\Microsoft\WindowsApps;D:\Selenium-webdriver;C:\Python313\Scripts;C:\Users\rishi\.fly\bin;C:\Users\rishi\AppData\Roaming\npm;C:\Users\rishi\AppData\Local\Programs\Antigravity\bin;c:\Users\rishi\.antigravity\extensions\vscjava.vscode-java-debug-0.58.5-universal\bundled\scripts\noConfigScripts
USERNAME=rishi
LANG=en_US.UTF-8
OS=Windows_NT
PROCESSOR_IDENTIFIER=Intel64 Family 6 Model 154 Stepping 3, GenuineIntel
TMP=C:\Users\rishi\AppData\Local\Temp
TEMP=C:\Users\rishi\AppData\Local\Temp




Periodic native trim disabled

---------------  S Y S T E M  ---------------

OS:
 Windows 11 , 64 bit Build 26100 (10.0.26100.6725)
OS uptime: 23 days 16:45 hours
Hyper-V role detected

CPU: total 16 (initial active 16) (8 cores per cpu, 2 threads per core) family 6 model 154 stepping 3 microcode 0x42c, cx8, cmov, fxsr, ht, mmx, 3dnowpref, sse, sse2, sse3, ssse3, sse4.1, sse4.2, popcnt, lzcnt, tsc, tscinvbit, avx, avx2, aes, erms, clmul, bmi1, bmi2, adx, sha, fma, vzeroupper, clflush, clflushopt, clwb, hv, serialize, rdtscp, rdpid, fsrm, f16c, cet_ibt, cet_ss
Processor Information for processor 0
  Max Mhz: 1700, Current Mhz: 1700, Mhz Limit: 1700
Processor Information for processor 1
  Max Mhz: 1700, Current Mhz: 1700, Mhz Limit: 1700
Processor Information for processor 2
  Max Mhz: 1700, Current Mhz: 1700, Mhz Limit: 1700
Processor Information for processor 3
  Max Mhz: 1700, Current Mhz: 1700, Mhz Limit: 1700
Processor Information for processor 4
  Max Mhz: 1700, Current Mhz: 1700, Mhz Limit: 1700
Processor Information for processor 5
  Max Mhz: 1700, Current Mhz: 1700, Mhz Limit: 1700
Processor Information for processor 6
  Max Mhz: 1700, Current Mhz: 1700, Mhz Limit: 1700
Processor Information for processor 7
  Max Mhz: 1700, Current Mhz: 1700, Mhz Limit: 1700
Processor Information for processor 8
  Max Mhz: 1700, Current Mhz: 1200, Mhz Limit: 1190
Processor Information for processor 9
  Max Mhz: 1700, Current Mhz: 1200, Mhz Limit: 1190
Processor Information for processor 10
  Max Mhz: 1700, Current Mhz: 1200, Mhz Limit: 1190
Processor Information for processor 11
  Max Mhz: 1700, Current Mhz: 1200, Mhz Limit: 1190
Processor Information for processor 12
  Max Mhz: 1700, Current Mhz: 1200, Mhz Limit: 1190
Processor Information for processor 13
  Max Mhz: 1700, Current Mhz: 1200, Mhz Limit: 1190
Processor Information for processor 14
  Max Mhz: 1700, Current Mhz: 1200, Mhz Limit: 1190
Processor Information for processor 15
  Max Mhz: 1700, Current Mhz: 1200, Mhz Limit: 1190

Memory: 4k page, system-wide physical 16052M (3976M free)
TotalPageFile size 20148M (AvailPageFile size 2M)
current process WorkingSet (physical memory assigned to process): 128M, peak: 135M
current process commit charge ("private bytes"): 388M, peak: 404M

vm_info: Java HotSpot(TM) 64-Bit Server VM (21.0.9+7-LTS-338) for windows-amd64 JRE (21.0.9+7-LTS-338), built on 2025-09-26T06:33:49Z by "mach5run" with MS VC++ 17.6 (VS2022)

END.
