#
# There is insufficient memory for the Java Runtime Environment to continue.
# Native memory allocation (mmap) failed to map 264241152 bytes for G1 virtual space
# Possible reasons:
#   The system is out of physical RAM or swap space
#   The process is running with CompressedOops enabled, and the Java Heap may be blocking the growth of the native heap
# Possible solutions:
#   Reduce memory load on the system
#   Increase physical memory or swap space
#   Check if swap backing store is full
#   Decrease Java heap size (-Xmx/-Xms)
#   Decrease number of Java threads
#   Decrease Java thread stack sizes (-Xss)
#   Set larger code cache with -XX:ReservedCodeCacheSize=
#   JVM is running with Zero Based Compressed Oops mode in which the Java heap is
#     placed in the first 32GB address space. The Java Heap base address is the
#     maximum limit for the native heap growth. Please use -XX:HeapBaseMinAddress
#     to set the Java Heap base and to place the Java Heap above 32GB virtual address.
# This output file may be truncated or incomplete.
#
#  Out of Memory Error (os_windows.cpp:3603), pid=24344, tid=31028
#
# JRE version:  (21.0.9+7) (build )
# Java VM: Java HotSpot(TM) 64-Bit Server VM (21.0.9+7-LTS-338, mixed mode, sharing, tiered, compressed oops, compressed class ptrs, g1 gc, windows-amd64)
# No core dump will be written. Minidumps are not enabled by default on client versions of Windows
#

---------------  S U M M A R Y ------------

Command Line: --enable-native-access=ALL-UNNAMED 

Host: 12th Gen Intel(R) Core(TM) i5-1240P, 16 cores, 15G,  Windows 11 , 64 bit Build 26100 (10.0.26100.6725)
Time: Sat Apr 18 17:02:03 2026 India Standard Time elapsed time: 0.105705 seconds (0d 0h 0m 0s)

---------------  T H R E A D  ---------------

Current thread (0x0000020723ef5310):  JavaThread "Unknown thread" [_thread_in_vm, id=31028, stack(0x000000613e400000,0x000000613e500000) (1024K)]

Stack: [0x000000613e400000,0x000000613e500000]
Native frames: (J=compiled Java code, j=interpreted, Vv=VM code, C=native code)
V  [jvm.dll+0x6cbf89]
V  [jvm.dll+0x858421]
V  [jvm.dll+0x85a94e]
V  [jvm.dll+0x85b023]
V  [jvm.dll+0x27ebc6]
V  [jvm.dll+0x6c8705]
V  [jvm.dll+0x6bd26a]
V  [jvm.dll+0x354a0a]
V  [jvm.dll+0x35c686]
V  [jvm.dll+0x3af79e]
V  [jvm.dll+0x3afa48]
V  [jvm.dll+0x328d1c]
V  [jvm.dll+0x32987b]
V  [jvm.dll+0x821739]
V  [jvm.dll+0x3bc481]
V  [jvm.dll+0x80a9b8]
V  [jvm.dll+0x45166e]
V  [jvm.dll+0x453261]
C  [jli.dll+0x52a3]
C  [ucrtbase.dll+0x37b0]
C  [KERNEL32.DLL+0x2e8d7]
C  [ntdll.dll+0x8c53c]


---------------  P R O C E S S  ---------------

Threads class SMR info:
_java_thread_list=0x00007ffb924efc08, length=0, elements={
}

Java Threads: ( => current thread )
Total: 0

Other Threads:
  0x0000020726224ad0 WorkerThread "GC Thread#0"                     [id=23856, stack(0x000000613e500000,0x000000613e600000) (1024K)]
  0x0000020726235590 ConcurrentGCThread "G1 Main Marker"            [id=20424, stack(0x000000613e600000,0x000000613e700000) (1024K)]
  0x0000020726236ff0 WorkerThread "G1 Conc#0"                       [id=28164, stack(0x000000613e700000,0x000000613e800000) (1024K)]

[error occurred during error reporting (printing all threads), id 0xc0000005, EXCEPTION_ACCESS_VIOLATION (0xc0000005) at pc=0x00007ffb91c5b4a7]
VM state: not at safepoint (not fully initialized)

VM Mutex/Monitor currently owned by a thread:  ([mutex/lock_event])
[0x00007ffb92560ef0] Heap_lock - owner thread: 0x0000020723ef5310

Heap address: 0x0000000705200000, size: 4014 MB, Compressed Oops mode: Zero based, Oop shift amount: 3

CDS archive(s) mapped at: [0x0000000000000000-0x0000000000000000-0x0000000000000000), size 0, SharedBaseAddress: 0x0000000800000000, ArchiveRelocationMode: 1.
Narrow klass base: 0x0000000000000000, Narrow klass shift: 0, Narrow klass range: 0x0

GC Precious Log:
 CardTable entry size: 512
 Card Set container configuration: InlinePtr #cards 4 size 8 Array Of Cards #cards 16 size 48 Howl #buckets 8 coarsen threshold 3686 Howl Bitmap #cards 512 size 80 coarsen threshold 460 Card regions per heap region 1 cards per card region 4096

Heap:
 garbage-first heap   total 0K, used 0K [0x0000000705200000, 0x0000000800000000)
  region size 2048K, 0 young (0K), 0 survivors (0K)

[error occurred during error reporting (printing heap information), id 0xc0000005, EXCEPTION_ACCESS_VIOLATION (0xc0000005) at pc=0x00007ffb92044ff9]
GC Heap History (0 events):
No events

Dll operation events (1 events):
Event: 0.008 Loaded shared library C:\Program Files\Java\jdk-21.0.9\bin\java.dll

Deoptimization events (0 events):
No events

Classes loaded (0 events):
No events

Classes unloaded (0 events):
No events

Classes redefined (0 events):
No events

Internal exceptions (0 events):
No events

ZGC Phase Switch (0 events):
No events

VM Operations (0 events):
No events

Events (0 events):
No events


Dynamic libraries:
0x00007ff68a360000 - 0x00007ff68a370000 	C:\Program Files\Java\jdk-21.0.9\bin\java.exe
0x00007ffc21220000 - 0x00007ffc21488000 	C:\WINDOWS\SYSTEM32\ntdll.dll
0x00007ffbe1680000 - 0x00007ffbe16a0000 	C:\Program Files\Avast Software\Avast\aswhook.dll
0x00007ffc1fbc0000 - 0x00007ffc1fc89000 	C:\WINDOWS\System32\KERNEL32.DLL
0x00007ffc1ebf0000 - 0x00007ffc1efe2000 	C:\WINDOWS\System32\KERNELBASE.dll
0x00007ffc1e3b0000 - 0x00007ffc1e4fb000 	C:\WINDOWS\System32\ucrtbase.dll
0x00007ffc0dab0000 - 0x00007ffc0dac9000 	C:\Program Files\Java\jdk-21.0.9\bin\jli.dll
0x00007ffc0da90000 - 0x00007ffc0daab000 	C:\Program Files\Java\jdk-21.0.9\bin\VCRUNTIME140.dll
0x00007ffc1f990000 - 0x00007ffc1fa44000 	C:\WINDOWS\System32\ADVAPI32.dll
0x00007ffc20170000 - 0x00007ffc20219000 	C:\WINDOWS\System32\msvcrt.dll
0x00007ffc1f8e0000 - 0x00007ffc1f986000 	C:\WINDOWS\System32\sechost.dll
0x00007ffc1fa60000 - 0x00007ffc1fb78000 	C:\WINDOWS\System32\RPCRT4.dll
0x00007ffc20220000 - 0x00007ffc203e5000 	C:\WINDOWS\System32\USER32.dll
0x00007ffc1e900000 - 0x00007ffc1e927000 	C:\WINDOWS\System32\win32u.dll
0x00007ffbfb360000 - 0x00007ffbfb5f3000 	C:\WINDOWS\WinSxS\amd64_microsoft.windows.common-controls_6595b64144ccf1df_6.0.26100.6725_none_3e085828e334708b\COMCTL32.dll
0x00007ffc20730000 - 0x00007ffc2075b000 	C:\WINDOWS\System32\GDI32.dll
0x00007ffc1e7d0000 - 0x00007ffc1e8fd000 	C:\WINDOWS\System32\gdi32full.dll
0x00007ffc1eaa0000 - 0x00007ffc1eb43000 	C:\WINDOWS\System32\msvcp_win.dll
0x00007ffc0a6d0000 - 0x00007ffc0a6db000 	C:\WINDOWS\SYSTEM32\VERSION.dll
0x00007ffc1fb80000 - 0x00007ffc1fbaf000 	C:\WINDOWS\System32\IMM32.DLL
0x00007ffc16760000 - 0x00007ffc1676c000 	C:\Program Files\Java\jdk-21.0.9\bin\vcruntime140_1.dll
0x00007ffc07ad0000 - 0x00007ffc07b5e000 	C:\Program Files\Java\jdk-21.0.9\bin\msvcp140.dll
0x00007ffb91920000 - 0x00007ffb9263d000 	C:\Program Files\Java\jdk-21.0.9\bin\server\jvm.dll
0x00007ffc20ed0000 - 0x00007ffc20f44000 	C:\WINDOWS\System32\WS2_32.dll
0x00007ffc1e230000 - 0x00007ffc1e28e000 	C:\WINDOWS\SYSTEM32\POWRPROF.dll
0x00007ffc13190000 - 0x00007ffc131c5000 	C:\WINDOWS\SYSTEM32\WINMM.dll
0x00007ffc1e210000 - 0x00007ffc1e224000 	C:\WINDOWS\SYSTEM32\UMPDC.dll
0x00007ffc1d180000 - 0x00007ffc1d19b000 	C:\WINDOWS\SYSTEM32\kernel.appcore.dll
0x00007ffc12630000 - 0x00007ffc1263a000 	C:\Program Files\Java\jdk-21.0.9\bin\jimage.dll
0x00007ffc1bbd0000 - 0x00007ffc1be12000 	C:\WINDOWS\SYSTEM32\DBGHELP.DLL
0x00007ffc1fdf0000 - 0x00007ffc2016b000 	C:\WINDOWS\System32\combase.dll
0x00007ffc1eff0000 - 0x00007ffc1f0c7000 	C:\WINDOWS\System32\OLEAUT32.dll
0x00007ffc08c80000 - 0x00007ffc08cbc000 	C:\WINDOWS\SYSTEM32\dbgcore.DLL
0x00007ffc1eb50000 - 0x00007ffc1ebe8000 	C:\WINDOWS\System32\bcryptPrimitives.dll
0x00007ffc0c2e0000 - 0x00007ffc0c2ff000 	C:\Program Files\Java\jdk-21.0.9\bin\java.dll

dbghelp: loaded successfully - version: 4.0.5 - missing functions: none
symbol engine: initialized successfully - sym options: 0x614 - pdb path: .;C:\Program Files\Java\jdk-21.0.9\bin;C:\WINDOWS\SYSTEM32;C:\Program Files\Avast Software\Avast;C:\WINDOWS\WinSxS\amd64_microsoft.windows.common-controls_6595b64144ccf1df_6.0.26100.6725_none_3e085828e334708b;C:\Program Files\Java\jdk-21.0.9\bin\server

VM Arguments:
jvm_args: --enable-native-access=ALL-UNNAMED 
java_command: <unknown>
java_class_path (initial): <not set>
Launcher Type: SUN_STANDARD

[Global flags]
     intx CICompilerCount                          = 12                                        {product} {ergonomic}
     uint ConcGCThreads                            = 3                                         {product} {ergonomic}
     uint G1ConcRefinementThreads                  = 13                                        {product} {ergonomic}
   size_t G1HeapRegionSize                         = 2097152                                   {product} {ergonomic}
    uintx GCDrainStackTargetSize                   = 64                                        {product} {ergonomic}
   size_t InitialHeapSize                          = 264241152                                 {product} {ergonomic}
   size_t MarkStackSize                            = 4194304                                   {product} {ergonomic}
   size_t MaxHeapSize                              = 4208984064                                {product} {ergonomic}
   size_t MinHeapDeltaBytes                        = 2097152                                   {product} {ergonomic}
   size_t MinHeapSize                              = 8388608                                   {product} {ergonomic}
    uintx NonNMethodCodeHeapSize                   = 7602480                                {pd product} {ergonomic}
    uintx NonProfiledCodeHeapSize                  = 122027880                              {pd product} {ergonomic}
    uintx ProfiledCodeHeapSize                     = 122027880                              {pd product} {ergonomic}
    uintx ReservedCodeCacheSize                    = 251658240                              {pd product} {ergonomic}
     bool SegmentedCodeCache                       = true                                      {product} {ergonomic}
   size_t SoftMaxHeapSize                          = 4208984064                             {manageable} {ergonomic}
     bool UseCompressedOops                        = true                           {product lp64_product} {ergonomic}
     bool UseG1GC                                  = true                                      {product} {ergonomic}
     bool UseLargePagesIndividualAllocation        = false                                  {pd product} {ergonomic}

Logging:
Log output configuration:
 #0: stdout all=warning uptime,level,tags foldmultilines=false
 #1: stderr all=off uptime,level,tags foldmultilines=false

Environment Variables:
JAVA_HOME=C:\Program Files\Java\jdk-21.0.9
PATH=C:\Program Files\Java\jdk-21\bin;C:\Python313\Scripts\;C:\Python313\;C:\Users\rishi\AppData\Local\Programs\Python\Python39\;C:\Users\rishi\Downloads\dartsdk-windows-x64-release\dart-sdk\bin;C:\Users\rishi\Downloads\dartsdk-windows-x64-release\dart-sdk;C:\Users\rishi\Downloads\python-3.11.3-amd64.exe;C:\WINDOWS\system32;C:\WINDOWS;C:\WINDOWS\System32\Wbem;C:\WINDOWS\System32\WindowsPowerShell\v1.0\;C:\WINDOWS\System32\OpenSSH\;C:\ProgramData\chocolatey\bin;C:\Program Files\MySQL\MySQL Server 5.5\bin;C:\Program Files\Git\cmd;C:\android_sdk\cmdline-tools\latest\bin;C:\Program Files\MySQL\MySQL Server 8.0\bin;C:\Program Files\nodejs\;C:\Program Files\MySQL\MySQL Shell 8.0\bin\;C:\Users\rishi\AppData\Local\Programs\Microsoft VS Code\bin;C:\Users\rishi\Downloads\python-3.11.3-amd64.exe;C:\Users\rishi\OneDrive\Documents\FlutterDev\flutter\bin;C:\selenium webdrivers;C:\chrome drivers;C:\Users\rishi\AppData\Local\Microsoft\WindowsApps;D:\Selenium-webdriver;C:\Python313\Scripts;C:\Users\rishi\.fly\bin;C:\Users\rishi\AppData\Roaming\npm;C:\Users\rishi\AppData\Local\Programs\Antigravity\bin;c:\Users\rishi\.antigravity\extensions\vscjava.vscode-java-debug-0.58.5-universal\bundled\scripts\noConfigScripts
USERNAME=rishi
LANG=en_US.UTF-8
OS=Windows_NT
PROCESSOR_IDENTIFIER=Intel64 Family 6 Model 154 Stepping 3, GenuineIntel
TMP=C:\Users\rishi\AppData\Local\Temp
TEMP=C:\Users\rishi\AppData\Local\Temp




Periodic native trim disabled

---------------  S Y S T E M  ---------------

OS:
 Windows 11 , 64 bit Build 26100 (10.0.26100.6725)
OS uptime: 23 days 18:56 hours
Hyper-V role detected

CPU: total 16 (initial active 16) (8 cores per cpu, 2 threads per core) family 6 model 154 stepping 3 microcode 0x42c, cx8, cmov, fxsr, ht, mmx, 3dnowpref, sse, sse2, sse3, ssse3, sse4.1, sse4.2, popcnt, lzcnt, tsc, tscinvbit, avx, avx2, aes, erms, clmul, bmi1, bmi2, adx, sha, fma, vzeroupper, clflush, clflushopt, clwb, hv, serialize, rdtscp, rdpid, fsrm, f16c, cet_ibt, cet_ss
Processor Information for processor 0
  Max Mhz: 1700, Current Mhz: 1700, Mhz Limit: 1700
Processor Information for processor 1
  Max Mhz: 1700, Current Mhz: 1700, Mhz Limit: 1700
Processor Information for processor 2
  Max Mhz: 1700, Current Mhz: 1457, Mhz Limit: 1700
Processor Information for processor 3
  Max Mhz: 1700, Current Mhz: 1457, Mhz Limit: 1700
Processor Information for processor 4
  Max Mhz: 1700, Current Mhz: 1700, Mhz Limit: 1700
Processor Information for processor 5
  Max Mhz: 1700, Current Mhz: 1700, Mhz Limit: 1700
Processor Information for processor 6
  Max Mhz: 1700, Current Mhz: 1457, Mhz Limit: 1700
Processor Information for processor 7
  Max Mhz: 1700, Current Mhz: 1700, Mhz Limit: 1700
Processor Information for processor 8
  Max Mhz: 1700, Current Mhz: 1200, Mhz Limit: 1190
Processor Information for processor 9
  Max Mhz: 1700, Current Mhz: 1200, Mhz Limit: 1190
Processor Information for processor 10
  Max Mhz: 1700, Current Mhz: 1200, Mhz Limit: 1190
Processor Information for processor 11
  Max Mhz: 1700, Current Mhz: 1200, Mhz Limit: 1190
Processor Information for processor 12
  Max Mhz: 1700, Current Mhz: 1200, Mhz Limit: 1190
Processor Information for processor 13
  Max Mhz: 1700, Current Mhz: 1200, Mhz Limit: 1190
Processor Information for processor 14
  Max Mhz: 1700, Current Mhz: 1200, Mhz Limit: 1190
Processor Information for processor 15
  Max Mhz: 1700, Current Mhz: 1200, Mhz Limit: 1190

Memory: 4k page, system-wide physical 16052M (2960M free)
TotalPageFile size 20148M (AvailPageFile size 255M)
current process WorkingSet (physical memory assigned to process): 13M, peak: 13M
current process commit charge ("private bytes"): 71M, peak: 323M

vm_info: Java HotSpot(TM) 64-Bit Server VM (21.0.9+7-LTS-338) for windows-amd64 JRE (21.0.9+7-LTS-338), built on 2025-09-26T06:33:49Z by "mach5run" with MS VC++ 17.6 (VS2022)

END.
