#
# There is insufficient memory for the Java Runtime Environment to continue.
# Native memory allocation (mmap) failed to map 65536 bytes for Failed to commit metaspace.
# Possible reasons:
#   The system is out of physical RAM or swap space
#   The process is running with CompressedOops enabled, and the Java Heap may be blocking the growth of the native heap
# Possible solutions:
#   Reduce memory load on the system
#   Increase physical memory or swap space
#   Check if swap backing store is full
#   Decrease Java heap size (-Xmx/-Xms)
#   Decrease number of Java threads
#   Decrease Java thread stack sizes (-Xss)
#   Set larger code cache with -XX:ReservedCodeCacheSize=
#   JVM is running with Unscaled Compressed Oops mode in which the Java heap is
#     placed in the first 4GB address space. The Java Heap base address is the
#     maximum limit for the native heap growth. Please use -XX:HeapBaseMinAddress
#     to set the Java Heap base and to place the Java Heap above 4GB virtual address.
# This output file may be truncated or incomplete.
#
#  Out of Memory Error (virtualSpaceNode.cpp:110), pid=46724, tid=21148
#
# JRE version: Java(TM) SE Runtime Environment (17.0.8+9) (build 17.0.8+9-LTS-211)
# Java VM: Java HotSpot(TM) 64-Bit Server VM (17.0.8+9-LTS-211, mixed mode, sharing, tiered, compressed oops, compressed class ptrs, g1 gc, windows-amd64)
# No core dump will be written. Minidumps are not enabled by default on client versions of Windows
#

---------------  S U M M A R Y ------------

Command Line: --enable-native-access=ALL-UNNAMED -Dclassworlds.conf=C:\Users\DELL\apache-maven-3.9.11-bin\apache-maven-3.9.11\bin\m2.conf -Dmaven.home=C:\Users\DELL\apache-maven-3.9.11-bin\apache-maven-3.9.11 -Dlibrary.jansi.path=C:\Users\DELL\apache-maven-3.9.11-bin\apache-maven-3.9.11\lib\jansi-native -Dmaven.multiModuleProjectDirectory=D:\UEMS\UEMS\server org.codehaus.plexus.classworlds.launcher.Launcher clean install -DskipTests

Host: Intel(R) Core(TM) i3-1005G1 CPU @ 1.20GHz, 4 cores, 7G,  Windows 11 , 64 bit Build 26100 (10.0.26100.7623)
Time: Sun Mar 29 00:52:32 2026 India Standard Time elapsed time: 7.757503 seconds (0d 0h 0m 7s)

---------------  T H R E A D  ---------------

Current thread (0x000001f27f517cb0):  JavaThread "C1 CompilerThread0" daemon [_thread_in_vm, id=21148, stack(0x0000004164800000,0x0000004164900000)]


Current CompileTask:
C1:   7757 3142       3       org.codehaus.plexus.configuration.xml.XmlPlexusConfiguration::<init> (96 bytes)

Stack: [0x0000004164800000,0x0000004164900000]
Native frames: (J=compiled Java code, j=interpreted, Vv=VM code, C=native code)
V  [jvm.dll+0x677d0a]
V  [jvm.dll+0x7d8c54]
V  [jvm.dll+0x7da3fe]
V  [jvm.dll+0x7daa63]
V  [jvm.dll+0x245c5f]
V  [jvm.dll+0x7d4d5b]
V  [jvm.dll+0x61dcf6]
V  [jvm.dll+0x1c0127]
V  [jvm.dll+0x620650]
V  [jvm.dll+0x61e6b6]
V  [jvm.dll+0x62f72a]
V  [jvm.dll+0x6286ca]
V  [jvm.dll+0x1cc020]
V  [jvm.dll+0x1cc210]
V  [jvm.dll+0x146651]
V  [jvm.dll+0x146495]
V  [jvm.dll+0x13e1c0]
V  [jvm.dll+0x14044e]
V  [jvm.dll+0x13ea55]
V  [jvm.dll+0x138b98]
V  [jvm.dll+0x1480f6]
V  [jvm.dll+0x1342a0]
V  [jvm.dll+0x134600]
V  [jvm.dll+0x1348c8]
V  [jvm.dll+0x133d61]
V  [jvm.dll+0x135a0d]
V  [jvm.dll+0x2270be]
V  [jvm.dll+0x22535b]
V  [jvm.dll+0x78e7bc]
V  [jvm.dll+0x788bba]
V  [jvm.dll+0x676b35]
C  [ucrtbase.dll+0x37b0]
C  [KERNEL32.DLL+0x2e8d7]
C  [ntdll.dll+0x8c53c]


---------------  P R O C E S S  ---------------

Threads class SMR info:
_java_thread_list=0x000001f24c3f12f0, length=13, elements={
0x000001f265c964f0, 0x000001f27f4e7f10, 0x000001f27f4eb640, 0x000001f27f503630,
0x000001f27f503ef0, 0x000001f27f505410, 0x000001f27f50f0e0, 0x000001f27f512650,
0x000001f27f517cb0, 0x000001f27f51dd70, 0x000001f24b0ceff0, 0x000001f24b0dcb50,
0x000001f24bfc8480
}

Java Threads: ( => current thread )
  0x000001f265c964f0 JavaThread "main" [_thread_blocked, id=34184, stack(0x0000004163a00000,0x0000004163b00000)]
  0x000001f27f4e7f10 JavaThread "Reference Handler" daemon [_thread_blocked, id=25748, stack(0x0000004164100000,0x0000004164200000)]
  0x000001f27f4eb640 JavaThread "Finalizer" daemon [_thread_blocked, id=25580, stack(0x0000004164200000,0x0000004164300000)]
  0x000001f27f503630 JavaThread "Signal Dispatcher" daemon [_thread_blocked, id=43312, stack(0x0000004164300000,0x0000004164400000)]
  0x000001f27f503ef0 JavaThread "Attach Listener" daemon [_thread_blocked, id=43668, stack(0x0000004164400000,0x0000004164500000)]
  0x000001f27f505410 JavaThread "Service Thread" daemon [_thread_blocked, id=6508, stack(0x0000004164500000,0x0000004164600000)]
  0x000001f27f50f0e0 JavaThread "Monitor Deflation Thread" daemon [_thread_blocked, id=22068, stack(0x0000004164600000,0x0000004164700000)]
  0x000001f27f512650 JavaThread "C2 CompilerThread0" daemon [_thread_blocked, id=27340, stack(0x0000004164700000,0x0000004164800000)]
=>0x000001f27f517cb0 JavaThread "C1 CompilerThread0" daemon [_thread_in_vm, id=21148, stack(0x0000004164800000,0x0000004164900000)]
  0x000001f27f51dd70 JavaThread "Sweeper thread" daemon [_thread_blocked, id=37172, stack(0x0000004164900000,0x0000004164a00000)]
  0x000001f24b0ceff0 JavaThread "Notification Thread" daemon [_thread_blocked, id=42496, stack(0x0000004164a00000,0x0000004164b00000)]
  0x000001f24b0dcb50 JavaThread "Common-Cleaner" daemon [_thread_blocked, id=6636, stack(0x0000004164c00000,0x0000004164d00000)]
  0x000001f24bfc8480 JavaThread "Thread-1" daemon [_thread_blocked, id=33772, stack(0x0000004165100000,0x0000004165200000)]

Other Threads:
  0x000001f27f4e3170 VMThread "VM Thread" [stack: 0x0000004164000000,0x0000004164100000] [id=45256]
  0x000001f24b0d80e0 WatcherThread [stack: 0x0000004164b00000,0x0000004164c00000] [id=43616]
  0x000001f265cf0e50 GCTaskThread "GC Thread#0" [stack: 0x0000004163b00000,0x0000004163c00000] [id=16644]
  0x000001f24ba2de20 GCTaskThread "GC Thread#1" [stack: 0x0000004164e00000,0x0000004164f00000] [id=22184]
  0x000001f24ba2e0d0 GCTaskThread "GC Thread#2" [stack: 0x0000004164f00000,0x0000004165000000] [id=12380]
  0x000001f24bf437d0 GCTaskThread "GC Thread#3" [stack: 0x0000004165000000,0x0000004165100000] [id=23804]
  0x000001f265d014f0 ConcurrentGCThread "G1 Main Marker" [stack: 0x0000004163c00000,0x0000004163d00000] [id=6500]
  0x000001f265d03db0 ConcurrentGCThread "G1 Conc#0" [stack: 0x0000004163d00000,0x0000004163e00000] [id=45148]
  0x000001f265d58e60 ConcurrentGCThread "G1 Refine#0" [stack: 0x0000004163e00000,0x0000004163f00000] [id=38796]
  0x000001f265d59720 ConcurrentGCThread "G1 Service" [stack: 0x0000004163f00000,0x0000004164000000] [id=15308]

Threads with active compile tasks:
C1 CompilerThread0     7841 3142       3       org.codehaus.plexus.configuration.xml.XmlPlexusConfiguration::<init> (96 bytes)

VM state: not at safepoint (normal execution)

VM Mutex/Monitor currently owned by a thread:  ([mutex/lock_event])
[0x000001f265a9bd80] Metaspace_lock - owner thread: 0x000001f27f517cb0
[0x000001f265c90690] MethodData_lock - owner thread: 0x000001f27f517cb0

Heap address: 0x0000000083a00000, size: 1990 MB, Compressed Oops mode: 32-bit

CDS archive(s) mapped at: [0x000001f206000000-0x000001f206bd0000-0x000001f206bd0000), size 12386304, SharedBaseAddress: 0x000001f206000000, ArchiveRelocationMode: 1.
Compressed class space mapped at: 0x000001f207000000-0x000001f247000000, reserved size: 1073741824
Narrow klass base: 0x000001f206000000, Narrow klass shift: 0, Narrow klass range: 0x100000000

GC Precious Log:
 CPUs: 4 total, 4 available
 Memory: 7959M
 Large Page Support: Disabled
 NUMA Support: Disabled
 Compressed Oops: Enabled (32-bit)
 Heap Region Size: 1M
 Heap Min Capacity: 8M
 Heap Initial Capacity: 126M
 Heap Max Capacity: 1990M
 Pre-touch: Disabled
 Parallel Workers: 4
 Concurrent Workers: 1
 Concurrent Refinement Workers: 4
 Periodic GC: Disabled

Heap:
 garbage-first heap   total 129024K, used 45366K [0x0000000083a00000, 0x0000000100000000)
  region size 1024K, 43 young (44032K), 3 survivors (3072K)
 Metaspace       used 15094K, committed 15296K, reserved 1114112K
  class space    used 1823K, committed 1920K, reserved 1048576K

Heap Regions: E=young(eden), S=young(survivor), O=old, HS=humongous(starts), HC=humongous(continues), CS=collection set, F=free, OA=open archive, CA=closed archive, TAMS=top-at-mark-start (previous, next)
|   0|0x0000000083a00000, 0x0000000083b00000, 0x0000000083b00000|100%| O|  |TAMS 0x0000000083a00000, 0x0000000083a00000| Untracked 
|   1|0x0000000083b00000, 0x0000000083c00000, 0x0000000083c00000|100%| O|  |TAMS 0x0000000083b00000, 0x0000000083b00000| Untracked 
|   2|0x0000000083c00000, 0x0000000083d00000, 0x0000000083d00000|100%| O|  |TAMS 0x0000000083c00000, 0x0000000083c00000| Untracked 
|   3|0x0000000083d00000, 0x0000000083d35000, 0x0000000083e00000| 20%| O|  |TAMS 0x0000000083d00000, 0x0000000083d00000| Untracked 
|   4|0x0000000083e00000, 0x0000000083e00000, 0x0000000083f00000|  0%| F|  |TAMS 0x0000000083e00000, 0x0000000083e00000| Untracked 
|   5|0x0000000083f00000, 0x0000000083f00000, 0x0000000084000000|  0%| F|  |TAMS 0x0000000083f00000, 0x0000000083f00000| Untracked 
|   6|0x0000000084000000, 0x0000000084000000, 0x0000000084100000|  0%| F|  |TAMS 0x0000000084000000, 0x0000000084000000| Untracked 
|   7|0x0000000084100000, 0x0000000084100000, 0x0000000084200000|  0%| F|  |TAMS 0x0000000084100000, 0x0000000084100000| Untracked 
|   8|0x0000000084200000, 0x0000000084200000, 0x0000000084300000|  0%| F|  |TAMS 0x0000000084200000, 0x0000000084200000| Untracked 
|   9|0x0000000084300000, 0x0000000084300000, 0x0000000084400000|  0%| F|  |TAMS 0x0000000084300000, 0x0000000084300000| Untracked 
|  10|0x0000000084400000, 0x0000000084400000, 0x0000000084500000|  0%| F|  |TAMS 0x0000000084400000, 0x0000000084400000| Untracked 
|  11|0x0000000084500000, 0x0000000084500000, 0x0000000084600000|  0%| F|  |TAMS 0x0000000084500000, 0x0000000084500000| Untracked 
|  12|0x0000000084600000, 0x0000000084600000, 0x0000000084700000|  0%| F|  |TAMS 0x0000000084600000, 0x0000000084600000| Untracked 
|  13|0x0000000084700000, 0x0000000084700000, 0x0000000084800000|  0%| F|  |TAMS 0x0000000084700000, 0x0000000084700000| Untracked 
|  14|0x0000000084800000, 0x0000000084800000, 0x0000000084900000|  0%| F|  |TAMS 0x0000000084800000, 0x0000000084800000| Untracked 
|  15|0x0000000084900000, 0x0000000084900000, 0x0000000084a00000|  0%| F|  |TAMS 0x0000000084900000, 0x0000000084900000| Untracked 
|  16|0x0000000084a00000, 0x0000000084a00000, 0x0000000084b00000|  0%| F|  |TAMS 0x0000000084a00000, 0x0000000084a00000| Untracked 
|  17|0x0000000084b00000, 0x0000000084b00000, 0x0000000084c00000|  0%| F|  |TAMS 0x0000000084b00000, 0x0000000084b00000| Untracked 
|  18|0x0000000084c00000, 0x0000000084c00000, 0x0000000084d00000|  0%| F|  |TAMS 0x0000000084c00000, 0x0000000084c00000| Untracked 
|  19|0x0000000084d00000, 0x0000000084d00000, 0x0000000084e00000|  0%| F|  |TAMS 0x0000000084d00000, 0x0000000084d00000| Untracked 
|  20|0x0000000084e00000, 0x0000000084e00000, 0x0000000084f00000|  0%| F|  |TAMS 0x0000000084e00000, 0x0000000084e00000| Untracked 
|  21|0x0000000084f00000, 0x0000000084f00000, 0x0000000085000000|  0%| F|  |TAMS 0x0000000084f00000, 0x0000000084f00000| Untracked 
|  22|0x0000000085000000, 0x0000000085000000, 0x0000000085100000|  0%| F|  |TAMS 0x0000000085000000, 0x0000000085000000| Untracked 
|  23|0x0000000085100000, 0x0000000085100000, 0x0000000085200000|  0%| F|  |TAMS 0x0000000085100000, 0x0000000085100000| Untracked 
|  24|0x0000000085200000, 0x0000000085200000, 0x0000000085300000|  0%| F|  |TAMS 0x0000000085200000, 0x0000000085200000| Untracked 
|  25|0x0000000085300000, 0x0000000085300000, 0x0000000085400000|  0%| F|  |TAMS 0x0000000085300000, 0x0000000085300000| Untracked 
|  26|0x0000000085400000, 0x0000000085400000, 0x0000000085500000|  0%| F|  |TAMS 0x0000000085400000, 0x0000000085400000| Untracked 
|  27|0x0000000085500000, 0x0000000085500000, 0x0000000085600000|  0%| F|  |TAMS 0x0000000085500000, 0x0000000085500000| Untracked 
|  28|0x0000000085600000, 0x0000000085600000, 0x0000000085700000|  0%| F|  |TAMS 0x0000000085600000, 0x0000000085600000| Untracked 
|  29|0x0000000085700000, 0x0000000085700000, 0x0000000085800000|  0%| F|  |TAMS 0x0000000085700000, 0x0000000085700000| Untracked 
|  30|0x0000000085800000, 0x0000000085800000, 0x0000000085900000|  0%| F|  |TAMS 0x0000000085800000, 0x0000000085800000| Untracked 
|  31|0x0000000085900000, 0x0000000085900000, 0x0000000085a00000|  0%| F|  |TAMS 0x0000000085900000, 0x0000000085900000| Untracked 
|  32|0x0000000085a00000, 0x0000000085a00000, 0x0000000085b00000|  0%| F|  |TAMS 0x0000000085a00000, 0x0000000085a00000| Untracked 
|  33|0x0000000085b00000, 0x0000000085b00000, 0x0000000085c00000|  0%| F|  |TAMS 0x0000000085b00000, 0x0000000085b00000| Untracked 
|  34|0x0000000085c00000, 0x0000000085c00000, 0x0000000085d00000|  0%| F|  |TAMS 0x0000000085c00000, 0x0000000085c00000| Untracked 
|  35|0x0000000085d00000, 0x0000000085d00000, 0x0000000085e00000|  0%| F|  |TAMS 0x0000000085d00000, 0x0000000085d00000| Untracked 
|  36|0x0000000085e00000, 0x0000000085e00000, 0x0000000085f00000|  0%| F|  |TAMS 0x0000000085e00000, 0x0000000085e00000| Untracked 
|  37|0x0000000085f00000, 0x0000000085f00000, 0x0000000086000000|  0%| F|  |TAMS 0x0000000085f00000, 0x0000000085f00000| Untracked 
|  38|0x0000000086000000, 0x0000000086000000, 0x0000000086100000|  0%| F|  |TAMS 0x0000000086000000, 0x0000000086000000| Untracked 
|  39|0x0000000086100000, 0x0000000086100000, 0x0000000086200000|  0%| F|  |TAMS 0x0000000086100000, 0x0000000086100000| Untracked 
|  40|0x0000000086200000, 0x0000000086200000, 0x0000000086300000|  0%| F|  |TAMS 0x0000000086200000, 0x0000000086200000| Untracked 
|  41|0x0000000086300000, 0x0000000086300000, 0x0000000086400000|  0%| F|  |TAMS 0x0000000086300000, 0x0000000086300000| Untracked 
|  42|0x0000000086400000, 0x0000000086400000, 0x0000000086500000|  0%| F|  |TAMS 0x0000000086400000, 0x0000000086400000| Untracked 
|  43|0x0000000086500000, 0x0000000086500000, 0x0000000086600000|  0%| F|  |TAMS 0x0000000086500000, 0x0000000086500000| Untracked 
|  44|0x0000000086600000, 0x0000000086600000, 0x0000000086700000|  0%| F|  |TAMS 0x0000000086600000, 0x0000000086600000| Untracked 
|  45|0x0000000086700000, 0x0000000086700000, 0x0000000086800000|  0%| F|  |TAMS 0x0000000086700000, 0x0000000086700000| Untracked 
|  46|0x0000000086800000, 0x0000000086800000, 0x0000000086900000|  0%| F|  |TAMS 0x0000000086800000, 0x0000000086800000| Untracked 
|  47|0x0000000086900000, 0x0000000086900000, 0x0000000086a00000|  0%| F|  |TAMS 0x0000000086900000, 0x0000000086900000| Untracked 
|  48|0x0000000086a00000, 0x0000000086a00000, 0x0000000086b00000|  0%| F|  |TAMS 0x0000000086a00000, 0x0000000086a00000| Untracked 
|  49|0x0000000086b00000, 0x0000000086b00000, 0x0000000086c00000|  0%| F|  |TAMS 0x0000000086b00000, 0x0000000086b00000| Untracked 
|  50|0x0000000086c00000, 0x0000000086c00000, 0x0000000086d00000|  0%| F|  |TAMS 0x0000000086c00000, 0x0000000086c00000| Untracked 
|  51|0x0000000086d00000, 0x0000000086d00000, 0x0000000086e00000|  0%| F|  |TAMS 0x0000000086d00000, 0x0000000086d00000| Untracked 
|  52|0x0000000086e00000, 0x0000000086e00000, 0x0000000086f00000|  0%| F|  |TAMS 0x0000000086e00000, 0x0000000086e00000| Untracked 
|  53|0x0000000086f00000, 0x0000000086f00000, 0x0000000087000000|  0%| F|  |TAMS 0x0000000086f00000, 0x0000000086f00000| Untracked 
|  54|0x0000000087000000, 0x0000000087000000, 0x0000000087100000|  0%| F|  |TAMS 0x0000000087000000, 0x0000000087000000| Untracked 
|  55|0x0000000087100000, 0x0000000087100000, 0x0000000087200000|  0%| F|  |TAMS 0x0000000087100000, 0x0000000087100000| Untracked 
|  56|0x0000000087200000, 0x0000000087200000, 0x0000000087300000|  0%| F|  |TAMS 0x0000000087200000, 0x0000000087200000| Untracked 
|  57|0x0000000087300000, 0x0000000087300000, 0x0000000087400000|  0%| F|  |TAMS 0x0000000087300000, 0x0000000087300000| Untracked 
|  58|0x0000000087400000, 0x0000000087400000, 0x0000000087500000|  0%| F|  |TAMS 0x0000000087400000, 0x0000000087400000| Untracked 
|  59|0x0000000087500000, 0x0000000087500000, 0x0000000087600000|  0%| F|  |TAMS 0x0000000087500000, 0x0000000087500000| Untracked 
|  60|0x0000000087600000, 0x0000000087600000, 0x0000000087700000|  0%| F|  |TAMS 0x0000000087600000, 0x0000000087600000| Untracked 
|  61|0x0000000087700000, 0x0000000087700000, 0x0000000087800000|  0%| F|  |TAMS 0x0000000087700000, 0x0000000087700000| Untracked 
|  62|0x0000000087800000, 0x0000000087800000, 0x0000000087900000|  0%| F|  |TAMS 0x0000000087800000, 0x0000000087800000| Untracked 
|  63|0x0000000087900000, 0x0000000087900000, 0x0000000087a00000|  0%| F|  |TAMS 0x0000000087900000, 0x0000000087900000| Untracked 
|  64|0x0000000087a00000, 0x0000000087a00000, 0x0000000087b00000|  0%| F|  |TAMS 0x0000000087a00000, 0x0000000087a00000| Untracked 
|  65|0x0000000087b00000, 0x0000000087b00000, 0x0000000087c00000|  0%| F|  |TAMS 0x0000000087b00000, 0x0000000087b00000| Untracked 
|  66|0x0000000087c00000, 0x0000000087c00000, 0x0000000087d00000|  0%| F|  |TAMS 0x0000000087c00000, 0x0000000087c00000| Untracked 
|  67|0x0000000087d00000, 0x0000000087d00000, 0x0000000087e00000|  0%| F|  |TAMS 0x0000000087d00000, 0x0000000087d00000| Untracked 
|  68|0x0000000087e00000, 0x0000000087e00000, 0x0000000087f00000|  0%| F|  |TAMS 0x0000000087e00000, 0x0000000087e00000| Untracked 
|  69|0x0000000087f00000, 0x0000000087f00000, 0x0000000088000000|  0%| F|  |TAMS 0x0000000087f00000, 0x0000000087f00000| Untracked 
|  70|0x0000000088000000, 0x0000000088000000, 0x0000000088100000|  0%| F|  |TAMS 0x0000000088000000, 0x0000000088000000| Untracked 
|  71|0x0000000088100000, 0x0000000088100000, 0x0000000088200000|  0%| F|  |TAMS 0x0000000088100000, 0x0000000088100000| Untracked 
|  72|0x0000000088200000, 0x0000000088200000, 0x0000000088300000|  0%| F|  |TAMS 0x0000000088200000, 0x0000000088200000| Untracked 
|  73|0x0000000088300000, 0x0000000088300000, 0x0000000088400000|  0%| F|  |TAMS 0x0000000088300000, 0x0000000088300000| Untracked 
|  74|0x0000000088400000, 0x0000000088400000, 0x0000000088500000|  0%| F|  |TAMS 0x0000000088400000, 0x0000000088400000| Untracked 
|  75|0x0000000088500000, 0x0000000088500000, 0x0000000088600000|  0%| F|  |TAMS 0x0000000088500000, 0x0000000088500000| Untracked 
|  76|0x0000000088600000, 0x0000000088600000, 0x0000000088700000|  0%| F|  |TAMS 0x0000000088600000, 0x0000000088600000| Untracked 
|  77|0x0000000088700000, 0x0000000088700000, 0x0000000088800000|  0%| F|  |TAMS 0x0000000088700000, 0x0000000088700000| Untracked 
|  78|0x0000000088800000, 0x0000000088800000, 0x0000000088900000|  0%| F|  |TAMS 0x0000000088800000, 0x0000000088800000| Untracked 
|  79|0x0000000088900000, 0x0000000088900000, 0x0000000088a00000|  0%| F|  |TAMS 0x0000000088900000, 0x0000000088900000| Untracked 
|  80|0x0000000088a00000, 0x0000000088a00000, 0x0000000088b00000|  0%| F|  |TAMS 0x0000000088a00000, 0x0000000088a00000| Untracked 
|  81|0x0000000088b00000, 0x0000000088b00000, 0x0000000088c00000|  0%| F|  |TAMS 0x0000000088b00000, 0x0000000088b00000| Untracked 
|  82|0x0000000088c00000, 0x0000000088c00000, 0x0000000088d00000|  0%| F|  |TAMS 0x0000000088c00000, 0x0000000088c00000| Untracked 
|  83|0x0000000088d00000, 0x0000000088e00000, 0x0000000088e00000|100%| E|  |TAMS 0x0000000088d00000, 0x0000000088d00000| Complete 
|  84|0x0000000088e00000, 0x0000000088f00000, 0x0000000088f00000|100%| E|CS|TAMS 0x0000000088e00000, 0x0000000088e00000| Complete 
|  85|0x0000000088f00000, 0x0000000089000000, 0x0000000089000000|100%| E|CS|TAMS 0x0000000088f00000, 0x0000000088f00000| Complete 
|  86|0x0000000089000000, 0x0000000089100000, 0x0000000089100000|100%| E|CS|TAMS 0x0000000089000000, 0x0000000089000000| Complete 
|  87|0x0000000089100000, 0x0000000089200000, 0x0000000089200000|100%| E|CS|TAMS 0x0000000089100000, 0x0000000089100000| Complete 
|  88|0x0000000089200000, 0x0000000089300000, 0x0000000089300000|100%| E|CS|TAMS 0x0000000089200000, 0x0000000089200000| Complete 
|  89|0x0000000089300000, 0x0000000089400000, 0x0000000089400000|100%| E|CS|TAMS 0x0000000089300000, 0x0000000089300000| Complete 
|  90|0x0000000089400000, 0x0000000089500000, 0x0000000089500000|100%| E|CS|TAMS 0x0000000089400000, 0x0000000089400000| Complete 
|  91|0x0000000089500000, 0x0000000089600000, 0x0000000089600000|100%| E|CS|TAMS 0x0000000089500000, 0x0000000089500000| Complete 
|  92|0x0000000089600000, 0x0000000089700000, 0x0000000089700000|100%| E|CS|TAMS 0x0000000089600000, 0x0000000089600000| Complete 
|  93|0x0000000089700000, 0x0000000089718950, 0x0000000089800000|  9%| S|CS|TAMS 0x0000000089700000, 0x0000000089700000| Complete 
|  94|0x0000000089800000, 0x0000000089900000, 0x0000000089900000|100%| S|CS|TAMS 0x0000000089800000, 0x0000000089800000| Complete 
|  95|0x0000000089900000, 0x0000000089a00000, 0x0000000089a00000|100%| S|CS|TAMS 0x0000000089900000, 0x0000000089900000| Complete 
|  96|0x0000000089a00000, 0x0000000089b00000, 0x0000000089b00000|100%| E|CS|TAMS 0x0000000089a00000, 0x0000000089a00000| Complete 
|  97|0x0000000089b00000, 0x0000000089c00000, 0x0000000089c00000|100%| E|CS|TAMS 0x0000000089b00000, 0x0000000089b00000| Complete 
|  98|0x0000000089c00000, 0x0000000089d00000, 0x0000000089d00000|100%| E|CS|TAMS 0x0000000089c00000, 0x0000000089c00000| Complete 
|  99|0x0000000089d00000, 0x0000000089e00000, 0x0000000089e00000|100%| E|CS|TAMS 0x0000000089d00000, 0x0000000089d00000| Complete 
| 100|0x0000000089e00000, 0x0000000089f00000, 0x0000000089f00000|100%| E|CS|TAMS 0x0000000089e00000, 0x0000000089e00000| Complete 
| 101|0x0000000089f00000, 0x000000008a000000, 0x000000008a000000|100%| E|CS|TAMS 0x0000000089f00000, 0x0000000089f00000| Complete 
| 102|0x000000008a000000, 0x000000008a100000, 0x000000008a100000|100%| E|CS|TAMS 0x000000008a000000, 0x000000008a000000| Complete 
| 103|0x000000008a100000, 0x000000008a200000, 0x000000008a200000|100%| E|CS|TAMS 0x000000008a100000, 0x000000008a100000| Complete 
| 104|0x000000008a200000, 0x000000008a300000, 0x000000008a300000|100%| E|CS|TAMS 0x000000008a200000, 0x000000008a200000| Complete 
| 105|0x000000008a300000, 0x000000008a400000, 0x000000008a400000|100%| E|CS|TAMS 0x000000008a300000, 0x000000008a300000| Complete 
| 106|0x000000008a400000, 0x000000008a500000, 0x000000008a500000|100%| E|CS|TAMS 0x000000008a400000, 0x000000008a400000| Complete 
| 107|0x000000008a500000, 0x000000008a600000, 0x000000008a600000|100%| E|CS|TAMS 0x000000008a500000, 0x000000008a500000| Complete 
| 108|0x000000008a600000, 0x000000008a700000, 0x000000008a700000|100%| E|CS|TAMS 0x000000008a600000, 0x000000008a600000| Complete 
| 109|0x000000008a700000, 0x000000008a800000, 0x000000008a800000|100%| E|CS|TAMS 0x000000008a700000, 0x000000008a700000| Complete 
| 110|0x000000008a800000, 0x000000008a900000, 0x000000008a900000|100%| E|CS|TAMS 0x000000008a800000, 0x000000008a800000| Complete 
| 111|0x000000008a900000, 0x000000008aa00000, 0x000000008aa00000|100%| E|CS|TAMS 0x000000008a900000, 0x000000008a900000| Complete 
| 112|0x000000008aa00000, 0x000000008ab00000, 0x000000008ab00000|100%| E|CS|TAMS 0x000000008aa00000, 0x000000008aa00000| Complete 
| 113|0x000000008ab00000, 0x000000008ac00000, 0x000000008ac00000|100%| E|CS|TAMS 0x000000008ab00000, 0x000000008ab00000| Complete 
| 114|0x000000008ac00000, 0x000000008ad00000, 0x000000008ad00000|100%| E|CS|TAMS 0x000000008ac00000, 0x000000008ac00000| Complete 
| 115|0x000000008ad00000, 0x000000008ae00000, 0x000000008ae00000|100%| E|CS|TAMS 0x000000008ad00000, 0x000000008ad00000| Complete 
| 116|0x000000008ae00000, 0x000000008af00000, 0x000000008af00000|100%| E|CS|TAMS 0x000000008ae00000, 0x000000008ae00000| Complete 
| 117|0x000000008af00000, 0x000000008b000000, 0x000000008b000000|100%| E|CS|TAMS 0x000000008af00000, 0x000000008af00000| Complete 
| 118|0x000000008b000000, 0x000000008b100000, 0x000000008b100000|100%| E|CS|TAMS 0x000000008b000000, 0x000000008b000000| Complete 
| 119|0x000000008b100000, 0x000000008b200000, 0x000000008b200000|100%| E|CS|TAMS 0x000000008b100000, 0x000000008b100000| Complete 
| 120|0x000000008b200000, 0x000000008b300000, 0x000000008b300000|100%| E|CS|TAMS 0x000000008b200000, 0x000000008b200000| Complete 
| 121|0x000000008b300000, 0x000000008b400000, 0x000000008b400000|100%| E|CS|TAMS 0x000000008b300000, 0x000000008b300000| Complete 
| 122|0x000000008b400000, 0x000000008b500000, 0x000000008b500000|100%| E|CS|TAMS 0x000000008b400000, 0x000000008b400000| Complete 
| 123|0x000000008b500000, 0x000000008b600000, 0x000000008b600000|100%| E|CS|TAMS 0x000000008b500000, 0x000000008b500000| Complete 
| 124|0x000000008b600000, 0x000000008b700000, 0x000000008b700000|100%| E|CS|TAMS 0x000000008b600000, 0x000000008b600000| Complete 
| 125|0x000000008b700000, 0x000000008b800000, 0x000000008b800000|100%| E|CS|TAMS 0x000000008b700000, 0x000000008b700000| Complete 

Card table byte_map: [0x000001f27e710000,0x000001f27eb00000] _byte_map_base: 0x000001f27e2f3000

Marking Bits (Prev, Next): (CMBitMap*) 0x000001f265cf1300, (CMBitMap*) 0x000001f265cf1340
 Prev Bits: [0x000001f200000000, 0x000001f201f18000)
 Next Bits: [0x000001f201f20000, 0x000001f203e38000)

Polling page: 0x000001f265c10000

Metaspace:

Usage:
  Non-class:     12.96 MB used.
      Class:      1.78 MB used.
       Both:     14.74 MB used.

Virtual space:
  Non-class space:       64.00 MB reserved,      13.06 MB ( 20%) committed,  1 nodes.
      Class space:        1.00 GB reserved,       1.88 MB ( <1%) committed,  1 nodes.
             Both:        1.06 GB reserved,      14.94 MB (  1%) committed. 

Chunk freelists:
   Non-Class:  2.30 MB
       Class:  13.97 MB
        Both:  16.27 MB

MaxMetaspaceSize: unlimited
CompressedClassSpaceSize: 1.00 GB
Initial GC threshold: 21.00 MB
Current GC threshold: 21.00 MB
CDS: on
MetaspaceReclaimPolicy: balanced
 - commit_granule_bytes: 65536.
 - commit_granule_words: 8192.
 - virtual_space_node_default_size: 8388608.
 - enlarge_chunks_in_place: 1.
 - new_chunks_are_fully_committed: 0.
 - uncommit_free_chunks: 1.
 - use_allocation_guard: 0.
 - handle_deallocations: 1.


Internal statistics:

num_allocs_failed_limit: 0.
num_arena_births: 98.
num_arena_deaths: 0.
num_vsnodes_births: 2.
num_vsnodes_deaths: 0.
num_space_committed: 239.
num_space_uncommitted: 0.
num_chunks_returned_to_freelist: 0.
num_chunks_taken_from_freelist: 624.
num_chunk_merges: 0.
num_chunk_splits: 423.
num_chunks_enlarged: 340.
num_purges: 0.
num_inconsistent_stats: 0.

CodeHeap 'non-profiled nmethods': size=120000Kb used=1368Kb max_used=1368Kb free=118631Kb
 bounds [0x000001f2767d0000, 0x000001f276a40000, 0x000001f27dd00000]
CodeHeap 'profiled nmethods': size=120000Kb used=6623Kb max_used=6623Kb free=113376Kb
 bounds [0x000001f26ed00000, 0x000001f26f380000, 0x000001f276230000]
CodeHeap 'non-nmethods': size=5760Kb used=1189Kb max_used=1215Kb free=4570Kb
 bounds [0x000001f276230000, 0x000001f2764a0000, 0x000001f2767d0000]
 total_blobs=3611 nmethods=3142 adapters=381
 compilation: enabled
              stopped_count=0, restarted_count=0
 full_count=0

Compilation events (20 events):
Event: 7.586 Thread 0x000001f27f517cb0 3134       3       org.codehaus.plexus.util.xml.pull.MXParser::ensureAttributesCapacity (206 bytes)
Event: 7.587 Thread 0x000001f27f517cb0 nmethod 3134 0x000001f26f373810 code [0x000001f26f373a40, 0x000001f26f374768]
Event: 7.587 Thread 0x000001f27f517cb0 3136       3       org.codehaus.plexus.util.xml.pull.MXParser::getAttributeName (81 bytes)
Event: 7.588 Thread 0x000001f27f517cb0 nmethod 3136 0x000001f26f374990 code [0x000001f26f374c00, 0x000001f26f375528]
Event: 7.588 Thread 0x000001f27f517cb0 3135       3       org.codehaus.plexus.util.xml.pull.MXParser::joinPC (69 bytes)
Event: 7.588 Thread 0x000001f27f517cb0 nmethod 3135 0x000001f26f375910 code [0x000001f26f375ac0, 0x000001f26f375d58]
Event: 7.588 Thread 0x000001f27f517cb0 3137       3       org.codehaus.plexus.util.xml.pull.MXParser::getAttributeValue (81 bytes)
Event: 7.589 Thread 0x000001f27f517cb0 nmethod 3137 0x000001f26f375e90 code [0x000001f26f376100, 0x000001f26f376a28]
Event: 7.589 Thread 0x000001f27f517cb0 3139       3       org.codehaus.plexus.util.xml.Xpp3Dom::setAttribute (62 bytes)
Event: 7.590 Thread 0x000001f27f517cb0 nmethod 3139 0x000001f26f376e10 code [0x000001f26f377000, 0x000001f26f377608]
Event: 7.590 Thread 0x000001f27f517cb0 3140       1       org.codehaus.plexus.configuration.DefaultPlexusConfiguration::getName (5 bytes)
Event: 7.590 Thread 0x000001f27f517cb0 nmethod 3140 0x000001f276924b10 code [0x000001f276924ca0, 0x000001f276924d78]
Event: 7.590 Thread 0x000001f27f517cb0 3141       3       org.codehaus.plexus.util.xml.Xpp3Dom::getChildren (40 bytes)
Event: 7.590 Thread 0x000001f27f517cb0 nmethod 3141 0x000001f26f377810 code [0x000001f26f3779e0, 0x000001f26f377e38]
Event: 7.590 Thread 0x000001f27f517cb0 3142       3       org.codehaus.plexus.configuration.xml.XmlPlexusConfiguration::<init> (96 bytes)
Event: 7.593 Thread 0x000001f27f512650 nmethod 3133 0x000001f276924e10 code [0x000001f276924fa0, 0x000001f276925678]
Event: 7.593 Thread 0x000001f27f512650 3144       4       java.util.ArrayList::isEmpty (13 bytes)
Event: 7.594 Thread 0x000001f27f512650 nmethod 3144 0x000001f276925910 code [0x000001f276925a80, 0x000001f276925b18]
Event: 7.594 Thread 0x000001f27f512650 3138       4       java.util.ArrayList::remove (26 bytes)
Event: 7.596 Thread 0x000001f27f512650 nmethod 3138 0x000001f276925c10 code [0x000001f276925da0, 0x000001f276925fd8]

GC Heap History (6 events):
Event: 1.516 GC heap before
{Heap before GC invocations=0 (full 0):
 garbage-first heap   total 129024K, used 12288K [0x0000000083a00000, 0x0000000100000000)
  region size 1024K, 13 young (13312K), 0 survivors (0K)
 Metaspace       used 3457K, committed 3520K, reserved 1114112K
  class space    used 365K, committed 384K, reserved 1048576K
}
Event: 1.535 GC heap after
{Heap after GC invocations=1 (full 0):
 garbage-first heap   total 129024K, used 3174K [0x0000000083a00000, 0x0000000100000000)
  region size 1024K, 2 young (2048K), 2 survivors (2048K)
 Metaspace       used 3457K, committed 3520K, reserved 1114112K
  class space    used 365K, committed 384K, reserved 1048576K
}
Event: 2.298 GC heap before
{Heap before GC invocations=1 (full 0):
 garbage-first heap   total 129024K, used 16486K [0x0000000083a00000, 0x0000000100000000)
  region size 1024K, 15 young (15360K), 2 survivors (2048K)
 Metaspace       used 5647K, committed 5824K, reserved 1114112K
  class space    used 688K, committed 768K, reserved 1048576K
}
Event: 2.304 GC heap after
{Heap after GC invocations=2 (full 0):
 garbage-first heap   total 129024K, used 3953K [0x0000000083a00000, 0x0000000100000000)
  region size 1024K, 1 young (1024K), 1 survivors (1024K)
 Metaspace       used 5647K, committed 5824K, reserved 1114112K
  class space    used 688K, committed 768K, reserved 1048576K
}
Event: 4.311 GC heap before
{Heap before GC invocations=2 (full 0):
 garbage-first heap   total 129024K, used 33649K [0x0000000083a00000, 0x0000000100000000)
  region size 1024K, 30 young (30720K), 1 survivors (1024K)
 Metaspace       used 9964K, committed 10112K, reserved 1114112K
  class space    used 1216K, committed 1280K, reserved 1048576K
}
Event: 4.317 GC heap after
{Heap after GC invocations=3 (full 0):
 garbage-first heap   total 129024K, used 5430K [0x0000000083a00000, 0x0000000100000000)
  region size 1024K, 3 young (3072K), 3 survivors (3072K)
 Metaspace       used 9964K, committed 10112K, reserved 1114112K
  class space    used 1216K, committed 1280K, reserved 1048576K
}

Deoptimization events (20 events):
Event: 6.638 Thread 0x000001f265c964f0 Uncommon trap: trap_request=0xffffff45 fr.pc=0x000001f2767d7af8 relative=0x0000000000000178
Event: 6.638 Thread 0x000001f265c964f0 Uncommon trap: reason=unstable_if action=reinterpret pc=0x000001f2767d7af8 method=java.lang.String.indexOf(II)I @ 4 c2
Event: 6.638 Thread 0x000001f265c964f0 DEOPT PACKING pc=0x000001f2767d7af8 sp=0x0000004163afd9f0
Event: 6.638 Thread 0x000001f265c964f0 DEOPT UNPACKING pc=0x000001f276285ba3 sp=0x0000004163afd920 mode 2
Event: 6.638 Thread 0x000001f265c964f0 Uncommon trap: trap_request=0xffffff45 fr.pc=0x000001f27680228c relative=0x00000000000004ec
Event: 6.638 Thread 0x000001f265c964f0 Uncommon trap: reason=unstable_if action=reinterpret pc=0x000001f27680228c method=java.lang.String.substring(II)Ljava/lang/String; @ 31 c2
Event: 6.638 Thread 0x000001f265c964f0 DEOPT PACKING pc=0x000001f27680228c sp=0x0000004163afd980
Event: 6.638 Thread 0x000001f265c964f0 DEOPT UNPACKING pc=0x000001f276285ba3 sp=0x0000004163afd950 mode 2
Event: 6.657 Thread 0x000001f265c964f0 Uncommon trap: trap_request=0xffffff45 fr.pc=0x000001f2768f8e28 relative=0x0000000000000b68
Event: 6.657 Thread 0x000001f265c964f0 Uncommon trap: reason=unstable_if action=reinterpret pc=0x000001f2768f8e28 method=org.codehaus.plexus.util.xml.pull.MXParser.nextImpl()I @ 978 c2
Event: 6.657 Thread 0x000001f265c964f0 DEOPT PACKING pc=0x000001f2768f8e28 sp=0x0000004163afda60
Event: 6.657 Thread 0x000001f265c964f0 DEOPT UNPACKING pc=0x000001f276285ba3 sp=0x0000004163afd9d8 mode 2
Event: 6.657 Thread 0x000001f265c964f0 Uncommon trap: trap_request=0xffffff45 fr.pc=0x000001f2768cca50 relative=0x0000000000000050
Event: 6.657 Thread 0x000001f265c964f0 Uncommon trap: reason=unstable_if action=reinterpret pc=0x000001f2768cca50 method=org.codehaus.plexus.util.xml.pull.MXParser.isValidCodePoint(I)Z @ 3 c2
Event: 6.657 Thread 0x000001f265c964f0 DEOPT PACKING pc=0x000001f2768cca50 sp=0x0000004163afd8e0
Event: 6.657 Thread 0x000001f265c964f0 DEOPT UNPACKING pc=0x000001f276285ba3 sp=0x0000004163afd870 mode 2
Event: 6.851 Thread 0x000001f265c964f0 Uncommon trap: trap_request=0xffffff45 fr.pc=0x000001f27690870c relative=0x000000000000008c
Event: 6.851 Thread 0x000001f265c964f0 Uncommon trap: reason=unstable_if action=reinterpret pc=0x000001f27690870c method=org.apache.maven.model.validation.DefaultModelValidator.isValidIdCharacter(C)Z @ 51 c2
Event: 6.851 Thread 0x000001f265c964f0 DEOPT PACKING pc=0x000001f27690870c sp=0x0000004163afdb80
Event: 6.851 Thread 0x000001f265c964f0 DEOPT UNPACKING pc=0x000001f276285ba3 sp=0x0000004163afdb18 mode 2

Classes unloaded (0 events):
No events

Classes redefined (0 events):
No events

Internal exceptions (20 events):
Event: 1.570 Thread 0x000001f265c964f0 Exception <a 'java/lang/NoSuchMethodError'{0x000000008b774658}: 'void java.lang.invoke.DirectMethodHandle$Holder.invokeSpecial(java.lang.Object, java.lang.Object, java.lang.Object)'> (0x000000008b774658) 
thrown [s\open\src\hotspot\share\interpreter\linkResolver.cpp, line 759]
Event: 1.738 Thread 0x000001f265c964f0 Exception <a 'java/lang/NoSuchMethodError'{0x000000008b6ff210}: 'java.lang.Object java.lang.invoke.DirectMethodHandle$Holder.invokeInterface(java.lang.Object, java.lang.Object)'> (0x000000008b6ff210) 
thrown [s\open\src\hotspot\share\interpreter\linkResolver.cpp, line 759]
Event: 1.792 Thread 0x000001f265c964f0 Exception <a 'java/lang/NoSuchMethodError'{0x000000008b5ade90}: 'java.lang.Object java.lang.invoke.Invokers$Holder.invokeExact_MT(java.lang.Object, java.lang.Object, java.lang.Object, java.lang.Object, java.lang.Object, java.lang.Object)'> (0x000000008b5ade90) 
thrown [s\open\src\hotspot\share\interpreter\linkResolver.cpp, line 759]
Event: 1.797 Thread 0x000001f265c964f0 Exception <a 'java/lang/NoSuchMethodError'{0x000000008b5bf3c0}: 'int java.lang.invoke.DirectMethodHandle$Holder.invokeSpecialIFC(java.lang.Object, java.lang.Object, java.lang.Object, java.lang.Object, java.lang.Object)'> (0x000000008b5bf3c0) 
thrown [s\open\src\hotspot\share\interpreter\linkResolver.cpp, line 759]
Event: 1.944 Thread 0x000001f265c964f0 Exception <a 'java/lang/NoSuchMethodError'{0x000000008b370750}: 'java.lang.Object java.lang.invoke.DirectMethodHandle$Holder.newInvokeSpecial(java.lang.Object, java.lang.Object, java.lang.Object, java.lang.Object, java.lang.Object)'> (0x000000008b370750) 
thrown [s\open\src\hotspot\share\interpreter\linkResolver.cpp, line 759]
Event: 2.012 Thread 0x000001f265c964f0 Exception <a 'java/lang/NoSuchMethodError'{0x000000008b295470}: 'int java.lang.invoke.DirectMethodHandle$Holder.invokeStaticInit(java.lang.Object, java.lang.Object)'> (0x000000008b295470) 
thrown [s\open\src\hotspot\share\interpreter\linkResolver.cpp, line 759]
Event: 2.039 Thread 0x000001f265c964f0 Exception <a 'java/lang/NoClassDefFoundError'{0x000000008b2ce998}: javax/enterprise/inject/Typed> (0x000000008b2ce998) 
thrown [s\open\src\hotspot\share\classfile\systemDictionary.cpp, line 245]
Event: 4.509 Thread 0x000001f265c964f0 Exception <a 'java/lang/NoSuchMethodError'{0x000000008b5df498}: 'void java.lang.invoke.DirectMethodHandle$Holder.invokeStaticInit(java.lang.Object, java.lang.Object, java.lang.Object)'> (0x000000008b5df498) 
thrown [s\open\src\hotspot\share\interpreter\linkResolver.cpp, line 759]
Event: 4.524 Thread 0x000001f265c964f0 Exception <a 'java/lang/ExceptionInInitializerError'{0x000000008b40d1f8}> (0x000000008b40d1f8) 
thrown [s\open\src\hotspot\share\oops\instanceKlass.cpp, line 1216]
Event: 4.556 Thread 0x000001f265c964f0 Implicit null exception at 0x000001f27685a92f to 0x000001f27685aa8c
Event: 4.561 Thread 0x000001f265c964f0 Exception <a 'java/lang/NoSuchMethodError'{0x000000008b4752e0}: 'java.lang.Object java.lang.invoke.Invokers$Holder.invokeExact_MT(java.lang.Object, int, java.lang.Object)'> (0x000000008b4752e0) 
thrown [s\open\src\hotspot\share\interpreter\linkResolver.cpp, line 759]
Event: 4.585 Thread 0x000001f265c964f0 Exception <a 'java/lang/NoSuchMethodError'{0x000000008b4e0500}: 'int java.lang.invoke.DirectMethodHandle$Holder.invokeSpecial(java.lang.Object, java.lang.Object, java.lang.Object, java.lang.Object)'> (0x000000008b4e0500) 
thrown [s\open\src\hotspot\share\interpreter\linkResolver.cpp, line 759]
Event: 5.104 Thread 0x000001f265c964f0 Exception <a 'java/lang/NoClassDefFoundError'{0x000000008ab238b0}: com/google/inject/servlet/ServletModuleTargetVisitor> (0x000000008ab238b0) 
thrown [s\open\src\hotspot\share\classfile\systemDictionary.cpp, line 245]
Event: 5.241 Thread 0x000001f265c964f0 Exception <a 'java/lang/NoSuchMethodError'{0x000000008aabbf00}: 'void java.lang.invoke.DirectMethodHandle$Holder.invokeVirtual(java.lang.Object, java.lang.Object)'> (0x000000008aabbf00) 
thrown [s\open\src\hotspot\share\interpreter\linkResolver.cpp, line 759]
Event: 5.307 Thread 0x000001f265c964f0 Exception <a 'java/lang/NoSuchMethodError'{0x000000008a934d30}: 'java.lang.Object java.lang.invoke.DirectMethodHandle$Holder.invokeStaticInit(java.lang.Object, int, int, int, int)'> (0x000000008a934d30) 
thrown [s\open\src\hotspot\share\interpreter\linkResolver.cpp, line 759]
Event: 5.528 Thread 0x000001f265c964f0 Implicit null exception at 0x000001f2767f2a72 to 0x000001f2767f30ac
Event: 5.528 Thread 0x000001f265c964f0 Implicit null exception at 0x000001f2767f49f2 to 0x000001f2767f5044
Event: 5.743 Thread 0x000001f265c964f0 Exception <a 'java/lang/NoSuchMethodError'{0x000000008a4f69d0}: 'void java.lang.invoke.DirectMethodHandle$Holder.invokeSpecial(java.lang.Object, java.lang.Object, java.lang.Object, java.lang.Object, java.lang.Object)'> (0x000000008a4f69d0) 
thrown [s\open\src\hotspot\share\interpreter\linkResolver.cpp, line 759]
Event: 5.752 Thread 0x000001f265c964f0 Exception <a 'java/lang/NoSuchMethodError'{0x000000008a3145f8}: 'void java.lang.invoke.DirectMethodHandle$Holder.invokeSpecial(java.lang.Object, java.lang.Object, java.lang.Object, java.lang.Object, java.lang.Object, java.lang.Object)'> (0x000000008a3145f8) 
thrown [s\open\src\hotspot\share\interpreter\linkResolver.cpp, line 759]
Event: 5.778 Thread 0x000001f265c964f0 Exception <a 'java/lang/NoSuchMethodError'{0x000000008a208ef0}: 'java.lang.Object java.lang.invoke.DirectMethodHandle$Holder.invokeVirtual(java.lang.Object, java.lang.Object, java.lang.Object)'> (0x000000008a208ef0) 
thrown [s\open\src\hotspot\share\interpreter\linkResolver.cpp, line 759]

VM Operations (20 events):
Event: 4.648 Executing VM operation: HandshakeAllThreads
Event: 4.649 Executing VM operation: HandshakeAllThreads done
Event: 4.774 Executing VM operation: HandshakeAllThreads
Event: 4.774 Executing VM operation: HandshakeAllThreads done
Event: 5.062 Executing VM operation: HandshakeAllThreads
Event: 5.062 Executing VM operation: HandshakeAllThreads done
Event: 5.088 Executing VM operation: ICBufferFull
Event: 5.088 Executing VM operation: ICBufferFull done
Event: 5.272 Executing VM operation: HandshakeAllThreads
Event: 5.272 Executing VM operation: HandshakeAllThreads done
Event: 5.332 Executing VM operation: HandshakeAllThreads
Event: 5.332 Executing VM operation: HandshakeAllThreads done
Event: 5.457 Executing VM operation: HandshakeAllThreads
Event: 5.457 Executing VM operation: HandshakeAllThreads done
Event: 5.459 Executing VM operation: HandshakeAllThreads
Event: 5.459 Executing VM operation: HandshakeAllThreads done
Event: 5.887 Executing VM operation: ICBufferFull
Event: 5.887 Executing VM operation: ICBufferFull done
Event: 6.892 Executing VM operation: Cleanup
Event: 6.892 Executing VM operation: Cleanup done

Events (20 events):
Event: 5.728 loading class java/util/AbstractMap$2$1 done
Event: 5.729 Thread 0x000001f24c1acdf0 Thread exited: 0x000001f24c1acdf0
Event: 5.745 loading class java/lang/invoke/MethodHandle$1
Event: 5.746 loading class java/lang/invoke/MethodHandle$1 done
Event: 5.775 Thread 0x000001f24c32b9d0 Thread added: 0x000001f24c32b9d0
Event: 5.923 loading class java/util/stream/Streams$RangeIntSpliterator
Event: 5.924 loading class java/util/stream/Streams$RangeIntSpliterator done
Event: 6.463 Thread 0x000001f24c32b9d0 Thread exited: 0x000001f24c32b9d0
Event: 6.896 Thread 0x000001f24c32b9d0 Thread added: 0x000001f24c32b9d0
Event: 7.204 Thread 0x000001f24c32b9d0 Thread exited: 0x000001f24c32b9d0
Event: 7.223 loading class java/util/stream/MatchOps$MatchKind
Event: 7.252 loading class java/util/stream/MatchOps$MatchKind done
Event: 7.252 loading class java/util/stream/MatchOps
Event: 7.328 loading class java/util/stream/MatchOps done
Event: 7.328 loading class java/util/stream/MatchOps$MatchOp
Event: 7.395 loading class java/util/stream/MatchOps$MatchOp done
Event: 7.396 loading class java/util/stream/MatchOps$BooleanTerminalSink
Event: 7.451 loading class java/util/stream/MatchOps$BooleanTerminalSink done
Event: 7.455 loading class java/util/stream/MatchOps$1MatchSink
Event: 7.502 loading class java/util/stream/MatchOps$1MatchSink done


Dynamic libraries:
0x00007ff7c72a0000 - 0x00007ff7c72b0000 	C:\Program Files\Java\jdk-17\bin\java.exe
0x00007ffcf3b00000 - 0x00007ffcf3d67000 	C:\WINDOWS\SYSTEM32\ntdll.dll
0x00007ffcf2c00000 - 0x00007ffcf2cc9000 	C:\WINDOWS\System32\KERNEL32.DLL
0x00007ffcf14a0000 - 0x00007ffcf188f000 	C:\WINDOWS\System32\KERNELBASE.dll
0x00007ffcf0f00000 - 0x00007ffcf104b000 	C:\WINDOWS\System32\ucrtbase.dll
0x00007ffcd27b0000 - 0x00007ffcd27cb000 	C:\Program Files\Java\jdk-17\bin\VCRUNTIME140.dll
0x00007ffcd27d0000 - 0x00007ffcd27e9000 	C:\Program Files\Java\jdk-17\bin\jli.dll
0x00007ffcf2280000 - 0x00007ffcf2334000 	C:\WINDOWS\System32\ADVAPI32.dll
0x00007ffcf23c0000 - 0x00007ffcf2469000 	C:\WINDOWS\System32\msvcrt.dll
0x00007ffcf2e70000 - 0x00007ffcf2f16000 	C:\WINDOWS\System32\sechost.dll
0x00007ffcf37f0000 - 0x00007ffcf3908000 	C:\WINDOWS\System32\RPCRT4.dll
0x00007ffcf20b0000 - 0x00007ffcf2275000 	C:\WINDOWS\System32\USER32.dll
0x00007ffcf13b0000 - 0x00007ffcf13d7000 	C:\WINDOWS\System32\win32u.dll
0x00007ffcd8470000 - 0x00007ffcd8703000 	C:\WINDOWS\WinSxS\amd64_microsoft.windows.common-controls_6595b64144ccf1df_6.0.26100.7309_none_3e05feeae336a044\COMCTL32.dll
0x00007ffcf18a0000 - 0x00007ffcf18cb000 	C:\WINDOWS\System32\GDI32.dll
0x00007ffcf0dd0000 - 0x00007ffcf0efc000 	C:\WINDOWS\System32\gdi32full.dll
0x00007ffcf1050000 - 0x00007ffcf10f3000 	C:\WINDOWS\System32\msvcp_win.dll
0x00007ffcd8f40000 - 0x00007ffcd8f4b000 	C:\WINDOWS\SYSTEM32\VERSION.dll
0x00007ffcf25c0000 - 0x00007ffcf25f1000 	C:\WINDOWS\System32\IMM32.DLL
0x00007ffcd27a0000 - 0x00007ffcd27ac000 	C:\Program Files\Java\jdk-17\bin\vcruntime140_1.dll
0x00007ffcca770000 - 0x00007ffcca7fe000 	C:\Program Files\Java\jdk-17\bin\msvcp140.dll
0x00007ffcc9b90000 - 0x00007ffcca76e000 	C:\Program Files\Java\jdk-17\bin\server\jvm.dll
0x00007ffcf3010000 - 0x00007ffcf3018000 	C:\WINDOWS\System32\PSAPI.DLL
0x00007ffcd8100000 - 0x00007ffcd8135000 	C:\WINDOWS\SYSTEM32\WINMM.dll
0x00007ffcd2300000 - 0x00007ffcd230a000 	C:\WINDOWS\SYSTEM32\WSOCK32.dll
0x00007ffcf2f20000 - 0x00007ffcf2f94000 	C:\WINDOWS\System32\WS2_32.dll
0x00007ffcef9d0000 - 0x00007ffcef9eb000 	C:\WINDOWS\SYSTEM32\kernel.appcore.dll
0x00007ffcd2790000 - 0x00007ffcd279a000 	C:\Program Files\Java\jdk-17\bin\jimage.dll
0x00007ffcee450000 - 0x00007ffcee692000 	C:\WINDOWS\SYSTEM32\DBGHELP.DLL
0x00007ffcf2870000 - 0x00007ffcf2bf6000 	C:\WINDOWS\System32\combase.dll
0x00007ffcf18d0000 - 0x00007ffcf19a6000 	C:\WINDOWS\System32\OLEAUT32.dll
0x00007ffcc9550000 - 0x00007ffcc958c000 	C:\WINDOWS\SYSTEM32\dbgcore.DLL
0x00007ffcf1270000 - 0x00007ffcf1315000 	C:\WINDOWS\System32\bcryptPrimitives.dll
0x00007ffcc91b0000 - 0x00007ffcc91d5000 	C:\Program Files\Java\jdk-17\bin\java.dll
0x00007ffcc7f80000 - 0x00007ffcc8057000 	C:\Program Files\Java\jdk-17\bin\jsvml.dll
0x00007ffcf3080000 - 0x00007ffcf37d3000 	C:\WINDOWS\System32\SHELL32.dll
0x00007ffcf1100000 - 0x00007ffcf126a000 	C:\WINDOWS\System32\wintypes.dll
0x00007ffcee830000 - 0x00007ffcef08e000 	C:\WINDOWS\SYSTEM32\windows.storage.dll
0x00007ffcf24c0000 - 0x00007ffcf25b5000 	C:\WINDOWS\System32\SHCORE.dll
0x00007ffcf2fa0000 - 0x00007ffcf3006000 	C:\WINDOWS\System32\shlwapi.dll
0x00007ffcf0b70000 - 0x00007ffcf0b99000 	C:\WINDOWS\SYSTEM32\profapi.dll
0x00007ffcc78e0000 - 0x00007ffcc78f9000 	C:\Program Files\Java\jdk-17\bin\net.dll
0x00007ffce4bd0000 - 0x00007ffce4cf8000 	C:\WINDOWS\SYSTEM32\WINHTTP.dll
0x00007ffceff50000 - 0x00007ffceffbb000 	C:\WINDOWS\system32\mswsock.dll
0x00007ffcc7780000 - 0x00007ffcc7796000 	C:\Program Files\Java\jdk-17\bin\nio.dll
0x00007ffcc7760000 - 0x00007ffcc7778000 	C:\Program Files\Java\jdk-17\bin\zip.dll
0x00007ffcde400000 - 0x00007ffcde424000 	C:\Users\DELL\apache-maven-3.9.11-bin\apache-maven-3.9.11\lib\jansi-native\Windows\x86_64\jansi.dll
0x00007ffcc9590000 - 0x00007ffcc95a0000 	C:\Program Files\Java\jdk-17\bin\verify.dll

dbghelp: loaded successfully - version: 4.0.5 - missing functions: none
symbol engine: initialized successfully - sym options: 0x614 - pdb path: .;C:\Program Files\Java\jdk-17\bin;C:\WINDOWS\SYSTEM32;C:\WINDOWS\WinSxS\amd64_microsoft.windows.common-controls_6595b64144ccf1df_6.0.26100.7309_none_3e05feeae336a044;C:\Program Files\Java\jdk-17\bin\server;C:\Users\DELL\apache-maven-3.9.11-bin\apache-maven-3.9.11\lib\jansi-native\Windows\x86_64

VM Arguments:
jvm_args: --enable-native-access=ALL-UNNAMED -Dclassworlds.conf=C:\Users\DELL\apache-maven-3.9.11-bin\apache-maven-3.9.11\bin\m2.conf -Dmaven.home=C:\Users\DELL\apache-maven-3.9.11-bin\apache-maven-3.9.11 -Dlibrary.jansi.path=C:\Users\DELL\apache-maven-3.9.11-bin\apache-maven-3.9.11\lib\jansi-native -Dmaven.multiModuleProjectDirectory=D:\UEMS\UEMS\server 
java_command: org.codehaus.plexus.classworlds.launcher.Launcher clean install -DskipTests
java_class_path (initial): C:\Users\DELL\apache-maven-3.9.11-bin\apache-maven-3.9.11\boot\plexus-classworlds-2.9.0.jar
Launcher Type: SUN_STANDARD

[Global flags]
     intx CICompilerCount                          = 3                                         {product} {ergonomic}
     uint ConcGCThreads                            = 1                                         {product} {ergonomic}
     uint G1ConcRefinementThreads                  = 4                                         {product} {ergonomic}
   size_t G1HeapRegionSize                         = 1048576                                   {product} {ergonomic}
    uintx GCDrainStackTargetSize                   = 64                                        {product} {ergonomic}
   size_t InitialHeapSize                          = 132120576                                 {product} {ergonomic}
   size_t MarkStackSize                            = 4194304                                   {product} {ergonomic}
   size_t MaxHeapSize                              = 2086666240                                {product} {ergonomic}
   size_t MaxNewSize                               = 1251999744                                {product} {ergonomic}
   size_t MinHeapDeltaBytes                        = 1048576                                   {product} {ergonomic}
   size_t MinHeapSize                              = 8388608                                   {product} {ergonomic}
    uintx NonNMethodCodeHeapSize                   = 5832780                                {pd product} {ergonomic}
    uintx NonProfiledCodeHeapSize                  = 122912730                              {pd product} {ergonomic}
    uintx ProfiledCodeHeapSize                     = 122912730                              {pd product} {ergonomic}
    uintx ReservedCodeCacheSize                    = 251658240                              {pd product} {ergonomic}
     bool SegmentedCodeCache                       = true                                      {product} {ergonomic}
   size_t SoftMaxHeapSize                          = 2086666240                             {manageable} {ergonomic}
     bool UseCompressedClassPointers               = true                           {product lp64_product} {ergonomic}
     bool UseCompressedOops                        = true                           {product lp64_product} {ergonomic}
     bool UseG1GC                                  = true                                      {product} {ergonomic}
     bool UseLargePagesIndividualAllocation        = false                                  {pd product} {ergonomic}

Logging:
Log output configuration:
 #0: stdout all=warning uptime,level,tags
 #1: stderr all=off uptime,level,tags

Environment Variables:
PATH=C:\Program Files\BraveSoftware\Brave-Browser\Application;C:\oraclexe\app\oracle\product\11.2.0\server\bin;C:\Program Files(x86)\Common Files\Oracle\Java\javapath;C:\Program Files\CommonFiles\Java\javapath;C:\WINDOWS\system32;C:\WINDOWS;C:\WINDOWS\System32\Wbem;C:\WINDOWS\System32\WindowsPowerShell\v1.0\;C:\WINDOWS\System32\OpenSSH\;C:\Program Files\dotnet\;C:\MinGW\bin;C:\Program Files\Java\jdk-17\bin;C:\Users\DELL\Downloads\sqlcl-23.4.0.023.2321.zip\sqlcl\bin;C:\Users\DELL\Downloads\sqlcl-23.4.0.023.2321\sqlcl\bin;C:\Program Files\MySQL\MySQL Server 8.0\bin;C:\Program Files (x86)\MySQL\MySQL Server 5.5\bin;C:\Program Files\Git\cmd;C:\Program Files\Git\bin;D:\flutter_windows_3.24.3-stable\flutter\bin;D:\dartsdk-windows-x64-release\dart-sdk\bin;D:\princeton_university\algs4\algs4.jar;C:\Program Files (x86)\Microsoft Visual Studio\COMMON;C:\Program Files\nodejs\;C:\Users\DELL\AppData\Local\Packages\PythonSoftwareFoundation.Python.3.11_qbz5n2kfra8p0\LocalCache\local-packages\Python311\Scripts;C:\Users\DELL\apache-maven-3.9.11-bin\apache-maven-3.9.11\bin;D:\winlibs-i686-posix-dwarf-gcc-15.2.0-mingw-w64ucrt-13.0.0-r2.7z\mingw32\bin;;C:\Program Files\Docker\Docker\resources\bin;C:\Program Files\MySQL\MySQL Shell 8.0\bin\;C:\Users\DELL\AppData\Local\Microsoft\WindowsApps;C:\Program Files\JetBrains\IntelliJ IDEA Community Edition 2022.2.1\bin;;C:\Users\DELL\AppData\Local\Programs\Microsoft VS Code\bin;C:\MinGW\bin;C:\Program Files\JetBrains\PyCharm Community Edition 2022.2.4\bin;;C:\selenium\geckodriver-v0.35.0-win32;C:\Users\DELL\AppData\Local\Microsoft\WinGet\Packages\Schniz.fnm_Microsoft.Winget.Source_8wekyb3d8bbwe;C:\Users\DELL\AppData\Roaming\npm;C:\Users\DELL\AppData\Roaming\pnpm;C:\Users\DELL\AppData\Local\Python\bin
USERNAME=DELL
LANG=en_US.UTF-8
OS=Windows_NT
PROCESSOR_IDENTIFIER=Intel64 Family 6 Model 126 Stepping 5, GenuineIntel



---------------  S Y S T E M  ---------------

OS:
 Windows 11 , 64 bit Build 26100 (10.0.26100.7623)
OS uptime: 36 days 8:32 hours
Hyper-V role detected

CPU: total 4 (initial active 4) (2 cores per cpu, 2 threads per core) family 6 model 126 stepping 5 microcode 0xc2, cx8, cmov, fxsr, ht, mmx, 3dnowpref, sse, sse2, sse3, ssse3, sse4.1, sse4.2, popcnt, lzcnt, tsc, tscinvbit, avx, avx2, aes, erms, clmul, bmi1, bmi2, adx, avx512f, avx512dq, avx512cd, avx512bw, avx512vl, sha, fma, vzeroupper, avx512_vpopcntdq, avx512_vpclmulqdq, avx512_vaes, avx512_vnni, clflush, clflushopt, avx512_vbmi2, avx512_vbmi, hv

Memory: 4k page, system-wide physical 7959M (1074M free)
TotalPageFile size 13684M (AvailPageFile size 11M)
current process WorkingSet (physical memory assigned to process): 122M, peak: 122M
current process commit charge ("private bytes"): 235M, peak: 238M

vm_info: Java HotSpot(TM) 64-Bit Server VM (17.0.8+9-LTS-211) for windows-amd64 JRE (17.0.8+9-LTS-211), built on Jun 14 2023 10:34:31 by "mach5one" with MS VC++ 17.1 (VS2022)

END.
